2024-10-26T03:31:38.739-0300 [DEBUG] [org.gradle.launcher.daemon.bootstrap.DaemonMain] Assuming the daemon was started with following jvm opts: [--add-opens=java.base/java.util=ALL-UNNAMED, --add-opens=java.base/java.lang=ALL-UNNAMED, --add-opens=java.base/java.lang.invoke=ALL-UNNAMED, --add-opens=java.prefs/java.util.prefs=ALL-UNNAMED, --add-opens=java.base/java.nio.charset=ALL-UNNAMED, --add-opens=java.base/java.net=ALL-UNNAMED, --add-opens=java.base/java.util.concurrent.atomic=ALL-UNNAMED, -Xmx2048m, -Dfile.encoding=UTF-8, -Duser.country=BR, -Duser.language=pt, -Duser.variant]
2024-10-26T03:31:38.907-0300 [DEBUG] [org.gradle.internal.nativeintegration.services.NativeServices] Native-platform posix files integration is not available. Continuing with fallback.
2024-10-26T03:31:38.915-0300 [INFO] [org.gradle.launcher.daemon.server.Daemon] start() called on daemon - DefaultDaemonContext[uid=eebdeb97-32c0-4a93-9025-27926902246f,javaHome=C:\Program Files\Android\Android Studio\jbr,daemonRegistryDir=C:\Users\Felipe\AndroidStudioProjects\CakeStock\daemon,pid=16328,idleTimeout=10800000,priority=NORMAL,applyInstrumentationAgent=true,daemonOpts=--add-opens=java.base/java.util=ALL-UNNAMED,--add-opens=java.base/java.lang=ALL-UNNAMED,--add-opens=java.base/java.lang.invoke=ALL-UNNAMED,--add-opens=java.prefs/java.util.prefs=ALL-UNNAMED,--add-opens=java.base/java.nio.charset=ALL-UNNAMED,--add-opens=java.base/java.net=ALL-UNNAMED,--add-opens=java.base/java.util.concurrent.atomic=ALL-UNNAMED,-Xmx2048m,-Dfile.encoding=UTF-8,-Duser.country=BR,-Duser.language=pt,-Duser.variant]
2024-10-26T03:31:38.997-0300 [DEBUG] [org.gradle.internal.remote.internal.inet.InetAddresses] Adding IP addresses for network interface Software Loopback Interface 1
2024-10-26T03:31:38.999-0300 [DEBUG] [org.gradle.internal.remote.internal.inet.InetAddresses] Is this a loopback interface? true
2024-10-26T03:31:38.999-0300 [DEBUG] [org.gradle.internal.remote.internal.inet.InetAddresses] Adding loopback address /127.0.0.1
2024-10-26T03:31:38.999-0300 [DEBUG] [org.gradle.internal.remote.internal.inet.InetAddresses] Adding loopback address /0:0:0:0:0:0:0:1
2024-10-26T03:31:39.000-0300 [DEBUG] [org.gradle.internal.remote.internal.inet.InetAddresses] Adding IP addresses for network interface Microsoft Wi-Fi Direct Virtual Adapter #2
2024-10-26T03:31:39.001-0300 [DEBUG] [org.gradle.internal.remote.internal.inet.InetAddresses] Is this a loopback interface? false
2024-10-26T03:31:39.001-0300 [DEBUG] [org.gradle.internal.remote.internal.inet.InetAddresses] Adding remote address /fe80:0:0:0:e785:e3d1:74bf:93cd%wlan0
2024-10-26T03:31:39.002-0300 [DEBUG] [org.gradle.internal.remote.internal.inet.InetAddresses] Adding IP addresses for network interface Microsoft 6to4 Adapter
2024-10-26T03:31:39.003-0300 [DEBUG] [org.gradle.internal.remote.internal.inet.InetAddresses] Is this a loopback interface? false
2024-10-26T03:31:39.004-0300 [DEBUG] [org.gradle.internal.remote.internal.inet.InetAddresses] Adding IP addresses for network interface VMware Virtual Ethernet Adapter for VMnet8
2024-10-26T03:31:39.005-0300 [DEBUG] [org.gradle.internal.remote.internal.inet.InetAddresses] Is this a loopback interface? false
2024-10-26T03:31:39.006-0300 [DEBUG] [org.gradle.internal.remote.internal.inet.InetAddresses] Adding remote address /192.168.85.1
2024-10-26T03:31:39.006-0300 [DEBUG] [org.gradle.internal.remote.internal.inet.InetAddresses] Adding remote address /fe80:0:0:0:5cc6:de5a:d5ce:d132%eth0
2024-10-26T03:31:39.006-0300 [DEBUG] [org.gradle.internal.remote.internal.inet.InetAddresses] Adding IP addresses for network interface Microsoft IP-HTTPS Platform Adapter
2024-10-26T03:31:39.007-0300 [DEBUG] [org.gradle.internal.remote.internal.inet.InetAddresses] Is this a loopback interface? false
2024-10-26T03:31:39.008-0300 [DEBUG] [org.gradle.internal.remote.internal.inet.InetAddresses] Adding IP addresses for network interface RD9700 USB2.0 To Fast Ethernet Adapter #3
2024-10-26T03:31:39.009-0300 [DEBUG] [org.gradle.internal.remote.internal.inet.InetAddresses] Is this a loopback interface? false
2024-10-26T03:31:39.009-0300 [DEBUG] [org.gradle.internal.remote.internal.inet.InetAddresses] Adding IP addresses for network interface WAN Miniport (IKEv2)
2024-10-26T03:31:39.010-0300 [DEBUG] [org.gradle.internal.remote.internal.inet.InetAddresses] Is this a loopback interface? false
2024-10-26T03:31:39.010-0300 [DEBUG] [org.gradle.internal.remote.internal.inet.InetAddresses] Adding IP addresses for network interface RD9700 USB2.0 To Fast Ethernet Adapter
2024-10-26T03:31:39.011-0300 [DEBUG] [org.gradle.internal.remote.internal.inet.InetAddresses] Is this a loopback interface? false
2024-10-26T03:31:39.012-0300 [DEBUG] [org.gradle.internal.remote.internal.inet.InetAddresses] Adding IP addresses for network interface WAN Miniport (Network Monitor)
2024-10-26T03:31:39.013-0300 [DEBUG] [org.gradle.internal.remote.internal.inet.InetAddresses] Is this a loopback interface? false
2024-10-26T03:31:39.013-0300 [DEBUG] [org.gradle.internal.remote.internal.inet.InetAddresses] Adding IP addresses for network interface WAN Miniport (L2TP)
2024-10-26T03:31:39.014-0300 [DEBUG] [org.gradle.internal.remote.internal.inet.InetAddresses] Is this a loopback interface? false
2024-10-26T03:31:39.015-0300 [DEBUG] [org.gradle.internal.remote.internal.inet.InetAddresses] Adding IP addresses for network interface WAN Miniport (IPv6)
2024-10-26T03:31:39.016-0300 [DEBUG] [org.gradle.internal.remote.internal.inet.InetAddresses] Is this a loopback interface? false
2024-10-26T03:31:39.016-0300 [DEBUG] [org.gradle.internal.remote.internal.inet.InetAddresses] Adding IP addresses for network interface WAN Miniport (PPTP)
2024-10-26T03:31:39.019-0300 [DEBUG] [org.gradle.internal.remote.internal.inet.InetAddresses] Is this a loopback interface? false
2024-10-26T03:31:39.019-0300 [DEBUG] [org.gradle.internal.remote.internal.inet.InetAddresses] Adding IP addresses for network interface Bluetooth Device (Personal Area Network)
2024-10-26T03:31:39.021-0300 [DEBUG] [org.gradle.internal.remote.internal.inet.InetAddresses] Is this a loopback interface? false
2024-10-26T03:31:39.021-0300 [DEBUG] [org.gradle.internal.remote.internal.inet.InetAddresses] Adding IP addresses for network interface Microsoft Kernel Debug Network Adapter
2024-10-26T03:31:39.022-0300 [DEBUG] [org.gradle.internal.remote.internal.inet.InetAddresses] Is this a loopback interface? false
2024-10-26T03:31:39.022-0300 [DEBUG] [org.gradle.internal.remote.internal.inet.InetAddresses] Adding IP addresses for network interface Microsoft Teredo Tunneling Adapter
2024-10-26T03:31:39.023-0300 [DEBUG] [org.gradle.internal.remote.internal.inet.InetAddresses] Is this a loopback interface? false
2024-10-26T03:31:39.024-0300 [DEBUG] [org.gradle.internal.remote.internal.inet.InetAddresses] Adding IP addresses for network interface WAN Miniport (SSTP)
2024-10-26T03:31:39.025-0300 [DEBUG] [org.gradle.internal.remote.internal.inet.InetAddresses] Is this a loopback interface? false
2024-10-26T03:31:39.025-0300 [DEBUG] [org.gradle.internal.remote.internal.inet.InetAddresses] Adding IP addresses for network interface Intel(R) Wireless-AC 9462
2024-10-26T03:31:39.026-0300 [DEBUG] [org.gradle.internal.remote.internal.inet.InetAddresses] Is this a loopback interface? false
2024-10-26T03:31:39.026-0300 [DEBUG] [org.gradle.internal.remote.internal.inet.InetAddresses] Adding remote address /192.168.0.13
2024-10-26T03:31:39.026-0300 [DEBUG] [org.gradle.internal.remote.internal.inet.InetAddresses] Adding remote address /2804:14c:4569:157:e7aa:8a8f:d1da:ac81
2024-10-26T03:31:39.027-0300 [DEBUG] [org.gradle.internal.remote.internal.inet.InetAddresses] Adding remote address /2804:14c:4569:157:e0d2:7871:bd6d:e076
2024-10-26T03:31:39.027-0300 [DEBUG] [org.gradle.internal.remote.internal.inet.InetAddresses] Adding remote address /fe80:0:0:0:8503:5007:b370:17e8%wlan1
2024-10-26T03:31:39.027-0300 [DEBUG] [org.gradle.internal.remote.internal.inet.InetAddresses] Adding IP addresses for network interface WAN Miniport (PPPOE)
2024-10-26T03:31:39.028-0300 [DEBUG] [org.gradle.internal.remote.internal.inet.InetAddresses] Is this a loopback interface? false
2024-10-26T03:31:39.029-0300 [DEBUG] [org.gradle.internal.remote.internal.inet.InetAddresses] Adding IP addresses for network interface WAN Miniport (IP)
2024-10-26T03:31:39.030-0300 [DEBUG] [org.gradle.internal.remote.internal.inet.InetAddresses] Is this a loopback interface? false
2024-10-26T03:31:39.031-0300 [DEBUG] [org.gradle.internal.remote.internal.inet.InetAddresses] Adding IP addresses for network interface Microsoft Wi-Fi Direct Virtual Adapter
2024-10-26T03:31:39.032-0300 [DEBUG] [org.gradle.internal.remote.internal.inet.InetAddresses] Is this a loopback interface? false
2024-10-26T03:31:39.032-0300 [DEBUG] [org.gradle.internal.remote.internal.inet.InetAddresses] Adding remote address /fe80:0:0:0:512e:282d:5ed0:fa0e%wlan2
2024-10-26T03:31:39.032-0300 [DEBUG] [org.gradle.internal.remote.internal.inet.InetAddresses] Adding IP addresses for network interface RD9700 USB2.0 To Fast Ethernet Adapter #2
2024-10-26T03:31:39.038-0300 [DEBUG] [org.gradle.internal.remote.internal.inet.InetAddresses] Is this a loopback interface? false
2024-10-26T03:31:39.038-0300 [DEBUG] [org.gradle.internal.remote.internal.inet.InetAddresses] Adding IP addresses for network interface VMware Virtual Ethernet Adapter for VMnet1
2024-10-26T03:31:39.040-0300 [DEBUG] [org.gradle.internal.remote.internal.inet.InetAddresses] Is this a loopback interface? false
2024-10-26T03:31:39.040-0300 [DEBUG] [org.gradle.internal.remote.internal.inet.InetAddresses] Adding remote address /192.168.163.1
2024-10-26T03:31:39.040-0300 [DEBUG] [org.gradle.internal.remote.internal.inet.InetAddresses] Adding remote address /fe80:0:0:0:6f4e:149a:a875:180e%eth8
2024-10-26T03:31:39.040-0300 [DEBUG] [org.gradle.internal.remote.internal.inet.InetAddresses] Adding IP addresses for network interface Intel(R) Wireless-AC 9462-WFP Native MAC Layer LightWeight Filter-0000
2024-10-26T03:31:39.042-0300 [DEBUG] [org.gradle.internal.remote.internal.inet.InetAddresses] Is this a loopback interface? false
2024-10-26T03:31:39.042-0300 [DEBUG] [org.gradle.internal.remote.internal.inet.InetAddresses] Adding IP addresses for network interface Intel(R) Wireless-AC 9462-Virtual WiFi Filter Driver-0000
2024-10-26T03:31:39.043-0300 [DEBUG] [org.gradle.internal.remote.internal.inet.InetAddresses] Is this a loopback interface? false
2024-10-26T03:31:39.043-0300 [DEBUG] [org.gradle.internal.remote.internal.inet.InetAddresses] Adding IP addresses for network interface Intel(R) Wireless-AC 9462-Native WiFi Filter Driver-0000
2024-10-26T03:31:39.044-0300 [DEBUG] [org.gradle.internal.remote.internal.inet.InetAddresses] Is this a loopback interface? false
2024-10-26T03:31:39.044-0300 [DEBUG] [org.gradle.internal.remote.internal.inet.InetAddresses] Adding IP addresses for network interface Intel(R) Wireless-AC 9462-QoS Packet Scheduler-0000
2024-10-26T03:31:39.046-0300 [DEBUG] [org.gradle.internal.remote.internal.inet.InetAddresses] Is this a loopback interface? false
2024-10-26T03:31:39.046-0300 [DEBUG] [org.gradle.internal.remote.internal.inet.InetAddresses] Adding IP addresses for network interface Intel(R) Wireless-AC 9462-WFP 802.3 MAC Layer LightWeight Filter-0000
2024-10-26T03:31:39.047-0300 [DEBUG] [org.gradle.internal.remote.internal.inet.InetAddresses] Is this a loopback interface? false
2024-10-26T03:31:39.047-0300 [DEBUG] [org.gradle.internal.remote.internal.inet.InetAddresses] Adding IP addresses for network interface Microsoft Wi-Fi Direct Virtual Adapter-WFP Native MAC Layer LightWeight Filter-0000
2024-10-26T03:31:39.048-0300 [DEBUG] [org.gradle.internal.remote.internal.inet.InetAddresses] Is this a loopback interface? false
2024-10-26T03:31:39.048-0300 [DEBUG] [org.gradle.internal.remote.internal.inet.InetAddresses] Adding IP addresses for network interface Microsoft Wi-Fi Direct Virtual Adapter-Native WiFi Filter Driver-0000
2024-10-26T03:31:39.049-0300 [DEBUG] [org.gradle.internal.remote.internal.inet.InetAddresses] Is this a loopback interface? false
2024-10-26T03:31:39.049-0300 [DEBUG] [org.gradle.internal.remote.internal.inet.InetAddresses] Adding IP addresses for network interface Microsoft Wi-Fi Direct Virtual Adapter-QoS Packet Scheduler-0000
2024-10-26T03:31:39.050-0300 [DEBUG] [org.gradle.internal.remote.internal.inet.InetAddresses] Is this a loopback interface? false
2024-10-26T03:31:39.050-0300 [DEBUG] [org.gradle.internal.remote.internal.inet.InetAddresses] Adding IP addresses for network interface Microsoft Wi-Fi Direct Virtual Adapter-WFP 802.3 MAC Layer LightWeight Filter-0000
2024-10-26T03:31:39.051-0300 [DEBUG] [org.gradle.internal.remote.internal.inet.InetAddresses] Is this a loopback interface? false
2024-10-26T03:31:39.051-0300 [DEBUG] [org.gradle.internal.remote.internal.inet.InetAddresses] Adding IP addresses for network interface Microsoft Wi-Fi Direct Virtual Adapter #2-WFP Native MAC Layer LightWeight Filter-0000
2024-10-26T03:31:39.052-0300 [DEBUG] [org.gradle.internal.remote.internal.inet.InetAddresses] Is this a loopback interface? false
2024-10-26T03:31:39.052-0300 [DEBUG] [org.gradle.internal.remote.internal.inet.InetAddresses] Adding IP addresses for network interface Microsoft Wi-Fi Direct Virtual Adapter #2-Native WiFi Filter Driver-0000
2024-10-26T03:31:39.054-0300 [DEBUG] [org.gradle.internal.remote.internal.inet.InetAddresses] Is this a loopback interface? false
2024-10-26T03:31:39.054-0300 [DEBUG] [org.gradle.internal.remote.internal.inet.InetAddresses] Adding IP addresses for network interface Microsoft Wi-Fi Direct Virtual Adapter #2-QoS Packet Scheduler-0000
2024-10-26T03:31:39.055-0300 [DEBUG] [org.gradle.internal.remote.internal.inet.InetAddresses] Is this a loopback interface? false
2024-10-26T03:31:39.055-0300 [DEBUG] [org.gradle.internal.remote.internal.inet.InetAddresses] Adding IP addresses for network interface Microsoft Wi-Fi Direct Virtual Adapter #2-WFP 802.3 MAC Layer LightWeight Filter-0000
2024-10-26T03:31:39.056-0300 [DEBUG] [org.gradle.internal.remote.internal.inet.InetAddresses] Is this a loopback interface? false
2024-10-26T03:31:39.056-0300 [DEBUG] [org.gradle.internal.remote.internal.inet.InetAddresses] Adding IP addresses for network interface WAN Miniport (IP)-WFP Native MAC Layer LightWeight Filter-0000
2024-10-26T03:31:39.057-0300 [DEBUG] [org.gradle.internal.remote.internal.inet.InetAddresses] Is this a loopback interface? false
2024-10-26T03:31:39.057-0300 [DEBUG] [org.gradle.internal.remote.internal.inet.InetAddresses] Adding IP addresses for network interface WAN Miniport (IP)-QoS Packet Scheduler-0000
2024-10-26T03:31:39.058-0300 [DEBUG] [org.gradle.internal.remote.internal.inet.InetAddresses] Is this a loopback interface? false
2024-10-26T03:31:39.058-0300 [DEBUG] [org.gradle.internal.remote.internal.inet.InetAddresses] Adding IP addresses for network interface WAN Miniport (IPv6)-WFP Native MAC Layer LightWeight Filter-0000
2024-10-26T03:31:39.059-0300 [DEBUG] [org.gradle.internal.remote.internal.inet.InetAddresses] Is this a loopback interface? false
2024-10-26T03:31:39.059-0300 [DEBUG] [org.gradle.internal.remote.internal.inet.InetAddresses] Adding IP addresses for network interface WAN Miniport (IPv6)-QoS Packet Scheduler-0000
2024-10-26T03:31:39.060-0300 [DEBUG] [org.gradle.internal.remote.internal.inet.InetAddresses] Is this a loopback interface? false
2024-10-26T03:31:39.060-0300 [DEBUG] [org.gradle.internal.remote.internal.inet.InetAddresses] Adding IP addresses for network interface WAN Miniport (Network Monitor)-WFP Native MAC Layer LightWeight Filter-0000
2024-10-26T03:31:39.061-0300 [DEBUG] [org.gradle.internal.remote.internal.inet.InetAddresses] Is this a loopback interface? false
2024-10-26T03:31:39.061-0300 [DEBUG] [org.gradle.internal.remote.internal.inet.InetAddresses] Adding IP addresses for network interface WAN Miniport (Network Monitor)-QoS Packet Scheduler-0000
2024-10-26T03:31:39.062-0300 [DEBUG] [org.gradle.internal.remote.internal.inet.InetAddresses] Is this a loopback interface? false
2024-10-26T03:31:39.066-0300 [DEBUG] [org.gradle.internal.remote.internal.inet.TcpIncomingConnector] Listening on [31c3e218-b7e2-4ac3-a934-4fc321cbbc0e port:55272, addresses:[localhost/127.0.0.1]].
2024-10-26T03:31:39.081-0300 [DEBUG] [org.gradle.launcher.daemon.server.Daemon] Daemon starting at: Sat Oct 26 03:31:39 BRT 2024, with address: [31c3e218-b7e2-4ac3-a934-4fc321cbbc0e port:55272, addresses:[localhost/127.0.0.1]]
2024-10-26T03:31:39.081-0300 [INFO] [org.gradle.launcher.daemon.server.DaemonRegistryUpdater] Advertising the daemon address to the clients: [31c3e218-b7e2-4ac3-a934-4fc321cbbc0e port:55272, addresses:[localhost/127.0.0.1]]
2024-10-26T03:31:39.081-0300 [DEBUG] [org.gradle.launcher.daemon.server.DaemonRegistryUpdater] Advertised daemon context: DefaultDaemonContext[uid=eebdeb97-32c0-4a93-9025-27926902246f,javaHome=C:\Program Files\Android\Android Studio\jbr,daemonRegistryDir=C:\Users\Felipe\AndroidStudioProjects\CakeStock\daemon,pid=16328,idleTimeout=10800000,priority=NORMAL,applyInstrumentationAgent=true,daemonOpts=--add-opens=java.base/java.util=ALL-UNNAMED,--add-opens=java.base/java.lang=ALL-UNNAMED,--add-opens=java.base/java.lang.invoke=ALL-UNNAMED,--add-opens=java.prefs/java.util.prefs=ALL-UNNAMED,--add-opens=java.base/java.nio.charset=ALL-UNNAMED,--add-opens=java.base/java.net=ALL-UNNAMED,--add-opens=java.base/java.util.concurrent.atomic=ALL-UNNAMED,-Xmx2048m,-Dfile.encoding=UTF-8,-Duser.country=BR,-Duser.language=pt,-Duser.variant]
2024-10-26T03:31:39.082-0300 [DEBUG] [org.gradle.launcher.daemon.registry.PersistentDaemonRegistry] Storing daemon address: [31c3e218-b7e2-4ac3-a934-4fc321cbbc0e port:55272, addresses:[localhost/127.0.0.1]], context: DefaultDaemonContext[uid=eebdeb97-32c0-4a93-9025-27926902246f,javaHome=C:\Program Files\Android\Android Studio\jbr,daemonRegistryDir=C:\Users\Felipe\AndroidStudioProjects\CakeStock\daemon,pid=16328,idleTimeout=10800000,priority=NORMAL,applyInstrumentationAgent=true,daemonOpts=--add-opens=java.base/java.util=ALL-UNNAMED,--add-opens=java.base/java.lang=ALL-UNNAMED,--add-opens=java.base/java.lang.invoke=ALL-UNNAMED,--add-opens=java.prefs/java.util.prefs=ALL-UNNAMED,--add-opens=java.base/java.nio.charset=ALL-UNNAMED,--add-opens=java.base/java.net=ALL-UNNAMED,--add-opens=java.base/java.util.concurrent.atomic=ALL-UNNAMED,-Xmx2048m,-Dfile.encoding=UTF-8,-Duser.country=BR,-Duser.language=pt,-Duser.variant]
2024-10-26T03:31:39.089-0300 [DEBUG] [org.gradle.cache.internal.DefaultFileLockManager] Waiting to acquire exclusive lock on daemon addresses registry.
2024-10-26T03:31:39.092-0300 [DEBUG] [org.gradle.cache.internal.DefaultFileLockManager] Lock acquired on daemon addresses registry.
2024-10-26T03:31:39.095-0300 [DEBUG] [org.gradle.cache.internal.DefaultFileLockManager] Releasing lock on daemon addresses registry.
2024-10-26T03:31:39.095-0300 [LIFECYCLE] [org.gradle.launcher.daemon.server.Daemon] Daemon server started.
2024-10-26T03:31:39.095-0300 [DEBUG] [org.gradle.launcher.daemon.bootstrap.DaemonStartupCommunication] Completed writing the daemon greeting. Closing streams...
2024-10-26T03:31:39.099-0300 [DEBUG] [org.gradle.internal.remote.internal.inet.TcpIncomingConnector] Accepted connection from /127.0.0.1:55273 to /127.0.0.1:55272.
2024-10-26T03:31:39.099-0300 [DEBUG] [org.gradle.launcher.daemon.server.Daemon] stopOnExpiration() called on daemon
2024-10-26T03:31:39.100-0300 [DEBUG] [org.gradle.launcher.daemon.server.Daemon] awaitExpiration() called on daemon
2024-10-26T03:31:39.101-0300 [DEBUG] [org.gradle.launcher.daemon.server.DaemonStateCoordinator] daemon is running. Sleeping until state changes.
2024-10-26T03:31:39.162-0300 [DEBUG] [org.gradle.launcher.daemon.server.SynchronizedDispatchConnection] thread 22: received class org.gradle.launcher.daemon.protocol.Build
2024-10-26T03:31:39.162-0300 [DEBUG] [org.gradle.launcher.daemon.server.DefaultDaemonConnection] thread 22: Received non-IO message from client: Build{id=edf74f0c-4263-4fab-8e79-b04c0747affa, currentDir=C:\Users\Felipe\AndroidStudioProjects\CakeStock}
2024-10-26T03:31:39.162-0300 [INFO] [org.gradle.launcher.daemon.server.DefaultIncomingConnectionHandler] Received command: Build{id=edf74f0c-4263-4fab-8e79-b04c0747affa, currentDir=C:\Users\Felipe\AndroidStudioProjects\CakeStock}.
2024-10-26T03:31:39.162-0300 [DEBUG] [org.gradle.launcher.daemon.server.DefaultIncomingConnectionHandler] Starting executing command: Build{id=edf74f0c-4263-4fab-8e79-b04c0747affa, currentDir=C:\Users\Felipe\AndroidStudioProjects\CakeStock} with connection: socket connection from /127.0.0.1:55272 to /127.0.0.1:55273.
2024-10-26T03:31:39.164-0300 [DEBUG] [org.gradle.launcher.daemon.server.DaemonStateCoordinator] Command execution: started DaemonCommandExecution[command = Build{id=edf74f0c-4263-4fab-8e79-b04c0747affa, currentDir=C:\Users\Felipe\AndroidStudioProjects\CakeStock}, connection = DefaultDaemonConnection: socket connection from /127.0.0.1:55272 to /127.0.0.1:55273] after 0.0 minutes of idle
2024-10-26T03:31:39.164-0300 [INFO] [org.gradle.launcher.daemon.server.DaemonRegistryUpdater] Marking the daemon as busy, address: [31c3e218-b7e2-4ac3-a934-4fc321cbbc0e port:55272, addresses:[localhost/127.0.0.1]]
2024-10-26T03:31:39.164-0300 [DEBUG] [org.gradle.launcher.daemon.registry.PersistentDaemonRegistry] Marking busy by address: [31c3e218-b7e2-4ac3-a934-4fc321cbbc0e port:55272, addresses:[localhost/127.0.0.1]]
2024-10-26T03:31:39.165-0300 [DEBUG] [org.gradle.cache.internal.DefaultFileLockManager] Waiting to acquire exclusive lock on daemon addresses registry.
2024-10-26T03:31:39.165-0300 [DEBUG] [org.gradle.cache.internal.DefaultFileLockManager] Lock acquired on daemon addresses registry.
2024-10-26T03:31:39.165-0300 [DEBUG] [org.gradle.cache.internal.DefaultFileLockManager] Releasing lock on daemon addresses registry.
2024-10-26T03:31:39.166-0300 [DEBUG] [org.gradle.launcher.daemon.server.DaemonStateCoordinator] resetting idle timer
2024-10-26T03:31:39.166-0300 [DEBUG] [org.gradle.launcher.daemon.server.DaemonStateCoordinator] daemon is running. Sleeping until state changes.
2024-10-26T03:31:39.166-0300 [INFO] [org.gradle.launcher.daemon.server.exec.StartBuildOrRespondWithBusy] Daemon is about to start building Build{id=edf74f0c-4263-4fab-8e79-b04c0747affa, currentDir=C:\Users\Felipe\AndroidStudioProjects\CakeStock}. Dispatching build started information...
2024-10-26T03:31:39.166-0300 [DEBUG] [org.gradle.launcher.daemon.server.SynchronizedDispatchConnection] thread 24: dispatching org.gradle.launcher.daemon.protocol.BuildStarted@4a9fd306
2024-10-26T03:31:39.167-0300 [DEBUG] [org.gradle.launcher.daemon.server.exec.EstablishBuildEnvironment] Configuring env variables: [USERDOMAIN_ROAMINGPROFILE, PROCESSOR_LEVEL, SESSIONNAME, ALLUSERSPROFILE, PROCESSOR_ARCHITECTURE, PSModulePath, SystemDrive, JRE_HOME, USERNAME, ProgramFiles(x86), FPS_BROWSER_USER_PROFILE_STRING, PATHEXT, DriverData, OneDriveConsumer, ProgramData, ProgramW6432, HOMEPATH, PROCESSOR_IDENTIFIER, ProgramFiles, PUBLIC, windir, =::, EFC_17004, ZES_ENABLE_SYSMAN, OneDriveCommercial, LOCALAPPDATA, USERDOMAIN, LOGONSERVER, FPS_BROWSER_APP_PROFILE_STRING, JAVA_HOME, OneDrive, APPDATA, CommonProgramFiles, Path, ANDROID_SDK_HOME, OS, COMPUTERNAME, PROCESSOR_REVISION, CommonProgramW6432, ComSpec, TEMP, SystemRoot, HOMEDRIVE, USERPROFILE, TMP, CommonProgramFiles(x86), NUMBER_OF_PROCESSORS, IDEA_INITIAL_DIRECTORY]
2024-10-26T03:31:39.167-0300 [DEBUG] [org.gradle.launcher.daemon.server.SynchronizedDispatchConnection] thread 22: received class org.gradle.launcher.daemon.protocol.CloseInput
2024-10-26T03:31:39.167-0300 [DEBUG] [org.gradle.launcher.daemon.server.DefaultDaemonConnection] thread 22: Received IO message from client: org.gradle.launcher.daemon.protocol.CloseInput@37deafcb
2024-10-26T03:31:39.170-0300 [DEBUG] [org.gradle.launcher.daemon.server.exec.LogToClient] About to start relaying all logs to the client via the connection.
2024-10-26T03:31:39.170-0300 [INFO] [org.gradle.launcher.daemon.server.exec.LogToClient] The client will now receive all logging from the daemon (pid: 16328). The daemon log file: C:\Users\Felipe\AndroidStudioProjects\CakeStock\daemon\8.7\daemon-16328.out.log
2024-10-26T03:31:39.172-0300 [INFO] [org.gradle.launcher.daemon.server.exec.LogAndCheckHealth] Starting build in new daemon [memory: 2 GiB]
2024-10-26T03:31:39.173-0300 [INFO] [org.gradle.launcher.daemon.server.exec.ForwardClientInput] Closing daemon's stdin at end of input.
2024-10-26T03:31:39.173-0300 [INFO] [org.gradle.launcher.daemon.server.exec.ForwardClientInput] The daemon will no longer process any standard input.
2024-10-26T03:31:39.173-0300 [DEBUG] [org.gradle.launcher.daemon.server.exec.ExecuteBuild] The daemon has started executing the build.
2024-10-26T03:31:39.174-0300 [DEBUG] [org.gradle.launcher.daemon.server.exec.ExecuteBuild] Executing build with daemon context: DefaultDaemonContext[uid=eebdeb97-32c0-4a93-9025-27926902246f,javaHome=C:\Program Files\Android\Android Studio\jbr,daemonRegistryDir=C:\Users\Felipe\AndroidStudioProjects\CakeStock\daemon,pid=16328,idleTimeout=10800000,priority=NORMAL,applyInstrumentationAgent=true,daemonOpts=--add-opens=java.base/java.util=ALL-UNNAMED,--add-opens=java.base/java.lang=ALL-UNNAMED,--add-opens=java.base/java.lang.invoke=ALL-UNNAMED,--add-opens=java.prefs/java.util.prefs=ALL-UNNAMED,--add-opens=java.base/java.nio.charset=ALL-UNNAMED,--add-opens=java.base/java.net=ALL-UNNAMED,--add-opens=java.base/java.util.concurrent.atomic=ALL-UNNAMED,-Xmx2048m,-Dfile.encoding=UTF-8,-Duser.country=BR,-Duser.language=pt,-Duser.variant]

BUILD SUCCESSFUL in 10s
33 actionable tasks: 33 up-to-date
2024-10-26T03:31:48.081-0300 [DEBUG] [org.gradle.launcher.daemon.server.exec.ExecuteBuild] The daemon has finished executing the build.
2024-10-26T03:31:48.097-0300 [DEBUG] [org.gradle.launcher.daemon.server.DaemonStateCoordinator] daemon is running. Sleeping until state changes.
2024-10-26T03:31:48.098-0300 [DEBUG] [org.gradle.launcher.daemon.server.DaemonStateCoordinator] Command execution: finished waiting for DaemonCommandExecution[command = Build{id=edf74f0c-4263-4fab-8e79-b04c0747affa, currentDir=C:\Users\Felipe\AndroidStudioProjects\CakeStock}, connection = DefaultDaemonConnection: socket connection from /127.0.0.1:55272 to /127.0.0.1:55273]. Result org.gradle.launcher.daemon.server.DaemonStateCoordinator@214741ca with state Busy
2024-10-26T03:31:48.098-0300 [DEBUG] [org.gradle.launcher.daemon.server.DaemonStateCoordinator] Command execution: completed DaemonCommandExecution[command = Build{id=edf74f0c-4263-4fab-8e79-b04c0747affa, currentDir=C:\Users\Felipe\AndroidStudioProjects\CakeStock}, connection = DefaultDaemonConnection: socket connection from /127.0.0.1:55272 to /127.0.0.1:55273]
2024-10-26T03:31:48.098-0300 [DEBUG] [org.gradle.launcher.daemon.server.DaemonStateCoordinator] resetting idle timer
2024-10-26T03:31:48.098-0300 [INFO] [org.gradle.launcher.daemon.server.DaemonRegistryUpdater] Marking the daemon as idle, address: [31c3e218-b7e2-4ac3-a934-4fc321cbbc0e port:55272, addresses:[localhost/127.0.0.1]]
2024-10-26T03:31:48.098-0300 [DEBUG] [org.gradle.launcher.daemon.registry.PersistentDaemonRegistry] Marking busy by address: [31c3e218-b7e2-4ac3-a934-4fc321cbbc0e port:55272, addresses:[localhost/127.0.0.1]]
2024-10-26T03:31:48.099-0300 [DEBUG] [org.gradle.cache.internal.DefaultFileLockManager] Waiting to acquire exclusive lock on daemon addresses registry.
2024-10-26T03:31:48.100-0300 [DEBUG] [org.gradle.cache.internal.DefaultFileLockManager] Lock acquired on daemon addresses registry.
2024-10-26T03:31:48.101-0300 [DEBUG] [org.gradle.cache.internal.DefaultFileLockManager] Releasing lock on daemon addresses registry.
2024-10-26T03:31:48.101-0300 [DEBUG] [org.gradle.launcher.daemon.server.DaemonStateCoordinator] daemon is running. Sleeping until state changes.
2024-10-26T03:31:48.101-0300 [DEBUG] [org.gradle.launcher.daemon.server.exec.ReturnResult] Daemon is dispatching the build result: Success[value=org.gradle.launcher.exec.BuildActionResult@2c5401b8]
2024-10-26T03:31:48.101-0300 [DEBUG] [org.gradle.launcher.daemon.server.SynchronizedDispatchConnection] thread 21: dispatching Success[value=org.gradle.launcher.exec.BuildActionResult@2c5401b8]
2024-10-26T03:31:48.102-0300 [DEBUG] [org.gradle.launcher.daemon.server.SynchronizedDispatchConnection] thread 22: received class org.gradle.launcher.daemon.protocol.Finished
2024-10-26T03:31:48.103-0300 [DEBUG] [org.gradle.launcher.daemon.server.DefaultDaemonConnection] thread 22: Received non-IO message from client: org.gradle.launcher.daemon.protocol.Finished@4e6f66eb
2024-10-26T03:31:48.103-0300 [DEBUG] [org.gradle.internal.remote.internal.inet.SocketConnection] Discarding EOFException: java.io.EOFException
2024-10-26T03:31:48.103-0300 [DEBUG] [org.gradle.launcher.daemon.server.SynchronizedDispatchConnection] thread 22: received null
2024-10-26T03:31:48.103-0300 [DEBUG] [org.gradle.launcher.daemon.server.DefaultDaemonConnection] thread 22: Received end-of-input from client.
2024-10-26T03:31:48.104-0300 [DEBUG] [org.gradle.launcher.daemon.server.exec.CleanUpVirtualFileSystemAfterBuild] Cleaning virtual file system after build finished
2024-10-26T03:31:48.104-0300 [DEBUG] [org.gradle.launcher.daemon.server.DefaultIncomingConnectionHandler] Finishing executing command: Build{id=edf74f0c-4263-4fab-8e79-b04c0747affa, currentDir=C:\Users\Felipe\AndroidStudioProjects\CakeStock}
2024-10-26T03:31:48.104-0300 [WARN] [org.gradle.launcher.daemon.server.DefaultIncomingConnectionHandler] Timed out waiting for finished message from client socket connection from /127.0.0.1:55272 to /127.0.0.1:55273. Discarding connection.
2024-10-26T03:31:48.104-0300 [DEBUG] [org.gradle.launcher.daemon.server.SynchronizedDispatchConnection] thread 21: stopping connection
2024-10-26T03:31:48.106-0300 [DEBUG] [org.gradle.launcher.daemon.server.SynchronizedDispatchConnection] thread 21: stopping connection
2024-10-26T03:31:48.180-0300 [DEBUG] [org.gradle.process.internal.health.memory.DefaultMemoryManager] 826022707 physical memory requested, 390864896 free
2024-10-26T03:31:48.181-0300 [DEBUG] [org.gradle.workers.internal.WorkerDaemonExpiration] Will attempt to release 787 of memory
2024-10-26T03:31:48.186-0300 [DEBUG] [org.gradle.process.internal.health.memory.DefaultMemoryManager] 826022707 physical memory requested, 0 released, 390864896 free
2024-10-26T03:31:49.112-0300 [DEBUG] [org.gradle.cache.internal.DefaultFileLockManager] Waiting to acquire shared lock on daemon addresses registry.
2024-10-26T03:31:49.113-0300 [DEBUG] [org.gradle.cache.internal.DefaultFileLockManager] Lock acquired on daemon addresses registry.
2024-10-26T03:31:49.114-0300 [DEBUG] [org.gradle.cache.internal.DefaultFileLockManager] Releasing lock on daemon addresses registry.
2024-10-26T03:31:49.117-0300 [DEBUG] [org.gradle.cache.internal.DefaultFileLockManager] Waiting to acquire shared lock on daemon addresses registry.
2024-10-26T03:31:49.117-0300 [DEBUG] [org.gradle.cache.internal.DefaultFileLockManager] Lock acquired on daemon addresses registry.
2024-10-26T03:31:49.118-0300 [DEBUG] [org.gradle.cache.internal.DefaultFileLockManager] Releasing lock on daemon addresses registry.
2024-10-26T03:31:53.181-0300 [DEBUG] [org.gradle.process.internal.health.memory.DefaultMemoryManager] 826022707 physical memory requested, 358211584 free
2024-10-26T03:31:53.182-0300 [DEBUG] [org.gradle.workers.internal.WorkerDaemonExpiration] Will attempt to release 787 of memory
2024-10-26T03:31:53.182-0300 [DEBUG] [org.gradle.process.internal.health.memory.DefaultMemoryManager] 826022707 physical memory requested, 0 released, 358211584 free
2024-10-26T03:31:58.185-0300 [DEBUG] [org.gradle.process.internal.health.memory.DefaultMemoryManager] 826022707 physical memory requested, 346468352 free
2024-10-26T03:31:58.186-0300 [DEBUG] [org.gradle.workers.internal.WorkerDaemonExpiration] Will attempt to release 787 of memory
2024-10-26T03:31:58.186-0300 [DEBUG] [org.gradle.process.internal.health.memory.DefaultMemoryManager] 826022707 physical memory requested, 0 released, 346468352 free
2024-10-26T03:31:59.113-0300 [DEBUG] [org.gradle.cache.internal.DefaultFileLockManager] Waiting to acquire shared lock on daemon addresses registry.
2024-10-26T03:31:59.114-0300 [DEBUG] [org.gradle.cache.internal.DefaultFileLockManager] Lock acquired on daemon addresses registry.
2024-10-26T03:31:59.114-0300 [DEBUG] [org.gradle.cache.internal.DefaultFileLockManager] Releasing lock on daemon addresses registry.
2024-10-26T03:31:59.116-0300 [DEBUG] [org.gradle.cache.internal.DefaultFileLockManager] Waiting to acquire shared lock on daemon addresses registry.
2024-10-26T03:31:59.117-0300 [DEBUG] [org.gradle.cache.internal.DefaultFileLockManager] Lock acquired on daemon addresses registry.
2024-10-26T03:31:59.117-0300 [DEBUG] [org.gradle.cache.internal.DefaultFileLockManager] Releasing lock on daemon addresses registry.
2024-10-26T03:31:59.118-0300 [DEBUG] [org.gradle.cache.internal.DefaultFileLockManager] Waiting to acquire shared lock on daemon addresses registry.
2024-10-26T03:31:59.118-0300 [DEBUG] [org.gradle.cache.internal.DefaultFileLockManager] Lock acquired on daemon addresses registry.
2024-10-26T03:31:59.119-0300 [DEBUG] [org.gradle.cache.internal.DefaultFileLockManager] Releasing lock on daemon addresses registry.
2024-10-26T03:32:03.183-0300 [DEBUG] [org.gradle.process.internal.health.memory.DefaultMemoryManager] 826022707 physical memory requested, 329940992 free
2024-10-26T03:32:03.183-0300 [DEBUG] [org.gradle.workers.internal.WorkerDaemonExpiration] Will attempt to release 787 of memory
2024-10-26T03:32:03.183-0300 [DEBUG] [org.gradle.process.internal.health.memory.DefaultMemoryManager] 826022707 physical memory requested, 0 released, 329940992 free
2024-10-26T03:32:08.196-0300 [DEBUG] [org.gradle.process.internal.health.memory.DefaultMemoryManager] 826022707 physical memory requested, 326070272 free
2024-10-26T03:32:08.196-0300 [DEBUG] [org.gradle.workers.internal.WorkerDaemonExpiration] Will attempt to release 787 of memory
2024-10-26T03:32:08.196-0300 [DEBUG] [org.gradle.process.internal.health.memory.DefaultMemoryManager] 826022707 physical memory requested, 0 released, 326070272 free
2024-10-26T03:32:09.103-0300 [DEBUG] [org.gradle.cache.internal.DefaultFileLockManager] Waiting to acquire shared lock on daemon addresses registry.
2024-10-26T03:32:09.103-0300 [DEBUG] [org.gradle.cache.internal.DefaultFileLockManager] Lock acquired on daemon addresses registry.
2024-10-26T03:32:09.104-0300 [DEBUG] [org.gradle.cache.internal.DefaultFileLockManager] Releasing lock on daemon addresses registry.
2024-10-26T03:32:09.105-0300 [DEBUG] [org.gradle.cache.internal.DefaultFileLockManager] Waiting to acquire shared lock on daemon addresses registry.
2024-10-26T03:32:09.106-0300 [DEBUG] [org.gradle.cache.internal.DefaultFileLockManager] Lock acquired on daemon addresses registry.
2024-10-26T03:32:09.106-0300 [DEBUG] [org.gradle.cache.internal.DefaultFileLockManager] Releasing lock on daemon addresses registry.
2024-10-26T03:32:09.107-0300 [DEBUG] [org.gradle.cache.internal.DefaultFileLockManager] Waiting to acquire shared lock on daemon addresses registry.
2024-10-26T03:32:09.107-0300 [DEBUG] [org.gradle.cache.internal.DefaultFileLockManager] Lock acquired on daemon addresses registry.
2024-10-26T03:32:09.108-0300 [DEBUG] [org.gradle.cache.internal.DefaultFileLockManager] Releasing lock on daemon addresses registry.
2024-10-26T03:32:13.188-0300 [DEBUG] [org.gradle.process.internal.health.memory.DefaultMemoryManager] 826022707 physical memory requested, 326774784 free
2024-10-26T03:32:13.188-0300 [DEBUG] [org.gradle.workers.internal.WorkerDaemonExpiration] Will attempt to release 787 of memory
2024-10-26T03:32:13.188-0300 [DEBUG] [org.gradle.process.internal.health.memory.DefaultMemoryManager] 826022707 physical memory requested, 0 released, 326774784 free
2024-10-26T03:32:18.187-0300 [DEBUG] [org.gradle.process.internal.health.memory.DefaultMemoryManager] 826022707 physical memory requested, 137347072 free
2024-10-26T03:32:18.187-0300 [DEBUG] [org.gradle.workers.internal.WorkerDaemonExpiration] Will attempt to release 787 of memory
2024-10-26T03:32:18.187-0300 [DEBUG] [org.gradle.process.internal.health.memory.DefaultMemoryManager] 826022707 physical memory requested, 0 released, 137347072 free
2024-10-26T03:32:19.110-0300 [DEBUG] [org.gradle.cache.internal.DefaultFileLockManager] Waiting to acquire shared lock on daemon addresses registry.
2024-10-26T03:32:19.110-0300 [DEBUG] [org.gradle.cache.internal.DefaultFileLockManager] Lock acquired on daemon addresses registry.
2024-10-26T03:32:19.111-0300 [DEBUG] [org.gradle.cache.internal.DefaultFileLockManager] Releasing lock on daemon addresses registry.
2024-10-26T03:32:19.113-0300 [DEBUG] [org.gradle.cache.internal.DefaultFileLockManager] Waiting to acquire shared lock on daemon addresses registry.
2024-10-26T03:32:19.113-0300 [DEBUG] [org.gradle.cache.internal.DefaultFileLockManager] Lock acquired on daemon addresses registry.
2024-10-26T03:32:19.113-0300 [DEBUG] [org.gradle.cache.internal.DefaultFileLockManager] Releasing lock on daemon addresses registry.
2024-10-26T03:32:19.114-0300 [DEBUG] [org.gradle.cache.internal.DefaultFileLockManager] Waiting to acquire shared lock on daemon addresses registry.
2024-10-26T03:32:19.114-0300 [DEBUG] [org.gradle.cache.internal.DefaultFileLockManager] Lock acquired on daemon addresses registry.
2024-10-26T03:32:19.114-0300 [DEBUG] [org.gradle.cache.internal.DefaultFileLockManager] Releasing lock on daemon addresses registry.
2024-10-26T03:32:23.188-0300 [DEBUG] [org.gradle.process.internal.health.memory.DefaultMemoryManager] 826022707 physical memory requested, 111153152 free
2024-10-26T03:32:23.188-0300 [DEBUG] [org.gradle.workers.internal.WorkerDaemonExpiration] Will attempt to release 787 of memory
2024-10-26T03:32:23.188-0300 [DEBUG] [org.gradle.process.internal.health.memory.DefaultMemoryManager] 826022707 physical memory requested, 0 released, 111153152 free
2024-10-26T03:32:28.183-0300 [DEBUG] [org.gradle.process.internal.health.memory.DefaultMemoryManager] 826022707 physical memory requested, 399732736 free
2024-10-26T03:32:28.183-0300 [DEBUG] [org.gradle.workers.internal.WorkerDaemonExpiration] Will attempt to release 787 of memory
2024-10-26T03:32:28.184-0300 [DEBUG] [org.gradle.process.internal.health.memory.DefaultMemoryManager] 826022707 physical memory requested, 0 released, 399732736 free
2024-10-26T03:32:29.107-0300 [DEBUG] [org.gradle.cache.internal.DefaultFileLockManager] Waiting to acquire shared lock on daemon addresses registry.
2024-10-26T03:32:29.108-0300 [DEBUG] [org.gradle.cache.internal.DefaultFileLockManager] Lock acquired on daemon addresses registry.
2024-10-26T03:32:29.109-0300 [DEBUG] [org.gradle.cache.internal.DefaultFileLockManager] Releasing lock on daemon addresses registry.
2024-10-26T03:32:29.113-0300 [DEBUG] [org.gradle.cache.internal.DefaultFileLockManager] Waiting to acquire shared lock on daemon addresses registry.
2024-10-26T03:32:29.114-0300 [DEBUG] [org.gradle.cache.internal.DefaultFileLockManager] Lock acquired on daemon addresses registry.
2024-10-26T03:32:29.115-0300 [DEBUG] [org.gradle.cache.internal.DefaultFileLockManager] Releasing lock on daemon addresses registry.
2024-10-26T03:32:29.116-0300 [DEBUG] [org.gradle.cache.internal.DefaultFileLockManager] Waiting to acquire shared lock on daemon addresses registry.
2024-10-26T03:32:29.116-0300 [DEBUG] [org.gradle.cache.internal.DefaultFileLockManager] Lock acquired on daemon addresses registry.
2024-10-26T03:32:29.117-0300 [DEBUG] [org.gradle.cache.internal.DefaultFileLockManager] Releasing lock on daemon addresses registry.
2024-10-26T03:32:33.191-0300 [DEBUG] [org.gradle.process.internal.health.memory.DefaultMemoryManager] 826022707 physical memory requested, 244940800 free
2024-10-26T03:32:33.191-0300 [DEBUG] [org.gradle.workers.internal.WorkerDaemonExpiration] Will attempt to release 787 of memory
2024-10-26T03:32:33.191-0300 [DEBUG] [org.gradle.process.internal.health.memory.DefaultMemoryManager] 826022707 physical memory requested, 0 released, 244940800 free
2024-10-26T03:32:38.193-0300 [DEBUG] [org.gradle.process.internal.health.memory.DefaultMemoryManager] 826022707 physical memory requested, 258785280 free
2024-10-26T03:32:38.193-0300 [DEBUG] [org.gradle.workers.internal.WorkerDaemonExpiration] Will attempt to release 787 of memory
2024-10-26T03:32:38.194-0300 [DEBUG] [org.gradle.process.internal.health.memory.DefaultMemoryManager] 826022707 physical memory requested, 0 released, 258785280 free
2024-10-26T03:32:39.117-0300 [DEBUG] [org.gradle.cache.internal.DefaultFileLockManager] Waiting to acquire shared lock on daemon addresses registry.
2024-10-26T03:32:39.117-0300 [DEBUG] [org.gradle.cache.internal.DefaultFileLockManager] Lock acquired on daemon addresses registry.
2024-10-26T03:32:39.118-0300 [DEBUG] [org.gradle.cache.internal.DefaultFileLockManager] Releasing lock on daemon addresses registry.
2024-10-26T03:32:39.120-0300 [DEBUG] [org.gradle.cache.internal.DefaultFileLockManager] Waiting to acquire shared lock on daemon addresses registry.
2024-10-26T03:32:39.121-0300 [DEBUG] [org.gradle.cache.internal.DefaultFileLockManager] Lock acquired on daemon addresses registry.
2024-10-26T03:32:39.122-0300 [DEBUG] [org.gradle.cache.internal.DefaultFileLockManager] Releasing lock on daemon addresses registry.
2024-10-26T03:32:39.127-0300 [DEBUG] [org.gradle.cache.internal.DefaultFileLockManager] Waiting to acquire shared lock on daemon addresses registry.
2024-10-26T03:32:39.128-0300 [DEBUG] [org.gradle.cache.internal.DefaultFileLockManager] Lock acquired on daemon addresses registry.
2024-10-26T03:32:39.129-0300 [DEBUG] [org.gradle.cache.internal.DefaultFileLockManager] Releasing lock on daemon addresses registry.
2024-10-26T03:32:43.200-0300 [DEBUG] [org.gradle.process.internal.health.memory.DefaultMemoryManager] 826022707 physical memory requested, 269443072 free
2024-10-26T03:32:43.200-0300 [DEBUG] [org.gradle.workers.internal.WorkerDaemonExpiration] Will attempt to release 787 of memory
2024-10-26T03:32:43.200-0300 [DEBUG] [org.gradle.process.internal.health.memory.DefaultMemoryManager] 826022707 physical memory requested, 0 released, 269443072 free
2024-10-26T03:32:48.179-0300 [DEBUG] [org.gradle.process.internal.health.memory.DefaultMemoryManager] 826022707 physical memory requested, 372117504 free
2024-10-26T03:32:48.180-0300 [DEBUG] [org.gradle.workers.internal.WorkerDaemonExpiration] Will attempt to release 787 of memory
2024-10-26T03:32:48.180-0300 [DEBUG] [org.gradle.process.internal.health.memory.DefaultMemoryManager] 826022707 physical memory requested, 0 released, 372117504 free
2024-10-26T03:32:49.118-0300 [DEBUG] [org.gradle.cache.internal.DefaultFileLockManager] Waiting to acquire shared lock on daemon addresses registry.
2024-10-26T03:32:49.120-0300 [DEBUG] [org.gradle.cache.internal.DefaultFileLockManager] Lock acquired on daemon addresses registry.
2024-10-26T03:32:49.121-0300 [DEBUG] [org.gradle.cache.internal.DefaultFileLockManager] Releasing lock on daemon addresses registry.
2024-10-26T03:32:49.123-0300 [DEBUG] [org.gradle.cache.internal.DefaultFileLockManager] Waiting to acquire shared lock on daemon addresses registry.
2024-10-26T03:32:49.125-0300 [DEBUG] [org.gradle.cache.internal.DefaultFileLockManager] Lock acquired on daemon addresses registry.
2024-10-26T03:32:49.126-0300 [DEBUG] [org.gradle.cache.internal.DefaultFileLockManager] Releasing lock on daemon addresses registry.
2024-10-26T03:32:49.127-0300 [DEBUG] [org.gradle.cache.internal.DefaultFileLockManager] Waiting to acquire shared lock on daemon addresses registry.
2024-10-26T03:32:49.128-0300 [DEBUG] [org.gradle.cache.internal.DefaultFileLockManager] Lock acquired on daemon addresses registry.
2024-10-26T03:32:49.129-0300 [DEBUG] [org.gradle.cache.internal.DefaultFileLockManager] Releasing lock on daemon addresses registry.
2024-10-26T03:32:53.187-0300 [DEBUG] [org.gradle.process.internal.health.memory.DefaultMemoryManager] 826022707 physical memory requested, 315162624 free
2024-10-26T03:32:53.187-0300 [DEBUG] [org.gradle.workers.internal.WorkerDaemonExpiration] Will attempt to release 787 of memory
2024-10-26T03:32:53.188-0300 [DEBUG] [org.gradle.process.internal.health.memory.DefaultMemoryManager] 826022707 physical memory requested, 0 released, 315162624 free
2024-10-26T03:32:58.183-0300 [DEBUG] [org.gradle.process.internal.health.memory.DefaultMemoryManager] 826022707 physical memory requested, 342790144 free
2024-10-26T03:32:58.184-0300 [DEBUG] [org.gradle.workers.internal.WorkerDaemonExpiration] Will attempt to release 787 of memory
2024-10-26T03:32:58.184-0300 [DEBUG] [org.gradle.process.internal.health.memory.DefaultMemoryManager] 826022707 physical memory requested, 0 released, 342790144 free
2024-10-26T03:32:59.108-0300 [DEBUG] [org.gradle.cache.internal.DefaultFileLockManager] Waiting to acquire shared lock on daemon addresses registry.
2024-10-26T03:32:59.108-0300 [DEBUG] [org.gradle.cache.internal.DefaultFileLockManager] Lock acquired on daemon addresses registry.
2024-10-26T03:32:59.109-0300 [DEBUG] [org.gradle.cache.internal.DefaultFileLockManager] Releasing lock on daemon addresses registry.
2024-10-26T03:32:59.111-0300 [DEBUG] [org.gradle.cache.internal.DefaultFileLockManager] Waiting to acquire shared lock on daemon addresses registry.
2024-10-26T03:32:59.111-0300 [DEBUG] [org.gradle.cache.internal.DefaultFileLockManager] Lock acquired on daemon addresses registry.
2024-10-26T03:32:59.112-0300 [DEBUG] [org.gradle.cache.internal.DefaultFileLockManager] Releasing lock on daemon addresses registry.
2024-10-26T03:32:59.114-0300 [DEBUG] [org.gradle.cache.internal.DefaultFileLockManager] Waiting to acquire shared lock on daemon addresses registry.
2024-10-26T03:32:59.114-0300 [DEBUG] [org.gradle.cache.internal.DefaultFileLockManager] Lock acquired on daemon addresses registry.
2024-10-26T03:32:59.114-0300 [DEBUG] [org.gradle.cache.internal.DefaultFileLockManager] Releasing lock on daemon addresses registry.
2024-10-26T03:33:03.191-0300 [DEBUG] [org.gradle.process.internal.health.memory.DefaultMemoryManager] 826022707 physical memory requested, 448114688 free
2024-10-26T03:33:03.191-0300 [DEBUG] [org.gradle.workers.internal.WorkerDaemonExpiration] Will attempt to release 787 of memory
2024-10-26T03:33:03.191-0300 [DEBUG] [org.gradle.process.internal.health.memory.DefaultMemoryManager] 826022707 physical memory requested, 0 released, 448114688 free
2024-10-26T03:33:08.188-0300 [DEBUG] [org.gradle.process.internal.health.memory.DefaultMemoryManager] 826022707 physical memory requested, 624291840 free
2024-10-26T03:33:08.188-0300 [DEBUG] [org.gradle.workers.internal.WorkerDaemonExpiration] Will attempt to release 787 of memory
2024-10-26T03:33:08.188-0300 [DEBUG] [org.gradle.process.internal.health.memory.DefaultMemoryManager] 826022707 physical memory requested, 0 released, 624291840 free
2024-10-26T03:33:09.114-0300 [DEBUG] [org.gradle.cache.internal.DefaultFileLockManager] Waiting to acquire shared lock on daemon addresses registry.
2024-10-26T03:33:09.114-0300 [DEBUG] [org.gradle.cache.internal.DefaultFileLockManager] Lock acquired on daemon addresses registry.
2024-10-26T03:33:09.115-0300 [DEBUG] [org.gradle.cache.internal.DefaultFileLockManager] Releasing lock on daemon addresses registry.
2024-10-26T03:33:09.115-0300 [DEBUG] [org.gradle.cache.internal.DefaultFileLockManager] Waiting to acquire shared lock on daemon addresses registry.
2024-10-26T03:33:09.115-0300 [DEBUG] [org.gradle.cache.internal.DefaultFileLockManager] Lock acquired on daemon addresses registry.
2024-10-26T03:33:09.115-0300 [DEBUG] [org.gradle.cache.internal.DefaultFileLockManager] Releasing lock on daemon addresses registry.
2024-10-26T03:33:09.116-0300 [DEBUG] [org.gradle.cache.internal.DefaultFileLockManager] Waiting to acquire shared lock on daemon addresses registry.
2024-10-26T03:33:09.116-0300 [DEBUG] [org.gradle.cache.internal.DefaultFileLockManager] Lock acquired on daemon addresses registry.
2024-10-26T03:33:09.116-0300 [DEBUG] [org.gradle.cache.internal.DefaultFileLockManager] Releasing lock on daemon addresses registry.
2024-10-26T03:33:13.190-0300 [DEBUG] [org.gradle.process.internal.health.memory.DefaultMemoryManager] 826022707 physical memory requested, 623296512 free
2024-10-26T03:33:13.190-0300 [DEBUG] [org.gradle.workers.internal.WorkerDaemonExpiration] Will attempt to release 787 of memory
2024-10-26T03:33:13.190-0300 [DEBUG] [org.gradle.process.internal.health.memory.DefaultMemoryManager] 826022707 physical memory requested, 0 released, 623296512 free
2024-10-26T03:33:18.184-0300 [DEBUG] [org.gradle.process.internal.health.memory.DefaultMemoryManager] 826022707 physical memory requested, 626262016 free
2024-10-26T03:33:18.184-0300 [DEBUG] [org.gradle.workers.internal.WorkerDaemonExpiration] Will attempt to release 787 of memory
2024-10-26T03:33:18.184-0300 [DEBUG] [org.gradle.process.internal.health.memory.DefaultMemoryManager] 826022707 physical memory requested, 0 released, 626262016 free
2024-10-26T03:33:19.109-0300 [DEBUG] [org.gradle.cache.internal.DefaultFileLockManager] Waiting to acquire shared lock on daemon addresses registry.
2024-10-26T03:33:19.110-0300 [DEBUG] [org.gradle.cache.internal.DefaultFileLockManager] Lock acquired on daemon addresses registry.
2024-10-26T03:33:19.111-0300 [DEBUG] [org.gradle.cache.internal.DefaultFileLockManager] Releasing lock on daemon addresses registry.
2024-10-26T03:33:19.112-0300 [DEBUG] [org.gradle.cache.internal.DefaultFileLockManager] Waiting to acquire shared lock on daemon addresses registry.
2024-10-26T03:33:19.112-0300 [DEBUG] [org.gradle.cache.internal.DefaultFileLockManager] Lock acquired on daemon addresses registry.
2024-10-26T03:33:19.112-0300 [DEBUG] [org.gradle.cache.internal.DefaultFileLockManager] Releasing lock on daemon addresses registry.
2024-10-26T03:33:19.112-0300 [DEBUG] [org.gradle.cache.internal.DefaultFileLockManager] Waiting to acquire shared lock on daemon addresses registry.
2024-10-26T03:33:19.112-0300 [DEBUG] [org.gradle.cache.internal.DefaultFileLockManager] Lock acquired on daemon addresses registry.
2024-10-26T03:33:19.112-0300 [DEBUG] [org.gradle.cache.internal.DefaultFileLockManager] Releasing lock on daemon addresses registry.
2024-10-26T03:33:23.189-0300 [DEBUG] [org.gradle.process.internal.health.memory.DefaultMemoryManager] 826022707 physical memory requested, 602275840 free
2024-10-26T03:33:23.189-0300 [DEBUG] [org.gradle.workers.internal.WorkerDaemonExpiration] Will attempt to release 787 of memory
2024-10-26T03:33:23.189-0300 [DEBUG] [org.gradle.process.internal.health.memory.DefaultMemoryManager] 826022707 physical memory requested, 0 released, 602275840 free
2024-10-26T03:33:28.180-0300 [DEBUG] [org.gradle.process.internal.health.memory.DefaultMemoryManager] 826022707 physical memory requested, 631734272 free
2024-10-26T03:33:28.181-0300 [DEBUG] [org.gradle.workers.internal.WorkerDaemonExpiration] Will attempt to release 787 of memory
2024-10-26T03:33:28.181-0300 [DEBUG] [org.gradle.process.internal.health.memory.DefaultMemoryManager] 826022707 physical memory requested, 0 released, 631734272 free
2024-10-26T03:33:29.117-0300 [DEBUG] [org.gradle.cache.internal.DefaultFileLockManager] Waiting to acquire shared lock on daemon addresses registry.
2024-10-26T03:33:29.117-0300 [DEBUG] [org.gradle.cache.internal.DefaultFileLockManager] Lock acquired on daemon addresses registry.
2024-10-26T03:33:29.118-0300 [DEBUG] [org.gradle.cache.internal.DefaultFileLockManager] Releasing lock on daemon addresses registry.
2024-10-26T03:33:29.119-0300 [DEBUG] [org.gradle.cache.internal.DefaultFileLockManager] Waiting to acquire shared lock on daemon addresses registry.
2024-10-26T03:33:29.120-0300 [DEBUG] [org.gradle.cache.internal.DefaultFileLockManager] Lock acquired on daemon addresses registry.
2024-10-26T03:33:29.120-0300 [DEBUG] [org.gradle.cache.internal.DefaultFileLockManager] Releasing lock on daemon addresses registry.
2024-10-26T03:33:29.121-0300 [DEBUG] [org.gradle.cache.internal.DefaultFileLockManager] Waiting to acquire shared lock on daemon addresses registry.
2024-10-26T03:33:29.121-0300 [DEBUG] [org.gradle.cache.internal.DefaultFileLockManager] Lock acquired on daemon addresses registry.
2024-10-26T03:33:29.122-0300 [DEBUG] [org.gradle.cache.internal.DefaultFileLockManager] Releasing lock on daemon addresses registry.
2024-10-26T03:33:33.187-0300 [DEBUG] [org.gradle.process.internal.health.memory.DefaultMemoryManager] 826022707 physical memory requested, 325459968 free
2024-10-26T03:33:33.187-0300 [DEBUG] [org.gradle.workers.internal.WorkerDaemonExpiration] Will attempt to release 787 of memory
2024-10-26T03:33:33.187-0300 [DEBUG] [org.gradle.process.internal.health.memory.DefaultMemoryManager] 826022707 physical memory requested, 0 released, 325459968 free
2024-10-26T03:33:39.111-0300 [DEBUG] [org.gradle.cache.internal.DefaultFileLockManager] Waiting to acquire shared lock on daemon addresses registry.
2024-10-26T03:33:39.111-0300 [DEBUG] [org.gradle.cache.internal.DefaultFileLockManager] Lock acquired on daemon addresses registry.
2024-10-26T03:33:39.111-0300 [DEBUG] [org.gradle.cache.internal.DefaultFileLockManager] Releasing lock on daemon addresses registry.
2024-10-26T03:33:39.112-0300 [DEBUG] [org.gradle.cache.internal.DefaultFileLockManager] Waiting to acquire shared lock on daemon addresses registry.
2024-10-26T03:33:39.112-0300 [DEBUG] [org.gradle.cache.internal.DefaultFileLockManager] Lock acquired on daemon addresses registry.
2024-10-26T03:33:39.112-0300 [DEBUG] [org.gradle.cache.internal.DefaultFileLockManager] Releasing lock on daemon addresses registry.
2024-10-26T03:33:39.113-0300 [DEBUG] [org.gradle.cache.internal.DefaultFileLockManager] Waiting to acquire shared lock on daemon addresses registry.
2024-10-26T03:33:39.113-0300 [DEBUG] [org.gradle.cache.internal.DefaultFileLockManager] Lock acquired on daemon addresses registry.
2024-10-26T03:33:39.113-0300 [DEBUG] [org.gradle.cache.internal.DefaultFileLockManager] Releasing lock on daemon addresses registry.
2024-10-26T03:33:48.185-0300 [DEBUG] [org.gradle.process.internal.health.memory.DefaultMemoryManager] 826022707 physical memory requested, 608944128 free
2024-10-26T03:33:48.185-0300 [DEBUG] [org.gradle.workers.internal.WorkerDaemonExpiration] Will attempt to release 787 of memory
2024-10-26T03:33:48.185-0300 [DEBUG] [org.gradle.process.internal.health.memory.DefaultMemoryManager] 826022707 physical memory requested, 0 released, 608944128 free
2024-10-26T03:33:49.104-0300 [DEBUG] [org.gradle.cache.internal.DefaultFileLockManager] Waiting to acquire shared lock on daemon addresses registry.
2024-10-26T03:33:49.104-0300 [DEBUG] [org.gradle.cache.internal.DefaultFileLockManager] Lock acquired on daemon addresses registry.
2024-10-26T03:33:49.105-0300 [DEBUG] [org.gradle.cache.internal.DefaultFileLockManager] Releasing lock on daemon addresses registry.
2024-10-26T03:33:49.106-0300 [DEBUG] [org.gradle.cache.internal.DefaultFileLockManager] Waiting to acquire shared lock on daemon addresses registry.
2024-10-26T03:33:49.106-0300 [DEBUG] [org.gradle.cache.internal.DefaultFileLockManager] Lock acquired on daemon addresses registry.
2024-10-26T03:33:49.106-0300 [DEBUG] [org.gradle.cache.internal.DefaultFileLockManager] Releasing lock on daemon addresses registry.
2024-10-26T03:33:49.107-0300 [DEBUG] [org.gradle.cache.internal.DefaultFileLockManager] Waiting to acquire shared lock on daemon addresses registry.
2024-10-26T03:33:49.107-0300 [DEBUG] [org.gradle.cache.internal.DefaultFileLockManager] Lock acquired on daemon addresses registry.
2024-10-26T03:33:49.107-0300 [DEBUG] [org.gradle.cache.internal.DefaultFileLockManager] Releasing lock on daemon addresses registry.
2024-10-26T03:33:51.985-0300 [DEBUG] [org.gradle.internal.remote.internal.inet.TcpIncomingConnector] Accepted connection from /127.0.0.1:55366 to /127.0.0.1:55272.
2024-10-26T03:33:52.012-0300 [DEBUG] [org.gradle.launcher.daemon.server.SynchronizedDispatchConnection] thread 176: received class org.gradle.launcher.daemon.protocol.StopWhenIdle
2024-10-26T03:33:52.013-0300 [DEBUG] [org.gradle.launcher.daemon.server.DefaultDaemonConnection] thread 176: Received non-IO message from client: StopWhenIdle[id=bd2fbb11-ddca-469b-9f26-997349f02937]
2024-10-26T03:33:52.014-0300 [INFO] [org.gradle.launcher.daemon.server.DefaultIncomingConnectionHandler] Received command: StopWhenIdle[id=bd2fbb11-ddca-469b-9f26-997349f02937].
2024-10-26T03:33:52.015-0300 [DEBUG] [org.gradle.launcher.daemon.server.DefaultIncomingConnectionHandler] Starting executing command: StopWhenIdle[id=bd2fbb11-ddca-469b-9f26-997349f02937] with connection: socket connection from /127.0.0.1:55272 to /127.0.0.1:55366.
2024-10-26T03:33:52.020-0300 [DEBUG] [org.gradle.launcher.daemon.server.DaemonRegistryUpdater] Storing daemon stop event: stop command received
2024-10-26T03:33:52.023-0300 [DEBUG] [org.gradle.launcher.daemon.registry.PersistentDaemonRegistry] Storing daemon stop event with timestamp 1729924432022
2024-10-26T03:33:52.028-0300 [DEBUG] [org.gradle.cache.internal.DefaultFileLockManager] Waiting to acquire exclusive lock on daemon addresses registry.
2024-10-26T03:33:52.029-0300 [DEBUG] [org.gradle.cache.internal.DefaultFileLockManager] Lock acquired on daemon addresses registry.
2024-10-26T03:33:52.033-0300 [DEBUG] [org.gradle.cache.internal.DefaultFileLockManager] Releasing lock on daemon addresses registry.
2024-10-26T03:33:52.034-0300 [LIFECYCLE] [org.gradle.launcher.daemon.server.DaemonStateCoordinator] Daemon will be stopped at the end of the build stop command received
2024-10-26T03:33:52.035-0300 [DEBUG] [org.gradle.launcher.daemon.server.DaemonStateCoordinator] Marking daemon stopped due to stop command received. The daemon is running a build: false
2024-10-26T03:33:52.035-0300 [DEBUG] [org.gradle.launcher.daemon.server.DaemonStateCoordinator] daemon has stopped.
2024-10-26T03:33:52.035-0300 [DEBUG] [org.gradle.launcher.daemon.server.SynchronizedDispatchConnection] thread 175: dispatching Success[value=null]
2024-10-26T03:33:52.035-0300 [DEBUG] [org.gradle.launcher.daemon.server.Daemon] stop() called on daemon
2024-10-26T03:33:52.037-0300 [INFO] [org.gradle.launcher.daemon.server.Daemon] Stop requested. Daemon is removing its presence from the registry...
2024-10-26T03:33:52.036-0300 [DEBUG] [org.gradle.launcher.daemon.server.DefaultIncomingConnectionHandler] Finishing executing command: StopWhenIdle[id=bd2fbb11-ddca-469b-9f26-997349f02937]
2024-10-26T03:33:52.036-0300 [DEBUG] [org.gradle.launcher.daemon.server.SynchronizedDispatchConnection] thread 176: received class org.gradle.launcher.daemon.protocol.Finished
2024-10-26T03:33:52.037-0300 [DEBUG] [org.gradle.launcher.daemon.server.DefaultDaemonConnection] thread 176: Received non-IO message from client: org.gradle.launcher.daemon.protocol.Finished@2c8cfe05
2024-10-26T03:33:52.038-0300 [DEBUG] [org.gradle.launcher.daemon.server.DefaultIncomingConnectionHandler] Received finished message: org.gradle.launcher.daemon.protocol.Finished@2c8cfe05
2024-10-26T03:33:52.038-0300 [DEBUG] [org.gradle.launcher.daemon.server.SynchronizedDispatchConnection] thread 175: stopping connection
2024-10-26T03:33:52.038-0300 [DEBUG] [org.gradle.internal.remote.internal.inet.SocketConnection] Discarding EOFException: java.io.EOFException
2024-10-26T03:33:52.038-0300 [DEBUG] [org.gradle.launcher.daemon.server.SynchronizedDispatchConnection] thread 176: received null
2024-10-26T03:33:52.038-0300 [DEBUG] [org.gradle.launcher.daemon.server.DefaultDaemonConnection] thread 176: Received end-of-input from client.
2024-10-26T03:33:52.038-0300 [DEBUG] [org.gradle.launcher.daemon.server.DaemonRegistryUpdater] Removing our presence to clients, eg. removing this address from the registry: [31c3e218-b7e2-4ac3-a934-4fc321cbbc0e port:55272, addresses:[localhost/127.0.0.1]]
2024-10-26T03:33:52.039-0300 [DEBUG] [org.gradle.launcher.daemon.server.SynchronizedDispatchConnection] thread 175: stopping connection
2024-10-26T03:33:52.039-0300 [DEBUG] [org.gradle.launcher.daemon.registry.PersistentDaemonRegistry] Removing daemon address: [31c3e218-b7e2-4ac3-a934-4fc321cbbc0e port:55272, addresses:[localhost/127.0.0.1]]
2024-10-26T03:33:52.042-0300 [DEBUG] [org.gradle.cache.internal.DefaultFileLockManager] Waiting to acquire exclusive lock on daemon addresses registry.
2024-10-26T03:33:52.043-0300 [DEBUG] [org.gradle.cache.internal.DefaultFileLockManager] Lock acquired on daemon addresses registry.
2024-10-26T03:33:52.044-0300 [DEBUG] [org.gradle.cache.internal.DefaultFileLockManager] Releasing lock on daemon addresses registry.
2024-10-26T03:33:52.045-0300 [DEBUG] [org.gradle.launcher.daemon.server.DaemonRegistryUpdater] Address removed from registry.
2024-10-26T03:33:52.070-0300 [DEBUG] [org.gradle.cache.internal.DefaultPersistentDirectoryStore] jars (C:\Users\Felipe\AndroidStudioProjects\CakeStock\caches\jars-9) has last been fully cleaned up 1 hours ago
2024-10-26T03:33:52.071-0300 [DEBUG] [org.gradle.cache.internal.DefaultCacheCoordinator] Cache jars (C:\Users\Felipe\AndroidStudioProjects\CakeStock\caches\jars-9) was closed 0 times.
2024-10-26T03:33:52.073-0300 [DEBUG] [org.gradle.cache.internal.LockOnDemandCrossProcessCacheAccess] Releasing file lock for file content cache (C:\Users\Felipe\AndroidStudioProjects\CakeStock\caches\8.7\fileContent)
2024-10-26T03:33:52.073-0300 [DEBUG] [org.gradle.cache.internal.DefaultFileLockManager] Releasing lock on file content cache (C:\Users\Felipe\AndroidStudioProjects\CakeStock\caches\8.7\fileContent).
2024-10-26T03:33:52.074-0300 [DEBUG] [org.gradle.internal.watch.vfs.impl.WatchingVirtualFileSystem] Closing VFS, dropping state
2024-10-26T03:33:52.079-0300 [DEBUG] [org.gradle.cache.internal.LockOnDemandCrossProcessCacheAccess] Releasing file lock for Generated Gradle JARs cache (C:\Users\Felipe\AndroidStudioProjects\CakeStock\caches\8.7\generated-gradle-jars)
2024-10-26T03:33:52.080-0300 [DEBUG] [org.gradle.internal.watch.registry.impl.DefaultFileWatcherRegistry] Finished listening to file system change events
2024-10-26T03:33:52.080-0300 [DEBUG] [org.gradle.cache.internal.DefaultFileLockManager] Releasing lock on Generated Gradle JARs cache (C:\Users\Felipe\AndroidStudioProjects\CakeStock\caches\8.7\generated-gradle-jars).
2024-10-26T03:33:52.082-0300 [DEBUG] [org.gradle.cache.internal.DefaultPersistentDirectoryStore] Artifact transforms cache (C:\Users\Felipe\AndroidStudioProjects\CakeStock\caches\transforms-4) has last been fully cleaned up 1 hours ago
2024-10-26T03:33:52.083-0300 [DEBUG] [org.gradle.cache.internal.DefaultCacheCoordinator] Cache Artifact transforms cache (C:\Users\Felipe\AndroidStudioProjects\CakeStock\caches\transforms-4) was closed 0 times.
2024-10-26T03:33:52.084-0300 [DEBUG] [org.gradle.cache.internal.LockOnDemandCrossProcessCacheAccess] Releasing file lock for artifact cache (C:\Users\Felipe\AndroidStudioProjects\CakeStock\caches\modules-2)
2024-10-26T03:33:52.084-0300 [DEBUG] [org.gradle.cache.internal.btree.BTreePersistentIndexedCache] Closing cache module-artifact.bin (C:\Users\Felipe\AndroidStudioProjects\CakeStock\caches\modules-2\metadata-2.106\module-artifact.bin)
2024-10-26T03:33:52.084-0300 [DEBUG] [org.gradle.cache.internal.btree.BTreePersistentIndexedCache] Closing cache module-metadata.bin (C:\Users\Felipe\AndroidStudioProjects\CakeStock\caches\modules-2\metadata-2.106\module-metadata.bin)
2024-10-26T03:33:52.085-0300 [DEBUG] [org.gradle.cache.internal.DefaultFileLockManager] Releasing lock on artifact cache (C:\Users\Felipe\AndroidStudioProjects\CakeStock\caches\modules-2).
2024-10-26T03:33:52.086-0300 [DEBUG] [org.gradle.cache.internal.DefaultPersistentDirectoryStore] artifact cache (C:\Users\Felipe\AndroidStudioProjects\CakeStock\caches\modules-2) has last been fully cleaned up 1 hours ago
2024-10-26T03:33:52.088-0300 [DEBUG] [org.gradle.cache.internal.DefaultPersistentDirectoryStore] groovy-dsl (C:\Users\Felipe\AndroidStudioProjects\CakeStock\caches\8.7\groovy-dsl) has last been fully cleaned up 1 hours ago
2024-10-26T03:33:52.089-0300 [DEBUG] [org.gradle.cache.internal.DefaultCacheCoordinator] Cache groovy-dsl (C:\Users\Felipe\AndroidStudioProjects\CakeStock\caches\8.7\groovy-dsl) was closed 0 times.
2024-10-26T03:33:52.090-0300 [DEBUG] [org.gradle.cache.internal.DefaultPersistentDirectoryStore] kotlin-dsl (C:\Users\Felipe\AndroidStudioProjects\CakeStock\caches\8.7\kotlin-dsl) has last been fully cleaned up 1 hours ago
2024-10-26T03:33:52.090-0300 [DEBUG] [org.gradle.cache.internal.DefaultCacheCoordinator] Cache kotlin-dsl (C:\Users\Felipe\AndroidStudioProjects\CakeStock\caches\8.7\kotlin-dsl) was closed 0 times.
2024-10-26T03:33:52.091-0300 [DEBUG] [org.gradle.cache.internal.LockOnDemandCrossProcessCacheAccess] Releasing file lock for journal cache (C:\Users\Felipe\AndroidStudioProjects\CakeStock\caches\journal-1)
2024-10-26T03:33:52.091-0300 [DEBUG] [org.gradle.cache.internal.btree.BTreePersistentIndexedCache] Closing cache file-access.bin (C:\Users\Felipe\AndroidStudioProjects\CakeStock\caches\journal-1\file-access.bin)
2024-10-26T03:33:52.092-0300 [DEBUG] [org.gradle.cache.internal.DefaultFileLockManager] Releasing lock on journal cache (C:\Users\Felipe\AndroidStudioProjects\CakeStock\caches\journal-1).
2024-10-26T03:33:52.093-0300 [DEBUG] [org.gradle.cache.internal.LockOnDemandCrossProcessCacheAccess] Releasing file lock for file hash cache (C:\Users\Felipe\AndroidStudioProjects\CakeStock\caches\8.7\fileHashes)
2024-10-26T03:33:52.093-0300 [DEBUG] [org.gradle.cache.internal.btree.BTreePersistentIndexedCache] Closing cache fileHashes.bin (C:\Users\Felipe\AndroidStudioProjects\CakeStock\caches\8.7\fileHashes\fileHashes.bin)
2024-10-26T03:33:52.093-0300 [DEBUG] [org.gradle.cache.internal.btree.BTreePersistentIndexedCache] Closing cache resourceHashesCache.bin (C:\Users\Felipe\AndroidStudioProjects\CakeStock\caches\8.7\fileHashes\resourceHashesCache.bin)
2024-10-26T03:33:52.093-0300 [DEBUG] [org.gradle.cache.internal.DefaultFileLockManager] Releasing lock on file hash cache (C:\Users\Felipe\AndroidStudioProjects\CakeStock\caches\8.7\fileHashes).
Daemon vm is shutting down... The daemon has exited normally or was terminated in response to a user interrupt.
2024-10-26T03:33:52.098-0300 [DEBUG] [org.gradle.launcher.daemon.registry.PersistentDaemonRegistry] Removing daemon address: [31c3e218-b7e2-4ac3-a934-4fc321cbbc0e port:55272, addresses:[localhost/127.0.0.1]]
2024-10-26T03:33:52.100-0300 [DEBUG] [org.gradle.cache.internal.DefaultFileLockManager] Waiting to acquire exclusive lock on daemon addresses registry.
2024-10-26T03:33:52.102-0300 [DEBUG] [org.gradle.cache.internal.DefaultFileLockManager] Lock acquired on daemon addresses registry.
2024-10-26T03:33:52.105-0300 [DEBUG] [org.gradle.cache.internal.DefaultFileLockManager] Releasing lock on daemon addresses registry.
