2024-08-21T00:46:19.702-0300 [DEBUG] [org.gradle.launcher.daemon.bootstrap.DaemonMain] Assuming the daemon was started with following jvm opts: [--add-opens=java.base/java.util=ALL-UNNAMED, --add-opens=java.base/java.lang=ALL-UNNAMED, --add-opens=java.base/java.lang.invoke=ALL-UNNAMED, --add-opens=java.prefs/java.util.prefs=ALL-UNNAMED, --add-opens=java.base/java.nio.charset=ALL-UNNAMED, --add-opens=java.base/java.net=ALL-UNNAMED, --add-opens=java.base/java.util.concurrent.atomic=ALL-UNNAMED, -Xmx2048m, -Dfile.encoding=UTF-8, -Duser.country=BR, -Duser.language=pt, -Duser.variant]
2024-08-21T00:46:19.816-0300 [DEBUG] [org.gradle.internal.nativeintegration.services.NativeServices] Native-platform posix files integration is not available. Continuing with fallback.
2024-08-21T00:46:19.825-0300 [INFO] [org.gradle.launcher.daemon.server.Daemon] start() called on daemon - DefaultDaemonContext[uid=962feec8-4f49-4c43-b494-451104e0fb96,javaHome=C:\Program Files\Android\Android Studio\jbr,daemonRegistryDir=C:\Users\Felipe\AndroidStudioProjects\CakeStock\daemon,pid=2644,idleTimeout=10800000,priority=NORMAL,applyInstrumentationAgent=true,daemonOpts=--add-opens=java.base/java.util=ALL-UNNAMED,--add-opens=java.base/java.lang=ALL-UNNAMED,--add-opens=java.base/java.lang.invoke=ALL-UNNAMED,--add-opens=java.prefs/java.util.prefs=ALL-UNNAMED,--add-opens=java.base/java.nio.charset=ALL-UNNAMED,--add-opens=java.base/java.net=ALL-UNNAMED,--add-opens=java.base/java.util.concurrent.atomic=ALL-UNNAMED,-Xmx2048m,-Dfile.encoding=UTF-8,-Duser.country=BR,-Duser.language=pt,-Duser.variant]
2024-08-21T00:46:19.871-0300 [DEBUG] [org.gradle.internal.remote.internal.inet.InetAddresses] Adding IP addresses for network interface Software Loopback Interface 1
2024-08-21T00:46:19.873-0300 [DEBUG] [org.gradle.internal.remote.internal.inet.InetAddresses] Is this a loopback interface? true
2024-08-21T00:46:19.873-0300 [DEBUG] [org.gradle.internal.remote.internal.inet.InetAddresses] Adding loopback address /127.0.0.1
2024-08-21T00:46:19.873-0300 [DEBUG] [org.gradle.internal.remote.internal.inet.InetAddresses] Adding loopback address /0:0:0:0:0:0:0:1
2024-08-21T00:46:19.874-0300 [DEBUG] [org.gradle.internal.remote.internal.inet.InetAddresses] Adding IP addresses for network interface Microsoft Wi-Fi Direct Virtual Adapter #2
2024-08-21T00:46:19.876-0300 [DEBUG] [org.gradle.internal.remote.internal.inet.InetAddresses] Is this a loopback interface? false
2024-08-21T00:46:19.876-0300 [DEBUG] [org.gradle.internal.remote.internal.inet.InetAddresses] Adding remote address /fe80:0:0:0:e785:e3d1:74bf:93cd%wlan0
2024-08-21T00:46:19.876-0300 [DEBUG] [org.gradle.internal.remote.internal.inet.InetAddresses] Adding IP addresses for network interface Microsoft 6to4 Adapter
2024-08-21T00:46:19.878-0300 [DEBUG] [org.gradle.internal.remote.internal.inet.InetAddresses] Is this a loopback interface? false
2024-08-21T00:46:19.878-0300 [DEBUG] [org.gradle.internal.remote.internal.inet.InetAddresses] Adding IP addresses for network interface VMware Virtual Ethernet Adapter for VMnet8
2024-08-21T00:46:19.880-0300 [DEBUG] [org.gradle.internal.remote.internal.inet.InetAddresses] Is this a loopback interface? false
2024-08-21T00:46:19.880-0300 [DEBUG] [org.gradle.internal.remote.internal.inet.InetAddresses] Adding remote address /192.168.85.1
2024-08-21T00:46:19.880-0300 [DEBUG] [org.gradle.internal.remote.internal.inet.InetAddresses] Adding remote address /fe80:0:0:0:5cc6:de5a:d5ce:d132%eth0
2024-08-21T00:46:19.880-0300 [DEBUG] [org.gradle.internal.remote.internal.inet.InetAddresses] Adding IP addresses for network interface Microsoft IP-HTTPS Platform Adapter
2024-08-21T00:46:19.881-0300 [DEBUG] [org.gradle.internal.remote.internal.inet.InetAddresses] Is this a loopback interface? false
2024-08-21T00:46:19.881-0300 [DEBUG] [org.gradle.internal.remote.internal.inet.InetAddresses] Adding IP addresses for network interface RD9700 USB2.0 To Fast Ethernet Adapter #3
2024-08-21T00:46:19.883-0300 [DEBUG] [org.gradle.internal.remote.internal.inet.InetAddresses] Is this a loopback interface? false
2024-08-21T00:46:19.883-0300 [DEBUG] [org.gradle.internal.remote.internal.inet.InetAddresses] Adding IP addresses for network interface WAN Miniport (IKEv2)
2024-08-21T00:46:19.884-0300 [DEBUG] [org.gradle.internal.remote.internal.inet.InetAddresses] Is this a loopback interface? false
2024-08-21T00:46:19.884-0300 [DEBUG] [org.gradle.internal.remote.internal.inet.InetAddresses] Adding IP addresses for network interface RD9700 USB2.0 To Fast Ethernet Adapter
2024-08-21T00:46:19.886-0300 [DEBUG] [org.gradle.internal.remote.internal.inet.InetAddresses] Is this a loopback interface? false
2024-08-21T00:46:19.886-0300 [DEBUG] [org.gradle.internal.remote.internal.inet.InetAddresses] Adding IP addresses for network interface RD9700 USB2.0 To Fast Ethernet Adapter #2
2024-08-21T00:46:19.887-0300 [DEBUG] [org.gradle.internal.remote.internal.inet.InetAddresses] Is this a loopback interface? false
2024-08-21T00:46:19.887-0300 [DEBUG] [org.gradle.internal.remote.internal.inet.InetAddresses] Adding IP addresses for network interface WAN Miniport (Network Monitor)
2024-08-21T00:46:19.889-0300 [DEBUG] [org.gradle.internal.remote.internal.inet.InetAddresses] Is this a loopback interface? false
2024-08-21T00:46:19.889-0300 [DEBUG] [org.gradle.internal.remote.internal.inet.InetAddresses] Adding IP addresses for network interface WAN Miniport (L2TP)
2024-08-21T00:46:19.890-0300 [DEBUG] [org.gradle.internal.remote.internal.inet.InetAddresses] Is this a loopback interface? false
2024-08-21T00:46:19.891-0300 [DEBUG] [org.gradle.internal.remote.internal.inet.InetAddresses] Adding IP addresses for network interface WAN Miniport (IPv6)
2024-08-21T00:46:19.892-0300 [DEBUG] [org.gradle.internal.remote.internal.inet.InetAddresses] Is this a loopback interface? false
2024-08-21T00:46:19.892-0300 [DEBUG] [org.gradle.internal.remote.internal.inet.InetAddresses] Adding IP addresses for network interface WAN Miniport (PPTP)
2024-08-21T00:46:19.893-0300 [DEBUG] [org.gradle.internal.remote.internal.inet.InetAddresses] Is this a loopback interface? false
2024-08-21T00:46:19.893-0300 [DEBUG] [org.gradle.internal.remote.internal.inet.InetAddresses] Adding IP addresses for network interface Bluetooth Device (Personal Area Network)
2024-08-21T00:46:19.895-0300 [DEBUG] [org.gradle.internal.remote.internal.inet.InetAddresses] Is this a loopback interface? false
2024-08-21T00:46:19.895-0300 [DEBUG] [org.gradle.internal.remote.internal.inet.InetAddresses] Adding remote address /fe80:0:0:0:406f:86f9:3aa8:9547%eth6
2024-08-21T00:46:19.895-0300 [DEBUG] [org.gradle.internal.remote.internal.inet.InetAddresses] Adding IP addresses for network interface Microsoft Kernel Debug Network Adapter
2024-08-21T00:46:19.896-0300 [DEBUG] [org.gradle.internal.remote.internal.inet.InetAddresses] Is this a loopback interface? false
2024-08-21T00:46:19.896-0300 [DEBUG] [org.gradle.internal.remote.internal.inet.InetAddresses] Adding IP addresses for network interface Microsoft Teredo Tunneling Adapter
2024-08-21T00:46:19.898-0300 [DEBUG] [org.gradle.internal.remote.internal.inet.InetAddresses] Is this a loopback interface? false
2024-08-21T00:46:19.898-0300 [DEBUG] [org.gradle.internal.remote.internal.inet.InetAddresses] Adding IP addresses for network interface WAN Miniport (SSTP)
2024-08-21T00:46:19.899-0300 [DEBUG] [org.gradle.internal.remote.internal.inet.InetAddresses] Is this a loopback interface? false
2024-08-21T00:46:19.899-0300 [DEBUG] [org.gradle.internal.remote.internal.inet.InetAddresses] Adding IP addresses for network interface Intel(R) Wireless-AC 9462
2024-08-21T00:46:19.900-0300 [DEBUG] [org.gradle.internal.remote.internal.inet.InetAddresses] Is this a loopback interface? false
2024-08-21T00:46:19.901-0300 [DEBUG] [org.gradle.internal.remote.internal.inet.InetAddresses] Adding remote address /192.168.0.29
2024-08-21T00:46:19.901-0300 [DEBUG] [org.gradle.internal.remote.internal.inet.InetAddresses] Adding remote address /2804:14c:4585:8973:567f:9247:3876:ac21
2024-08-21T00:46:19.901-0300 [DEBUG] [org.gradle.internal.remote.internal.inet.InetAddresses] Adding remote address /2804:14c:4585:8973:d87a:6b62:6b11:b450
2024-08-21T00:46:19.901-0300 [DEBUG] [org.gradle.internal.remote.internal.inet.InetAddresses] Adding remote address /2804:14c:4585:8973:e558:195a:7e72:4bc5
2024-08-21T00:46:19.901-0300 [DEBUG] [org.gradle.internal.remote.internal.inet.InetAddresses] Adding remote address /fe80:0:0:0:8503:5007:b370:17e8%wlan1
2024-08-21T00:46:19.901-0300 [DEBUG] [org.gradle.internal.remote.internal.inet.InetAddresses] Adding IP addresses for network interface WAN Miniport (PPPOE)
2024-08-21T00:46:19.902-0300 [DEBUG] [org.gradle.internal.remote.internal.inet.InetAddresses] Is this a loopback interface? false
2024-08-21T00:46:19.902-0300 [DEBUG] [org.gradle.internal.remote.internal.inet.InetAddresses] Adding IP addresses for network interface VirtualBox Host-Only Ethernet Adapter
2024-08-21T00:46:19.904-0300 [DEBUG] [org.gradle.internal.remote.internal.inet.InetAddresses] Is this a loopback interface? false
2024-08-21T00:46:19.904-0300 [DEBUG] [org.gradle.internal.remote.internal.inet.InetAddresses] Adding remote address /192.168.56.1
2024-08-21T00:46:19.904-0300 [DEBUG] [org.gradle.internal.remote.internal.inet.InetAddresses] Adding remote address /fe80:0:0:0:33cb:c2c:8792:ca0f%eth8
2024-08-21T00:46:19.904-0300 [DEBUG] [org.gradle.internal.remote.internal.inet.InetAddresses] Adding IP addresses for network interface WAN Miniport (IP)
2024-08-21T00:46:19.905-0300 [DEBUG] [org.gradle.internal.remote.internal.inet.InetAddresses] Is this a loopback interface? false
2024-08-21T00:46:19.905-0300 [DEBUG] [org.gradle.internal.remote.internal.inet.InetAddresses] Adding IP addresses for network interface Microsoft Wi-Fi Direct Virtual Adapter
2024-08-21T00:46:19.907-0300 [DEBUG] [org.gradle.internal.remote.internal.inet.InetAddresses] Is this a loopback interface? false
2024-08-21T00:46:19.907-0300 [DEBUG] [org.gradle.internal.remote.internal.inet.InetAddresses] Adding remote address /fe80:0:0:0:512e:282d:5ed0:fa0e%wlan2
2024-08-21T00:46:19.907-0300 [DEBUG] [org.gradle.internal.remote.internal.inet.InetAddresses] Adding IP addresses for network interface VMware Virtual Ethernet Adapter for VMnet1
2024-08-21T00:46:19.908-0300 [DEBUG] [org.gradle.internal.remote.internal.inet.InetAddresses] Is this a loopback interface? false
2024-08-21T00:46:19.908-0300 [DEBUG] [org.gradle.internal.remote.internal.inet.InetAddresses] Adding remote address /192.168.163.1
2024-08-21T00:46:19.908-0300 [DEBUG] [org.gradle.internal.remote.internal.inet.InetAddresses] Adding remote address /fe80:0:0:0:6f4e:149a:a875:180e%eth10
2024-08-21T00:46:19.908-0300 [DEBUG] [org.gradle.internal.remote.internal.inet.InetAddresses] Adding IP addresses for network interface VirtualBox Host-Only Ethernet Adapter-WFP Native MAC Layer LightWeight Filter-0000
2024-08-21T00:46:19.910-0300 [DEBUG] [org.gradle.internal.remote.internal.inet.InetAddresses] Is this a loopback interface? false
2024-08-21T00:46:19.910-0300 [DEBUG] [org.gradle.internal.remote.internal.inet.InetAddresses] Adding IP addresses for network interface VirtualBox Host-Only Ethernet Adapter-QoS Packet Scheduler-0000
2024-08-21T00:46:19.911-0300 [DEBUG] [org.gradle.internal.remote.internal.inet.InetAddresses] Is this a loopback interface? false
2024-08-21T00:46:19.911-0300 [DEBUG] [org.gradle.internal.remote.internal.inet.InetAddresses] Adding IP addresses for network interface VirtualBox Host-Only Ethernet Adapter-WFP 802.3 MAC Layer LightWeight Filter-0000
2024-08-21T00:46:19.912-0300 [DEBUG] [org.gradle.internal.remote.internal.inet.InetAddresses] Is this a loopback interface? false
2024-08-21T00:46:19.912-0300 [DEBUG] [org.gradle.internal.remote.internal.inet.InetAddresses] Adding IP addresses for network interface Intel(R) Wireless-AC 9462-WFP Native MAC Layer LightWeight Filter-0000
2024-08-21T00:46:19.914-0300 [DEBUG] [org.gradle.internal.remote.internal.inet.InetAddresses] Is this a loopback interface? false
2024-08-21T00:46:19.914-0300 [DEBUG] [org.gradle.internal.remote.internal.inet.InetAddresses] Adding IP addresses for network interface Intel(R) Wireless-AC 9462-Virtual WiFi Filter Driver-0000
2024-08-21T00:46:19.915-0300 [DEBUG] [org.gradle.internal.remote.internal.inet.InetAddresses] Is this a loopback interface? false
2024-08-21T00:46:19.915-0300 [DEBUG] [org.gradle.internal.remote.internal.inet.InetAddresses] Adding IP addresses for network interface Intel(R) Wireless-AC 9462-Native WiFi Filter Driver-0000
2024-08-21T00:46:19.916-0300 [DEBUG] [org.gradle.internal.remote.internal.inet.InetAddresses] Is this a loopback interface? false
2024-08-21T00:46:19.916-0300 [DEBUG] [org.gradle.internal.remote.internal.inet.InetAddresses] Adding IP addresses for network interface Intel(R) Wireless-AC 9462-VirtualBox NDIS Light-Weight Filter-0000
2024-08-21T00:46:19.918-0300 [DEBUG] [org.gradle.internal.remote.internal.inet.InetAddresses] Is this a loopback interface? false
2024-08-21T00:46:19.918-0300 [DEBUG] [org.gradle.internal.remote.internal.inet.InetAddresses] Adding IP addresses for network interface Intel(R) Wireless-AC 9462-QoS Packet Scheduler-0000
2024-08-21T00:46:19.919-0300 [DEBUG] [org.gradle.internal.remote.internal.inet.InetAddresses] Is this a loopback interface? false
2024-08-21T00:46:19.919-0300 [DEBUG] [org.gradle.internal.remote.internal.inet.InetAddresses] Adding IP addresses for network interface Intel(R) Wireless-AC 9462-WFP 802.3 MAC Layer LightWeight Filter-0000
2024-08-21T00:46:19.921-0300 [DEBUG] [org.gradle.internal.remote.internal.inet.InetAddresses] Is this a loopback interface? false
2024-08-21T00:46:19.921-0300 [DEBUG] [org.gradle.internal.remote.internal.inet.InetAddresses] Adding IP addresses for network interface Microsoft Wi-Fi Direct Virtual Adapter-WFP Native MAC Layer LightWeight Filter-0000
2024-08-21T00:46:19.922-0300 [DEBUG] [org.gradle.internal.remote.internal.inet.InetAddresses] Is this a loopback interface? false
2024-08-21T00:46:19.922-0300 [DEBUG] [org.gradle.internal.remote.internal.inet.InetAddresses] Adding IP addresses for network interface Microsoft Wi-Fi Direct Virtual Adapter-Native WiFi Filter Driver-0000
2024-08-21T00:46:19.923-0300 [DEBUG] [org.gradle.internal.remote.internal.inet.InetAddresses] Is this a loopback interface? false
2024-08-21T00:46:19.924-0300 [DEBUG] [org.gradle.internal.remote.internal.inet.InetAddresses] Adding IP addresses for network interface Microsoft Wi-Fi Direct Virtual Adapter-VirtualBox NDIS Light-Weight Filter-0000
2024-08-21T00:46:19.925-0300 [DEBUG] [org.gradle.internal.remote.internal.inet.InetAddresses] Is this a loopback interface? false
2024-08-21T00:46:19.925-0300 [DEBUG] [org.gradle.internal.remote.internal.inet.InetAddresses] Adding IP addresses for network interface Microsoft Wi-Fi Direct Virtual Adapter-QoS Packet Scheduler-0000
2024-08-21T00:46:19.926-0300 [DEBUG] [org.gradle.internal.remote.internal.inet.InetAddresses] Is this a loopback interface? false
2024-08-21T00:46:19.926-0300 [DEBUG] [org.gradle.internal.remote.internal.inet.InetAddresses] Adding IP addresses for network interface Microsoft Wi-Fi Direct Virtual Adapter-WFP 802.3 MAC Layer LightWeight Filter-0000
2024-08-21T00:46:19.927-0300 [DEBUG] [org.gradle.internal.remote.internal.inet.InetAddresses] Is this a loopback interface? false
2024-08-21T00:46:19.927-0300 [DEBUG] [org.gradle.internal.remote.internal.inet.InetAddresses] Adding IP addresses for network interface Microsoft Wi-Fi Direct Virtual Adapter #2-WFP Native MAC Layer LightWeight Filter-0000
2024-08-21T00:46:19.929-0300 [DEBUG] [org.gradle.internal.remote.internal.inet.InetAddresses] Is this a loopback interface? false
2024-08-21T00:46:19.929-0300 [DEBUG] [org.gradle.internal.remote.internal.inet.InetAddresses] Adding IP addresses for network interface Microsoft Wi-Fi Direct Virtual Adapter #2-Native WiFi Filter Driver-0000
2024-08-21T00:46:19.930-0300 [DEBUG] [org.gradle.internal.remote.internal.inet.InetAddresses] Is this a loopback interface? false
2024-08-21T00:46:19.930-0300 [DEBUG] [org.gradle.internal.remote.internal.inet.InetAddresses] Adding IP addresses for network interface Microsoft Wi-Fi Direct Virtual Adapter #2-VirtualBox NDIS Light-Weight Filter-0000
2024-08-21T00:46:19.931-0300 [DEBUG] [org.gradle.internal.remote.internal.inet.InetAddresses] Is this a loopback interface? false
2024-08-21T00:46:19.931-0300 [DEBUG] [org.gradle.internal.remote.internal.inet.InetAddresses] Adding IP addresses for network interface Microsoft Wi-Fi Direct Virtual Adapter #2-QoS Packet Scheduler-0000
2024-08-21T00:46:19.933-0300 [DEBUG] [org.gradle.internal.remote.internal.inet.InetAddresses] Is this a loopback interface? false
2024-08-21T00:46:19.933-0300 [DEBUG] [org.gradle.internal.remote.internal.inet.InetAddresses] Adding IP addresses for network interface Microsoft Wi-Fi Direct Virtual Adapter #2-WFP 802.3 MAC Layer LightWeight Filter-0000
2024-08-21T00:46:19.934-0300 [DEBUG] [org.gradle.internal.remote.internal.inet.InetAddresses] Is this a loopback interface? false
2024-08-21T00:46:19.934-0300 [DEBUG] [org.gradle.internal.remote.internal.inet.InetAddresses] Adding IP addresses for network interface WAN Miniport (IP)-WFP Native MAC Layer LightWeight Filter-0000
2024-08-21T00:46:19.935-0300 [DEBUG] [org.gradle.internal.remote.internal.inet.InetAddresses] Is this a loopback interface? false
2024-08-21T00:46:19.935-0300 [DEBUG] [org.gradle.internal.remote.internal.inet.InetAddresses] Adding IP addresses for network interface WAN Miniport (IP)-QoS Packet Scheduler-0000
2024-08-21T00:46:19.937-0300 [DEBUG] [org.gradle.internal.remote.internal.inet.InetAddresses] Is this a loopback interface? false
2024-08-21T00:46:19.937-0300 [DEBUG] [org.gradle.internal.remote.internal.inet.InetAddresses] Adding IP addresses for network interface WAN Miniport (IPv6)-WFP Native MAC Layer LightWeight Filter-0000
2024-08-21T00:46:19.938-0300 [DEBUG] [org.gradle.internal.remote.internal.inet.InetAddresses] Is this a loopback interface? false
2024-08-21T00:46:19.938-0300 [DEBUG] [org.gradle.internal.remote.internal.inet.InetAddresses] Adding IP addresses for network interface WAN Miniport (IPv6)-QoS Packet Scheduler-0000
2024-08-21T00:46:19.939-0300 [DEBUG] [org.gradle.internal.remote.internal.inet.InetAddresses] Is this a loopback interface? false
2024-08-21T00:46:19.939-0300 [DEBUG] [org.gradle.internal.remote.internal.inet.InetAddresses] Adding IP addresses for network interface WAN Miniport (Network Monitor)-WFP Native MAC Layer LightWeight Filter-0000
2024-08-21T00:46:19.940-0300 [DEBUG] [org.gradle.internal.remote.internal.inet.InetAddresses] Is this a loopback interface? false
2024-08-21T00:46:19.941-0300 [DEBUG] [org.gradle.internal.remote.internal.inet.InetAddresses] Adding IP addresses for network interface WAN Miniport (Network Monitor)-QoS Packet Scheduler-0000
2024-08-21T00:46:19.942-0300 [DEBUG] [org.gradle.internal.remote.internal.inet.InetAddresses] Is this a loopback interface? false
2024-08-21T00:46:19.945-0300 [DEBUG] [org.gradle.internal.remote.internal.inet.TcpIncomingConnector] Listening on [984545ec-9a27-49df-9ea3-895ca03ee6fd port:51058, addresses:[localhost/127.0.0.1]].
2024-08-21T00:46:19.959-0300 [DEBUG] [org.gradle.launcher.daemon.server.Daemon] Daemon starting at: Wed Aug 21 00:46:19 BRT 2024, with address: [984545ec-9a27-49df-9ea3-895ca03ee6fd port:51058, addresses:[localhost/127.0.0.1]]
2024-08-21T00:46:19.959-0300 [INFO] [org.gradle.launcher.daemon.server.DaemonRegistryUpdater] Advertising the daemon address to the clients: [984545ec-9a27-49df-9ea3-895ca03ee6fd port:51058, addresses:[localhost/127.0.0.1]]
2024-08-21T00:46:19.959-0300 [DEBUG] [org.gradle.launcher.daemon.server.DaemonRegistryUpdater] Advertised daemon context: DefaultDaemonContext[uid=962feec8-4f49-4c43-b494-451104e0fb96,javaHome=C:\Program Files\Android\Android Studio\jbr,daemonRegistryDir=C:\Users\Felipe\AndroidStudioProjects\CakeStock\daemon,pid=2644,idleTimeout=10800000,priority=NORMAL,applyInstrumentationAgent=true,daemonOpts=--add-opens=java.base/java.util=ALL-UNNAMED,--add-opens=java.base/java.lang=ALL-UNNAMED,--add-opens=java.base/java.lang.invoke=ALL-UNNAMED,--add-opens=java.prefs/java.util.prefs=ALL-UNNAMED,--add-opens=java.base/java.nio.charset=ALL-UNNAMED,--add-opens=java.base/java.net=ALL-UNNAMED,--add-opens=java.base/java.util.concurrent.atomic=ALL-UNNAMED,-Xmx2048m,-Dfile.encoding=UTF-8,-Duser.country=BR,-Duser.language=pt,-Duser.variant]
2024-08-21T00:46:19.961-0300 [DEBUG] [org.gradle.launcher.daemon.registry.PersistentDaemonRegistry] Storing daemon address: [984545ec-9a27-49df-9ea3-895ca03ee6fd port:51058, addresses:[localhost/127.0.0.1]], context: DefaultDaemonContext[uid=962feec8-4f49-4c43-b494-451104e0fb96,javaHome=C:\Program Files\Android\Android Studio\jbr,daemonRegistryDir=C:\Users\Felipe\AndroidStudioProjects\CakeStock\daemon,pid=2644,idleTimeout=10800000,priority=NORMAL,applyInstrumentationAgent=true,daemonOpts=--add-opens=java.base/java.util=ALL-UNNAMED,--add-opens=java.base/java.lang=ALL-UNNAMED,--add-opens=java.base/java.lang.invoke=ALL-UNNAMED,--add-opens=java.prefs/java.util.prefs=ALL-UNNAMED,--add-opens=java.base/java.nio.charset=ALL-UNNAMED,--add-opens=java.base/java.net=ALL-UNNAMED,--add-opens=java.base/java.util.concurrent.atomic=ALL-UNNAMED,-Xmx2048m,-Dfile.encoding=UTF-8,-Duser.country=BR,-Duser.language=pt,-Duser.variant]
2024-08-21T00:46:19.972-0300 [DEBUG] [org.gradle.cache.internal.DefaultFileLockManager] Waiting to acquire exclusive lock on daemon addresses registry.
2024-08-21T00:46:19.974-0300 [DEBUG] [org.gradle.cache.internal.DefaultFileLockManager] Lock acquired on daemon addresses registry.
2024-08-21T00:46:19.978-0300 [DEBUG] [org.gradle.cache.internal.DefaultFileLockManager] Releasing lock on daemon addresses registry.
2024-08-21T00:46:19.979-0300 [LIFECYCLE] [org.gradle.launcher.daemon.server.Daemon] Daemon server started.
2024-08-21T00:46:19.980-0300 [DEBUG] [org.gradle.launcher.daemon.bootstrap.DaemonStartupCommunication] Completed writing the daemon greeting. Closing streams...
2024-08-21T00:46:19.983-0300 [DEBUG] [org.gradle.launcher.daemon.server.Daemon] stopOnExpiration() called on daemon
2024-08-21T00:46:19.985-0300 [DEBUG] [org.gradle.launcher.daemon.server.Daemon] awaitExpiration() called on daemon
2024-08-21T00:46:19.985-0300 [DEBUG] [org.gradle.launcher.daemon.server.DaemonStateCoordinator] daemon is running. Sleeping until state changes.
2024-08-21T00:46:19.988-0300 [DEBUG] [org.gradle.internal.remote.internal.inet.TcpIncomingConnector] Accepted connection from /127.0.0.1:51059 to /127.0.0.1:51058.
2024-08-21T00:46:20.030-0300 [DEBUG] [org.gradle.launcher.daemon.server.SynchronizedDispatchConnection] thread 22: received class org.gradle.launcher.daemon.protocol.Build
2024-08-21T00:46:20.030-0300 [DEBUG] [org.gradle.launcher.daemon.server.DefaultDaemonConnection] thread 22: Received non-IO message from client: Build{id=0f6ac6dc-d17b-4c7d-88df-4359185d39e9, currentDir=C:\Users\Felipe\AndroidStudioProjects\CakeStock}
2024-08-21T00:46:20.031-0300 [INFO] [org.gradle.launcher.daemon.server.DefaultIncomingConnectionHandler] Received command: Build{id=0f6ac6dc-d17b-4c7d-88df-4359185d39e9, currentDir=C:\Users\Felipe\AndroidStudioProjects\CakeStock}.
2024-08-21T00:46:20.031-0300 [DEBUG] [org.gradle.launcher.daemon.server.DefaultIncomingConnectionHandler] Starting executing command: Build{id=0f6ac6dc-d17b-4c7d-88df-4359185d39e9, currentDir=C:\Users\Felipe\AndroidStudioProjects\CakeStock} with connection: socket connection from /127.0.0.1:51058 to /127.0.0.1:51059.
2024-08-21T00:46:20.033-0300 [DEBUG] [org.gradle.launcher.daemon.server.DaemonStateCoordinator] Command execution: started DaemonCommandExecution[command = Build{id=0f6ac6dc-d17b-4c7d-88df-4359185d39e9, currentDir=C:\Users\Felipe\AndroidStudioProjects\CakeStock}, connection = DefaultDaemonConnection: socket connection from /127.0.0.1:51058 to /127.0.0.1:51059] after 0.0 minutes of idle
2024-08-21T00:46:20.033-0300 [INFO] [org.gradle.launcher.daemon.server.DaemonRegistryUpdater] Marking the daemon as busy, address: [984545ec-9a27-49df-9ea3-895ca03ee6fd port:51058, addresses:[localhost/127.0.0.1]]
2024-08-21T00:46:20.033-0300 [DEBUG] [org.gradle.launcher.daemon.registry.PersistentDaemonRegistry] Marking busy by address: [984545ec-9a27-49df-9ea3-895ca03ee6fd port:51058, addresses:[localhost/127.0.0.1]]
2024-08-21T00:46:20.034-0300 [DEBUG] [org.gradle.cache.internal.DefaultFileLockManager] Waiting to acquire exclusive lock on daemon addresses registry.
2024-08-21T00:46:20.034-0300 [DEBUG] [org.gradle.cache.internal.DefaultFileLockManager] Lock acquired on daemon addresses registry.
2024-08-21T00:46:20.035-0300 [DEBUG] [org.gradle.cache.internal.DefaultFileLockManager] Releasing lock on daemon addresses registry.
2024-08-21T00:46:20.035-0300 [DEBUG] [org.gradle.launcher.daemon.server.DaemonStateCoordinator] resetting idle timer
2024-08-21T00:46:20.035-0300 [DEBUG] [org.gradle.launcher.daemon.server.DaemonStateCoordinator] daemon is running. Sleeping until state changes.
2024-08-21T00:46:20.035-0300 [INFO] [org.gradle.launcher.daemon.server.exec.StartBuildOrRespondWithBusy] Daemon is about to start building Build{id=0f6ac6dc-d17b-4c7d-88df-4359185d39e9, currentDir=C:\Users\Felipe\AndroidStudioProjects\CakeStock}. Dispatching build started information...
2024-08-21T00:46:20.035-0300 [DEBUG] [org.gradle.launcher.daemon.server.SynchronizedDispatchConnection] thread 24: dispatching org.gradle.launcher.daemon.protocol.BuildStarted@48ece0aa
2024-08-21T00:46:20.037-0300 [DEBUG] [org.gradle.launcher.daemon.server.exec.EstablishBuildEnvironment] Configuring env variables: [USERDOMAIN_ROAMINGPROFILE, OneDriveCommercial, LOCALAPPDATA, PROCESSOR_LEVEL, USERDOMAIN, LOGONSERVER, JAVA_HOME, SESSIONNAME, ALLUSERSPROFILE, PROCESSOR_ARCHITECTURE, PSModulePath, SystemDrive, JRE_HOME, OneDrive, APPDATA, USERNAME, ProgramFiles(x86), VBOX_MSI_INSTALL_PATH, EFC_9380, CommonProgramFiles, Path, ANDROID_SDK_HOME, PATHEXT, DriverData, OS, OneDriveConsumer, COMPUTERNAME, PROCESSOR_REVISION, CommonProgramW6432, ComSpec, ProgramData, ProgramW6432, TEMP, HOMEPATH, SystemRoot, PROCESSOR_IDENTIFIER, HOMEDRIVE, USERPROFILE, TMP, CommonProgramFiles(x86), ProgramFiles, PUBLIC, windir, NUMBER_OF_PROCESSORS, IDEA_INITIAL_DIRECTORY, ZES_ENABLE_SYSMAN]
2024-08-21T00:46:20.038-0300 [DEBUG] [org.gradle.launcher.daemon.server.SynchronizedDispatchConnection] thread 22: received class org.gradle.launcher.daemon.protocol.CloseInput
2024-08-21T00:46:20.038-0300 [DEBUG] [org.gradle.launcher.daemon.server.DefaultDaemonConnection] thread 22: Received IO message from client: org.gradle.launcher.daemon.protocol.CloseInput@5fcaa6b6
2024-08-21T00:46:20.041-0300 [DEBUG] [org.gradle.launcher.daemon.server.exec.LogToClient] About to start relaying all logs to the client via the connection.
2024-08-21T00:46:20.041-0300 [INFO] [org.gradle.launcher.daemon.server.exec.LogToClient] The client will now receive all logging from the daemon (pid: 2644). The daemon log file: C:\Users\Felipe\AndroidStudioProjects\CakeStock\daemon\8.6\daemon-2644.out.log
2024-08-21T00:46:20.043-0300 [INFO] [org.gradle.launcher.daemon.server.exec.LogAndCheckHealth] Starting build in new daemon [memory: 2 GiB]
2024-08-21T00:46:20.044-0300 [INFO] [org.gradle.launcher.daemon.server.exec.ForwardClientInput] Closing daemon's stdin at end of input.
2024-08-21T00:46:20.044-0300 [INFO] [org.gradle.launcher.daemon.server.exec.ForwardClientInput] The daemon will no longer process any standard input.
2024-08-21T00:46:20.045-0300 [DEBUG] [org.gradle.launcher.daemon.server.exec.ExecuteBuild] The daemon has started executing the build.
2024-08-21T00:46:20.045-0300 [DEBUG] [org.gradle.launcher.daemon.server.exec.ExecuteBuild] Executing build with daemon context: DefaultDaemonContext[uid=962feec8-4f49-4c43-b494-451104e0fb96,javaHome=C:\Program Files\Android\Android Studio\jbr,daemonRegistryDir=C:\Users\Felipe\AndroidStudioProjects\CakeStock\daemon,pid=2644,idleTimeout=10800000,priority=NORMAL,applyInstrumentationAgent=true,daemonOpts=--add-opens=java.base/java.util=ALL-UNNAMED,--add-opens=java.base/java.lang=ALL-UNNAMED,--add-opens=java.base/java.lang.invoke=ALL-UNNAMED,--add-opens=java.prefs/java.util.prefs=ALL-UNNAMED,--add-opens=java.base/java.nio.charset=ALL-UNNAMED,--add-opens=java.base/java.net=ALL-UNNAMED,--add-opens=java.base/java.util.concurrent.atomic=ALL-UNNAMED,-Xmx2048m,-Dfile.encoding=UTF-8,-Duser.country=BR,-Duser.language=pt,-Duser.variant]
Observed package id 'emulator' in inconsistent location 'D:\Android\Sdk\emulator.backup' (Expected 'D:\Android\Sdk\emulator')
Already observed package id 'emulator' in 'D:\Android\Sdk\emulator'. Skipping duplicate at 'D:\Android\Sdk\emulator.backup'
Observed package id 'platform-tools' in inconsistent location 'D:\Android\Sdk\platform-tools-backup' (Expected 'D:\Android\Sdk\platform-tools')

BUILD SUCCESSFUL in 11s
33 actionable tasks: 2 executed, 31 up-to-date
2024-08-21T00:46:30.011-0300 [DEBUG] [org.gradle.launcher.daemon.server.exec.ExecuteBuild] The daemon has finished executing the build.
2024-08-21T00:46:30.028-0300 [DEBUG] [org.gradle.launcher.daemon.server.DaemonStateCoordinator] daemon is running. Sleeping until state changes.
2024-08-21T00:46:30.029-0300 [DEBUG] [org.gradle.launcher.daemon.server.DaemonStateCoordinator] Command execution: finished waiting for DaemonCommandExecution[command = Build{id=0f6ac6dc-d17b-4c7d-88df-4359185d39e9, currentDir=C:\Users\Felipe\AndroidStudioProjects\CakeStock}, connection = DefaultDaemonConnection: socket connection from /127.0.0.1:51058 to /127.0.0.1:51059]. Result org.gradle.launcher.daemon.server.DaemonStateCoordinator@5fdc636 with state Busy
2024-08-21T00:46:30.029-0300 [DEBUG] [org.gradle.launcher.daemon.server.DaemonStateCoordinator] Command execution: completed DaemonCommandExecution[command = Build{id=0f6ac6dc-d17b-4c7d-88df-4359185d39e9, currentDir=C:\Users\Felipe\AndroidStudioProjects\CakeStock}, connection = DefaultDaemonConnection: socket connection from /127.0.0.1:51058 to /127.0.0.1:51059]
2024-08-21T00:46:30.029-0300 [DEBUG] [org.gradle.launcher.daemon.server.DaemonStateCoordinator] resetting idle timer
2024-08-21T00:46:30.029-0300 [INFO] [org.gradle.launcher.daemon.server.DaemonRegistryUpdater] Marking the daemon as idle, address: [984545ec-9a27-49df-9ea3-895ca03ee6fd port:51058, addresses:[localhost/127.0.0.1]]
2024-08-21T00:46:30.029-0300 [DEBUG] [org.gradle.launcher.daemon.registry.PersistentDaemonRegistry] Marking busy by address: [984545ec-9a27-49df-9ea3-895ca03ee6fd port:51058, addresses:[localhost/127.0.0.1]]
2024-08-21T00:46:30.029-0300 [DEBUG] [org.gradle.cache.internal.DefaultFileLockManager] Waiting to acquire exclusive lock on daemon addresses registry.
2024-08-21T00:46:30.030-0300 [DEBUG] [org.gradle.cache.internal.DefaultFileLockManager] Lock acquired on daemon addresses registry.
2024-08-21T00:46:30.031-0300 [DEBUG] [org.gradle.cache.internal.DefaultFileLockManager] Releasing lock on daemon addresses registry.
2024-08-21T00:46:30.032-0300 [DEBUG] [org.gradle.launcher.daemon.server.DaemonStateCoordinator] daemon is running. Sleeping until state changes.
2024-08-21T00:46:30.032-0300 [DEBUG] [org.gradle.launcher.daemon.server.exec.ReturnResult] Daemon is dispatching the build result: Success[value=org.gradle.launcher.exec.BuildActionResult@51d2beea]
2024-08-21T00:46:30.032-0300 [DEBUG] [org.gradle.launcher.daemon.server.SynchronizedDispatchConnection] thread 21: dispatching Success[value=org.gradle.launcher.exec.BuildActionResult@51d2beea]
2024-08-21T00:46:30.033-0300 [DEBUG] [org.gradle.launcher.daemon.server.DefaultIncomingConnectionHandler] Finishing executing command: Build{id=0f6ac6dc-d17b-4c7d-88df-4359185d39e9, currentDir=C:\Users\Felipe\AndroidStudioProjects\CakeStock}
2024-08-21T00:46:30.034-0300 [DEBUG] [org.gradle.launcher.daemon.server.SynchronizedDispatchConnection] thread 22: received class org.gradle.launcher.daemon.protocol.Finished
2024-08-21T00:46:30.034-0300 [DEBUG] [org.gradle.launcher.daemon.server.DefaultDaemonConnection] thread 22: Received non-IO message from client: org.gradle.launcher.daemon.protocol.Finished@6e6d5ade
2024-08-21T00:46:30.034-0300 [DEBUG] [org.gradle.launcher.daemon.server.DefaultIncomingConnectionHandler] Received finished message: org.gradle.launcher.daemon.protocol.Finished@6e6d5ade
2024-08-21T00:46:30.034-0300 [DEBUG] [org.gradle.launcher.daemon.server.SynchronizedDispatchConnection] thread 21: stopping connection
2024-08-21T00:46:30.035-0300 [DEBUG] [org.gradle.internal.remote.internal.inet.SocketConnection] Discarding EOFException: java.io.EOFException
2024-08-21T00:46:30.035-0300 [DEBUG] [org.gradle.launcher.daemon.server.SynchronizedDispatchConnection] thread 22: received null
2024-08-21T00:46:30.035-0300 [DEBUG] [org.gradle.launcher.daemon.server.DefaultDaemonConnection] thread 22: Received end-of-input from client.
2024-08-21T00:46:30.036-0300 [DEBUG] [org.gradle.launcher.daemon.server.SynchronizedDispatchConnection] thread 21: stopping connection
2024-08-21T00:46:39.990-0300 [DEBUG] [org.gradle.cache.internal.DefaultFileLockManager] Waiting to acquire shared lock on daemon addresses registry.
2024-08-21T00:46:39.990-0300 [DEBUG] [org.gradle.cache.internal.DefaultFileLockManager] Lock acquired on daemon addresses registry.
2024-08-21T00:46:39.990-0300 [DEBUG] [org.gradle.cache.internal.DefaultFileLockManager] Releasing lock on daemon addresses registry.
2024-08-21T00:46:39.991-0300 [DEBUG] [org.gradle.cache.internal.DefaultFileLockManager] Waiting to acquire shared lock on daemon addresses registry.
2024-08-21T00:46:39.991-0300 [DEBUG] [org.gradle.cache.internal.DefaultFileLockManager] Lock acquired on daemon addresses registry.
2024-08-21T00:46:39.991-0300 [DEBUG] [org.gradle.cache.internal.DefaultFileLockManager] Releasing lock on daemon addresses registry.
2024-08-21T00:46:49.996-0300 [DEBUG] [org.gradle.cache.internal.DefaultFileLockManager] Waiting to acquire shared lock on daemon addresses registry.
2024-08-21T00:46:49.997-0300 [DEBUG] [org.gradle.cache.internal.DefaultFileLockManager] Lock acquired on daemon addresses registry.
2024-08-21T00:46:49.998-0300 [DEBUG] [org.gradle.cache.internal.DefaultFileLockManager] Releasing lock on daemon addresses registry.
2024-08-21T00:46:50.001-0300 [DEBUG] [org.gradle.cache.internal.DefaultFileLockManager] Waiting to acquire shared lock on daemon addresses registry.
2024-08-21T00:46:50.002-0300 [DEBUG] [org.gradle.cache.internal.DefaultFileLockManager] Lock acquired on daemon addresses registry.
2024-08-21T00:46:50.002-0300 [DEBUG] [org.gradle.cache.internal.DefaultFileLockManager] Releasing lock on daemon addresses registry.
2024-08-21T00:46:50.004-0300 [DEBUG] [org.gradle.cache.internal.DefaultFileLockManager] Waiting to acquire shared lock on daemon addresses registry.
2024-08-21T00:46:50.004-0300 [DEBUG] [org.gradle.cache.internal.DefaultFileLockManager] Lock acquired on daemon addresses registry.
2024-08-21T00:46:50.005-0300 [DEBUG] [org.gradle.cache.internal.DefaultFileLockManager] Releasing lock on daemon addresses registry.
2024-08-21T00:46:59.989-0300 [DEBUG] [org.gradle.cache.internal.DefaultFileLockManager] Waiting to acquire shared lock on daemon addresses registry.
2024-08-21T00:46:59.989-0300 [DEBUG] [org.gradle.cache.internal.DefaultFileLockManager] Lock acquired on daemon addresses registry.
2024-08-21T00:46:59.989-0300 [DEBUG] [org.gradle.cache.internal.DefaultFileLockManager] Releasing lock on daemon addresses registry.
2024-08-21T00:46:59.990-0300 [DEBUG] [org.gradle.cache.internal.DefaultFileLockManager] Waiting to acquire shared lock on daemon addresses registry.
2024-08-21T00:46:59.990-0300 [DEBUG] [org.gradle.cache.internal.DefaultFileLockManager] Lock acquired on daemon addresses registry.
2024-08-21T00:46:59.990-0300 [DEBUG] [org.gradle.cache.internal.DefaultFileLockManager] Releasing lock on daemon addresses registry.
2024-08-21T00:46:59.990-0300 [DEBUG] [org.gradle.cache.internal.DefaultFileLockManager] Waiting to acquire shared lock on daemon addresses registry.
2024-08-21T00:46:59.990-0300 [DEBUG] [org.gradle.cache.internal.DefaultFileLockManager] Lock acquired on daemon addresses registry.
2024-08-21T00:46:59.990-0300 [DEBUG] [org.gradle.cache.internal.DefaultFileLockManager] Releasing lock on daemon addresses registry.
2024-08-21T00:47:09.989-0300 [DEBUG] [org.gradle.cache.internal.DefaultFileLockManager] Waiting to acquire shared lock on daemon addresses registry.
2024-08-21T00:47:09.991-0300 [DEBUG] [org.gradle.cache.internal.DefaultFileLockManager] Lock acquired on daemon addresses registry.
2024-08-21T00:47:09.991-0300 [DEBUG] [org.gradle.cache.internal.DefaultFileLockManager] Releasing lock on daemon addresses registry.
2024-08-21T00:47:09.993-0300 [DEBUG] [org.gradle.cache.internal.DefaultFileLockManager] Waiting to acquire shared lock on daemon addresses registry.
2024-08-21T00:47:09.994-0300 [DEBUG] [org.gradle.cache.internal.DefaultFileLockManager] Lock acquired on daemon addresses registry.
2024-08-21T00:47:09.994-0300 [DEBUG] [org.gradle.cache.internal.DefaultFileLockManager] Releasing lock on daemon addresses registry.
2024-08-21T00:47:09.995-0300 [DEBUG] [org.gradle.cache.internal.DefaultFileLockManager] Waiting to acquire shared lock on daemon addresses registry.
2024-08-21T00:47:09.996-0300 [DEBUG] [org.gradle.cache.internal.DefaultFileLockManager] Lock acquired on daemon addresses registry.
2024-08-21T00:47:09.996-0300 [DEBUG] [org.gradle.cache.internal.DefaultFileLockManager] Releasing lock on daemon addresses registry.
2024-08-21T00:47:19.991-0300 [DEBUG] [org.gradle.cache.internal.DefaultFileLockManager] Waiting to acquire shared lock on daemon addresses registry.
2024-08-21T00:47:19.991-0300 [DEBUG] [org.gradle.cache.internal.DefaultFileLockManager] Lock acquired on daemon addresses registry.
2024-08-21T00:47:19.991-0300 [DEBUG] [org.gradle.cache.internal.DefaultFileLockManager] Releasing lock on daemon addresses registry.
2024-08-21T00:47:19.993-0300 [DEBUG] [org.gradle.cache.internal.DefaultFileLockManager] Waiting to acquire shared lock on daemon addresses registry.
2024-08-21T00:47:19.993-0300 [DEBUG] [org.gradle.cache.internal.DefaultFileLockManager] Lock acquired on daemon addresses registry.
2024-08-21T00:47:19.993-0300 [DEBUG] [org.gradle.cache.internal.DefaultFileLockManager] Releasing lock on daemon addresses registry.
2024-08-21T00:47:19.995-0300 [DEBUG] [org.gradle.cache.internal.DefaultFileLockManager] Waiting to acquire shared lock on daemon addresses registry.
2024-08-21T00:47:19.995-0300 [DEBUG] [org.gradle.cache.internal.DefaultFileLockManager] Lock acquired on daemon addresses registry.
2024-08-21T00:47:19.995-0300 [DEBUG] [org.gradle.cache.internal.DefaultFileLockManager] Releasing lock on daemon addresses registry.
2024-08-21T00:47:30.001-0300 [DEBUG] [org.gradle.cache.internal.DefaultFileLockManager] Waiting to acquire shared lock on daemon addresses registry.
2024-08-21T00:47:30.001-0300 [DEBUG] [org.gradle.cache.internal.DefaultFileLockManager] Lock acquired on daemon addresses registry.
2024-08-21T00:47:30.002-0300 [DEBUG] [org.gradle.cache.internal.DefaultFileLockManager] Releasing lock on daemon addresses registry.
2024-08-21T00:47:30.004-0300 [DEBUG] [org.gradle.cache.internal.DefaultFileLockManager] Waiting to acquire shared lock on daemon addresses registry.
2024-08-21T00:47:30.004-0300 [DEBUG] [org.gradle.cache.internal.DefaultFileLockManager] Lock acquired on daemon addresses registry.
2024-08-21T00:47:30.004-0300 [DEBUG] [org.gradle.cache.internal.DefaultFileLockManager] Releasing lock on daemon addresses registry.
2024-08-21T00:47:30.005-0300 [DEBUG] [org.gradle.cache.internal.DefaultFileLockManager] Waiting to acquire shared lock on daemon addresses registry.
2024-08-21T00:47:30.006-0300 [DEBUG] [org.gradle.cache.internal.DefaultFileLockManager] Lock acquired on daemon addresses registry.
2024-08-21T00:47:30.006-0300 [DEBUG] [org.gradle.cache.internal.DefaultFileLockManager] Releasing lock on daemon addresses registry.
2024-08-21T00:47:38.266-0300 [DEBUG] [org.gradle.internal.remote.internal.inet.TcpIncomingConnector] Accepted connection from /127.0.0.1:51076 to /127.0.0.1:51058.
2024-08-21T00:47:38.269-0300 [DEBUG] [org.gradle.launcher.daemon.server.SynchronizedDispatchConnection] thread 197: received class org.gradle.launcher.daemon.protocol.Build
2024-08-21T00:47:38.270-0300 [DEBUG] [org.gradle.launcher.daemon.server.DefaultDaemonConnection] thread 197: Received non-IO message from client: Build{id=6a8e4ce1-c281-48de-9623-f7170d2df135, currentDir=C:\Users\Felipe\AndroidStudioProjects\CakeStock}
2024-08-21T00:47:38.270-0300 [INFO] [org.gradle.launcher.daemon.server.DefaultIncomingConnectionHandler] Received command: Build{id=6a8e4ce1-c281-48de-9623-f7170d2df135, currentDir=C:\Users\Felipe\AndroidStudioProjects\CakeStock}.
2024-08-21T00:47:38.270-0300 [DEBUG] [org.gradle.launcher.daemon.server.DefaultIncomingConnectionHandler] Starting executing command: Build{id=6a8e4ce1-c281-48de-9623-f7170d2df135, currentDir=C:\Users\Felipe\AndroidStudioProjects\CakeStock} with connection: socket connection from /127.0.0.1:51058 to /127.0.0.1:51076.
2024-08-21T00:47:38.270-0300 [DEBUG] [org.gradle.launcher.daemon.server.DaemonStateCoordinator] Command execution: started DaemonCommandExecution[command = Build{id=6a8e4ce1-c281-48de-9623-f7170d2df135, currentDir=C:\Users\Felipe\AndroidStudioProjects\CakeStock}, connection = DefaultDaemonConnection: socket connection from /127.0.0.1:51058 to /127.0.0.1:51076] after 1.0 minutes of idle
2024-08-21T00:47:38.270-0300 [INFO] [org.gradle.launcher.daemon.server.DaemonRegistryUpdater] Marking the daemon as busy, address: [984545ec-9a27-49df-9ea3-895ca03ee6fd port:51058, addresses:[localhost/127.0.0.1]]
2024-08-21T00:47:38.270-0300 [DEBUG] [org.gradle.launcher.daemon.registry.PersistentDaemonRegistry] Marking busy by address: [984545ec-9a27-49df-9ea3-895ca03ee6fd port:51058, addresses:[localhost/127.0.0.1]]
2024-08-21T00:47:38.271-0300 [DEBUG] [org.gradle.cache.internal.DefaultFileLockManager] Waiting to acquire exclusive lock on daemon addresses registry.
2024-08-21T00:47:38.271-0300 [DEBUG] [org.gradle.cache.internal.DefaultFileLockManager] Lock acquired on daemon addresses registry.
2024-08-21T00:47:38.272-0300 [DEBUG] [org.gradle.cache.internal.DefaultFileLockManager] Releasing lock on daemon addresses registry.
2024-08-21T00:47:38.272-0300 [DEBUG] [org.gradle.launcher.daemon.server.DaemonStateCoordinator] resetting idle timer
2024-08-21T00:47:38.272-0300 [DEBUG] [org.gradle.launcher.daemon.server.DaemonStateCoordinator] daemon is running. Sleeping until state changes.
2024-08-21T00:47:38.272-0300 [INFO] [org.gradle.launcher.daemon.server.exec.StartBuildOrRespondWithBusy] Daemon is about to start building Build{id=6a8e4ce1-c281-48de-9623-f7170d2df135, currentDir=C:\Users\Felipe\AndroidStudioProjects\CakeStock}. Dispatching build started information...
2024-08-21T00:47:38.272-0300 [DEBUG] [org.gradle.launcher.daemon.server.SynchronizedDispatchConnection] thread 199: dispatching org.gradle.launcher.daemon.protocol.BuildStarted@4959bf77
2024-08-21T00:47:38.274-0300 [DEBUG] [org.gradle.launcher.daemon.server.SynchronizedDispatchConnection] thread 197: received class org.gradle.launcher.daemon.protocol.CloseInput
2024-08-21T00:47:38.274-0300 [DEBUG] [org.gradle.launcher.daemon.server.DefaultDaemonConnection] thread 197: Received IO message from client: org.gradle.launcher.daemon.protocol.CloseInput@29e47726
2024-08-21T00:47:38.274-0300 [DEBUG] [org.gradle.launcher.daemon.server.exec.EstablishBuildEnvironment] Configuring env variables: [USERDOMAIN_ROAMINGPROFILE, OneDriveCommercial, LOCALAPPDATA, PROCESSOR_LEVEL, USERDOMAIN, LOGONSERVER, JAVA_HOME, SESSIONNAME, ALLUSERSPROFILE, PROCESSOR_ARCHITECTURE, PSModulePath, SystemDrive, JRE_HOME, OneDrive, APPDATA, USERNAME, ProgramFiles(x86), VBOX_MSI_INSTALL_PATH, EFC_9380, CommonProgramFiles, Path, ANDROID_SDK_HOME, PATHEXT, DriverData, OS, OneDriveConsumer, COMPUTERNAME, PROCESSOR_REVISION, CommonProgramW6432, ComSpec, ProgramData, ProgramW6432, TEMP, HOMEPATH, SystemRoot, PROCESSOR_IDENTIFIER, HOMEDRIVE, USERPROFILE, TMP, CommonProgramFiles(x86), ProgramFiles, PUBLIC, windir, NUMBER_OF_PROCESSORS, IDEA_INITIAL_DIRECTORY, ZES_ENABLE_SYSMAN]
2024-08-21T00:47:38.275-0300 [DEBUG] [org.gradle.launcher.daemon.server.exec.LogToClient] About to start relaying all logs to the client via the connection.
2024-08-21T00:47:38.275-0300 [INFO] [org.gradle.launcher.daemon.server.exec.LogToClient] The client will now receive all logging from the daemon (pid: 2644). The daemon log file: C:\Users\Felipe\AndroidStudioProjects\CakeStock\daemon\8.6\daemon-2644.out.log
2024-08-21T00:47:38.277-0300 [INFO] [org.gradle.launcher.daemon.server.exec.LogAndCheckHealth] Starting 2nd build in daemon [uptime: 1 mins 18.53 secs, performance: 99%, GC rate: 0.00/s, heap usage: 0% of 2 GiB]
2024-08-21T00:47:38.277-0300 [DEBUG] [org.gradle.launcher.daemon.server.exec.ExecuteBuild] The daemon has started executing the build.
2024-08-21T00:47:38.277-0300 [INFO] [org.gradle.launcher.daemon.server.exec.ForwardClientInput] Closing daemon's stdin at end of input.
2024-08-21T00:47:38.277-0300 [INFO] [org.gradle.launcher.daemon.server.exec.ForwardClientInput] The daemon will no longer process any standard input.
2024-08-21T00:47:38.277-0300 [DEBUG] [org.gradle.launcher.daemon.server.exec.ExecuteBuild] Executing build with daemon context: DefaultDaemonContext[uid=962feec8-4f49-4c43-b494-451104e0fb96,javaHome=C:\Program Files\Android\Android Studio\jbr,daemonRegistryDir=C:\Users\Felipe\AndroidStudioProjects\CakeStock\daemon,pid=2644,idleTimeout=10800000,priority=NORMAL,applyInstrumentationAgent=true,daemonOpts=--add-opens=java.base/java.util=ALL-UNNAMED,--add-opens=java.base/java.lang=ALL-UNNAMED,--add-opens=java.base/java.lang.invoke=ALL-UNNAMED,--add-opens=java.prefs/java.util.prefs=ALL-UNNAMED,--add-opens=java.base/java.nio.charset=ALL-UNNAMED,--add-opens=java.base/java.net=ALL-UNNAMED,--add-opens=java.base/java.util.concurrent.atomic=ALL-UNNAMED,-Xmx2048m,-Dfile.encoding=UTF-8,-Duser.country=BR,-Duser.language=pt,-Duser.variant]

BUILD SUCCESSFUL in 645ms
1 actionable task: 1 executed
2024-08-21T00:47:38.920-0300 [DEBUG] [org.gradle.launcher.daemon.server.exec.ExecuteBuild] The daemon has finished executing the build.
2024-08-21T00:47:38.936-0300 [DEBUG] [org.gradle.launcher.daemon.server.DaemonStateCoordinator] daemon is running. Sleeping until state changes.
2024-08-21T00:47:38.936-0300 [DEBUG] [org.gradle.launcher.daemon.server.DaemonStateCoordinator] Command execution: finished waiting for DaemonCommandExecution[command = Build{id=6a8e4ce1-c281-48de-9623-f7170d2df135, currentDir=C:\Users\Felipe\AndroidStudioProjects\CakeStock}, connection = DefaultDaemonConnection: socket connection from /127.0.0.1:51058 to /127.0.0.1:51076]. Result org.gradle.launcher.daemon.server.DaemonStateCoordinator@5fdc636 with state Busy
2024-08-21T00:47:38.936-0300 [DEBUG] [org.gradle.launcher.daemon.server.DaemonStateCoordinator] Command execution: completed DaemonCommandExecution[command = Build{id=6a8e4ce1-c281-48de-9623-f7170d2df135, currentDir=C:\Users\Felipe\AndroidStudioProjects\CakeStock}, connection = DefaultDaemonConnection: socket connection from /127.0.0.1:51058 to /127.0.0.1:51076]
2024-08-21T00:47:38.936-0300 [DEBUG] [org.gradle.launcher.daemon.server.DaemonStateCoordinator] resetting idle timer
2024-08-21T00:47:38.936-0300 [INFO] [org.gradle.launcher.daemon.server.DaemonRegistryUpdater] Marking the daemon as idle, address: [984545ec-9a27-49df-9ea3-895ca03ee6fd port:51058, addresses:[localhost/127.0.0.1]]
2024-08-21T00:47:38.936-0300 [DEBUG] [org.gradle.launcher.daemon.registry.PersistentDaemonRegistry] Marking busy by address: [984545ec-9a27-49df-9ea3-895ca03ee6fd port:51058, addresses:[localhost/127.0.0.1]]
2024-08-21T00:47:38.937-0300 [DEBUG] [org.gradle.cache.internal.DefaultFileLockManager] Waiting to acquire exclusive lock on daemon addresses registry.
2024-08-21T00:47:38.937-0300 [DEBUG] [org.gradle.cache.internal.DefaultFileLockManager] Lock acquired on daemon addresses registry.
2024-08-21T00:47:38.937-0300 [DEBUG] [org.gradle.cache.internal.DefaultFileLockManager] Releasing lock on daemon addresses registry.
2024-08-21T00:47:38.937-0300 [DEBUG] [org.gradle.launcher.daemon.server.exec.ReturnResult] Daemon is dispatching the build result: Success[value=org.gradle.launcher.exec.BuildActionResult@255d5ba5]
2024-08-21T00:47:38.938-0300 [DEBUG] [org.gradle.launcher.daemon.server.SynchronizedDispatchConnection] thread 196: dispatching Success[value=org.gradle.launcher.exec.BuildActionResult@255d5ba5]
2024-08-21T00:47:38.937-0300 [DEBUG] [org.gradle.launcher.daemon.server.DaemonStateCoordinator] daemon is running. Sleeping until state changes.
2024-08-21T00:47:38.938-0300 [DEBUG] [org.gradle.launcher.daemon.server.DefaultIncomingConnectionHandler] Finishing executing command: Build{id=6a8e4ce1-c281-48de-9623-f7170d2df135, currentDir=C:\Users\Felipe\AndroidStudioProjects\CakeStock}
2024-08-21T00:47:38.938-0300 [DEBUG] [org.gradle.launcher.daemon.server.SynchronizedDispatchConnection] thread 197: received class org.gradle.launcher.daemon.protocol.Finished
2024-08-21T00:47:38.938-0300 [DEBUG] [org.gradle.launcher.daemon.server.DefaultDaemonConnection] thread 197: Received non-IO message from client: org.gradle.launcher.daemon.protocol.Finished@27238c6a
2024-08-21T00:47:38.938-0300 [DEBUG] [org.gradle.launcher.daemon.server.DefaultIncomingConnectionHandler] Received finished message: org.gradle.launcher.daemon.protocol.Finished@27238c6a
2024-08-21T00:47:38.938-0300 [DEBUG] [org.gradle.internal.remote.internal.inet.SocketConnection] Discarding EOFException: java.io.EOFException
2024-08-21T00:47:38.938-0300 [DEBUG] [org.gradle.launcher.daemon.server.SynchronizedDispatchConnection] thread 196: stopping connection
2024-08-21T00:47:38.939-0300 [DEBUG] [org.gradle.launcher.daemon.server.SynchronizedDispatchConnection] thread 197: received null
2024-08-21T00:47:38.939-0300 [DEBUG] [org.gradle.launcher.daemon.server.DefaultDaemonConnection] thread 197: Received end-of-input from client.
2024-08-21T00:47:38.939-0300 [DEBUG] [org.gradle.launcher.daemon.server.SynchronizedDispatchConnection] thread 196: stopping connection
2024-08-21T00:47:39.994-0300 [DEBUG] [org.gradle.cache.internal.DefaultFileLockManager] Waiting to acquire shared lock on daemon addresses registry.
2024-08-21T00:47:39.994-0300 [DEBUG] [org.gradle.cache.internal.DefaultFileLockManager] Lock acquired on daemon addresses registry.
2024-08-21T00:47:39.994-0300 [DEBUG] [org.gradle.cache.internal.DefaultFileLockManager] Releasing lock on daemon addresses registry.
2024-08-21T00:47:39.996-0300 [DEBUG] [org.gradle.cache.internal.DefaultFileLockManager] Waiting to acquire shared lock on daemon addresses registry.
2024-08-21T00:47:39.996-0300 [DEBUG] [org.gradle.cache.internal.DefaultFileLockManager] Lock acquired on daemon addresses registry.
2024-08-21T00:47:39.996-0300 [DEBUG] [org.gradle.cache.internal.DefaultFileLockManager] Releasing lock on daemon addresses registry.
2024-08-21T00:47:42.210-0300 [DEBUG] [org.gradle.internal.remote.internal.inet.TcpIncomingConnector] Accepted connection from /127.0.0.1:51077 to /127.0.0.1:51058.
2024-08-21T00:47:42.214-0300 [DEBUG] [org.gradle.launcher.daemon.server.SynchronizedDispatchConnection] thread 233: received class org.gradle.launcher.daemon.protocol.Build
2024-08-21T00:47:42.214-0300 [DEBUG] [org.gradle.launcher.daemon.server.DefaultDaemonConnection] thread 233: Received non-IO message from client: Build{id=0d39ebe2-9672-472c-8182-65b5c0f82704, currentDir=C:\Users\Felipe\AndroidStudioProjects\CakeStock}
2024-08-21T00:47:42.214-0300 [INFO] [org.gradle.launcher.daemon.server.DefaultIncomingConnectionHandler] Received command: Build{id=0d39ebe2-9672-472c-8182-65b5c0f82704, currentDir=C:\Users\Felipe\AndroidStudioProjects\CakeStock}.
2024-08-21T00:47:42.215-0300 [DEBUG] [org.gradle.launcher.daemon.server.DefaultIncomingConnectionHandler] Starting executing command: Build{id=0d39ebe2-9672-472c-8182-65b5c0f82704, currentDir=C:\Users\Felipe\AndroidStudioProjects\CakeStock} with connection: socket connection from /127.0.0.1:51058 to /127.0.0.1:51077.
2024-08-21T00:47:42.215-0300 [DEBUG] [org.gradle.launcher.daemon.server.DaemonStateCoordinator] Command execution: started DaemonCommandExecution[command = Build{id=0d39ebe2-9672-472c-8182-65b5c0f82704, currentDir=C:\Users\Felipe\AndroidStudioProjects\CakeStock}, connection = DefaultDaemonConnection: socket connection from /127.0.0.1:51058 to /127.0.0.1:51077] after 0.0 minutes of idle
2024-08-21T00:47:42.215-0300 [INFO] [org.gradle.launcher.daemon.server.DaemonRegistryUpdater] Marking the daemon as busy, address: [984545ec-9a27-49df-9ea3-895ca03ee6fd port:51058, addresses:[localhost/127.0.0.1]]
2024-08-21T00:47:42.215-0300 [DEBUG] [org.gradle.launcher.daemon.registry.PersistentDaemonRegistry] Marking busy by address: [984545ec-9a27-49df-9ea3-895ca03ee6fd port:51058, addresses:[localhost/127.0.0.1]]
2024-08-21T00:47:42.216-0300 [DEBUG] [org.gradle.cache.internal.DefaultFileLockManager] Waiting to acquire exclusive lock on daemon addresses registry.
2024-08-21T00:47:42.217-0300 [DEBUG] [org.gradle.cache.internal.DefaultFileLockManager] Lock acquired on daemon addresses registry.
2024-08-21T00:47:42.218-0300 [DEBUG] [org.gradle.cache.internal.DefaultFileLockManager] Releasing lock on daemon addresses registry.
2024-08-21T00:47:42.219-0300 [DEBUG] [org.gradle.launcher.daemon.server.DaemonStateCoordinator] resetting idle timer
2024-08-21T00:47:42.219-0300 [DEBUG] [org.gradle.launcher.daemon.server.DaemonStateCoordinator] daemon is running. Sleeping until state changes.
2024-08-21T00:47:42.219-0300 [INFO] [org.gradle.launcher.daemon.server.exec.StartBuildOrRespondWithBusy] Daemon is about to start building Build{id=0d39ebe2-9672-472c-8182-65b5c0f82704, currentDir=C:\Users\Felipe\AndroidStudioProjects\CakeStock}. Dispatching build started information...
2024-08-21T00:47:42.219-0300 [DEBUG] [org.gradle.launcher.daemon.server.SynchronizedDispatchConnection] thread 199: dispatching org.gradle.launcher.daemon.protocol.BuildStarted@1a438645
2024-08-21T00:47:42.220-0300 [DEBUG] [org.gradle.launcher.daemon.server.exec.EstablishBuildEnvironment] Configuring env variables: [USERDOMAIN_ROAMINGPROFILE, OneDriveCommercial, LOCALAPPDATA, PROCESSOR_LEVEL, USERDOMAIN, LOGONSERVER, JAVA_HOME, SESSIONNAME, ALLUSERSPROFILE, PROCESSOR_ARCHITECTURE, PSModulePath, SystemDrive, JRE_HOME, OneDrive, APPDATA, USERNAME, ProgramFiles(x86), VBOX_MSI_INSTALL_PATH, EFC_9380, CommonProgramFiles, Path, ANDROID_SDK_HOME, PATHEXT, DriverData, OS, OneDriveConsumer, COMPUTERNAME, PROCESSOR_REVISION, CommonProgramW6432, ComSpec, ProgramData, ProgramW6432, TEMP, HOMEPATH, SystemRoot, PROCESSOR_IDENTIFIER, HOMEDRIVE, USERPROFILE, TMP, CommonProgramFiles(x86), ProgramFiles, PUBLIC, windir, NUMBER_OF_PROCESSORS, IDEA_INITIAL_DIRECTORY, ZES_ENABLE_SYSMAN]
2024-08-21T00:47:42.220-0300 [DEBUG] [org.gradle.launcher.daemon.server.SynchronizedDispatchConnection] thread 233: received class org.gradle.launcher.daemon.protocol.CloseInput
2024-08-21T00:47:42.220-0300 [DEBUG] [org.gradle.launcher.daemon.server.DefaultDaemonConnection] thread 233: Received IO message from client: org.gradle.launcher.daemon.protocol.CloseInput@6a684f9d
2024-08-21T00:47:42.221-0300 [DEBUG] [org.gradle.launcher.daemon.server.exec.LogToClient] About to start relaying all logs to the client via the connection.
2024-08-21T00:47:42.221-0300 [INFO] [org.gradle.launcher.daemon.server.exec.LogToClient] The client will now receive all logging from the daemon (pid: 2644). The daemon log file: C:\Users\Felipe\AndroidStudioProjects\CakeStock\daemon\8.6\daemon-2644.out.log
2024-08-21T00:47:42.222-0300 [INFO] [org.gradle.launcher.daemon.server.exec.LogAndCheckHealth] Starting 3rd build in daemon [uptime: 1 mins 22.476 secs, performance: 99%, GC rate: 0.00/s, heap usage: 0% of 2 GiB]
2024-08-21T00:47:42.222-0300 [DEBUG] [org.gradle.launcher.daemon.server.exec.ExecuteBuild] The daemon has started executing the build.
2024-08-21T00:47:42.222-0300 [INFO] [org.gradle.launcher.daemon.server.exec.ForwardClientInput] Closing daemon's stdin at end of input.
2024-08-21T00:47:42.223-0300 [INFO] [org.gradle.launcher.daemon.server.exec.ForwardClientInput] The daemon will no longer process any standard input.
2024-08-21T00:47:42.222-0300 [DEBUG] [org.gradle.launcher.daemon.server.exec.ExecuteBuild] Executing build with daemon context: DefaultDaemonContext[uid=962feec8-4f49-4c43-b494-451104e0fb96,javaHome=C:\Program Files\Android\Android Studio\jbr,daemonRegistryDir=C:\Users\Felipe\AndroidStudioProjects\CakeStock\daemon,pid=2644,idleTimeout=10800000,priority=NORMAL,applyInstrumentationAgent=true,daemonOpts=--add-opens=java.base/java.util=ALL-UNNAMED,--add-opens=java.base/java.lang=ALL-UNNAMED,--add-opens=java.base/java.lang.invoke=ALL-UNNAMED,--add-opens=java.prefs/java.util.prefs=ALL-UNNAMED,--add-opens=java.base/java.nio.charset=ALL-UNNAMED,--add-opens=java.base/java.net=ALL-UNNAMED,--add-opens=java.base/java.util.concurrent.atomic=ALL-UNNAMED,-Xmx2048m,-Dfile.encoding=UTF-8,-Duser.country=BR,-Duser.language=pt,-Duser.variant]
package="com.example.cakestock" found in source AndroidManifest.xml: C:\Users\Felipe\AndroidStudioProjects\CakeStock\app\src\main\AndroidManifest.xml.
Setting the namespace via the package attribute in the source AndroidManifest.xml is no longer supported, and the value is ignored.
Recommendation: remove package="com.example.cakestock" from the source AndroidManifest.xml: C:\Users\Felipe\AndroidStudioProjects\CakeStock\app\src\main\AndroidManifest.xml.
Note: Some input files use or override a deprecated API.
Note: Recompile with -Xlint:deprecation for details.
Note: C:\Users\Felipe\AndroidStudioProjects\CakeStock\app\src\main\java\com\example\cakestock\CadastroIngredientes.java uses unchecked or unsafe operations.
Note: Recompile with -Xlint:unchecked for details.

BUILD SUCCESSFUL in 16s
61 actionable tasks: 59 executed, 2 up-to-date
2024-08-21T00:47:58.501-0300 [DEBUG] [org.gradle.launcher.daemon.server.exec.ExecuteBuild] The daemon has finished executing the build.
2024-08-21T00:47:58.518-0300 [DEBUG] [org.gradle.launcher.daemon.server.DaemonStateCoordinator] daemon is running. Sleeping until state changes.
2024-08-21T00:47:58.519-0300 [DEBUG] [org.gradle.launcher.daemon.server.DaemonStateCoordinator] Command execution: finished waiting for DaemonCommandExecution[command = Build{id=0d39ebe2-9672-472c-8182-65b5c0f82704, currentDir=C:\Users\Felipe\AndroidStudioProjects\CakeStock}, connection = DefaultDaemonConnection: socket connection from /127.0.0.1:51058 to /127.0.0.1:51077]. Result org.gradle.launcher.daemon.server.DaemonStateCoordinator@5fdc636 with state Busy
2024-08-21T00:47:58.519-0300 [DEBUG] [org.gradle.launcher.daemon.server.DaemonStateCoordinator] Command execution: completed DaemonCommandExecution[command = Build{id=0d39ebe2-9672-472c-8182-65b5c0f82704, currentDir=C:\Users\Felipe\AndroidStudioProjects\CakeStock}, connection = DefaultDaemonConnection: socket connection from /127.0.0.1:51058 to /127.0.0.1:51077]
2024-08-21T00:47:58.519-0300 [DEBUG] [org.gradle.launcher.daemon.server.DaemonStateCoordinator] resetting idle timer
2024-08-21T00:47:58.519-0300 [INFO] [org.gradle.launcher.daemon.server.DaemonRegistryUpdater] Marking the daemon as idle, address: [984545ec-9a27-49df-9ea3-895ca03ee6fd port:51058, addresses:[localhost/127.0.0.1]]
2024-08-21T00:47:58.519-0300 [DEBUG] [org.gradle.launcher.daemon.registry.PersistentDaemonRegistry] Marking busy by address: [984545ec-9a27-49df-9ea3-895ca03ee6fd port:51058, addresses:[localhost/127.0.0.1]]
2024-08-21T00:47:58.521-0300 [DEBUG] [org.gradle.cache.internal.DefaultFileLockManager] Waiting to acquire exclusive lock on daemon addresses registry.
2024-08-21T00:47:58.522-0300 [DEBUG] [org.gradle.cache.internal.DefaultFileLockManager] Lock acquired on daemon addresses registry.
2024-08-21T00:47:58.525-0300 [DEBUG] [org.gradle.cache.internal.DefaultFileLockManager] Releasing lock on daemon addresses registry.
2024-08-21T00:47:58.525-0300 [DEBUG] [org.gradle.launcher.daemon.server.DaemonStateCoordinator] daemon is running. Sleeping until state changes.
2024-08-21T00:47:58.525-0300 [DEBUG] [org.gradle.launcher.daemon.server.exec.ReturnResult] Daemon is dispatching the build result: Success[value=org.gradle.launcher.exec.BuildActionResult@1e242d81]
2024-08-21T00:47:58.526-0300 [DEBUG] [org.gradle.launcher.daemon.server.SynchronizedDispatchConnection] thread 196: dispatching Success[value=org.gradle.launcher.exec.BuildActionResult@1e242d81]
2024-08-21T00:47:58.527-0300 [DEBUG] [org.gradle.launcher.daemon.server.DefaultIncomingConnectionHandler] Finishing executing command: Build{id=0d39ebe2-9672-472c-8182-65b5c0f82704, currentDir=C:\Users\Felipe\AndroidStudioProjects\CakeStock}
2024-08-21T00:47:58.528-0300 [DEBUG] [org.gradle.launcher.daemon.server.SynchronizedDispatchConnection] thread 233: received class org.gradle.launcher.daemon.protocol.Finished
2024-08-21T00:47:58.528-0300 [DEBUG] [org.gradle.launcher.daemon.server.DefaultDaemonConnection] thread 233: Received non-IO message from client: org.gradle.launcher.daemon.protocol.Finished@64afaca0
2024-08-21T00:47:58.528-0300 [DEBUG] [org.gradle.launcher.daemon.server.DefaultIncomingConnectionHandler] Received finished message: org.gradle.launcher.daemon.protocol.Finished@64afaca0
2024-08-21T00:47:58.528-0300 [DEBUG] [org.gradle.launcher.daemon.server.SynchronizedDispatchConnection] thread 196: stopping connection
2024-08-21T00:47:58.528-0300 [DEBUG] [org.gradle.internal.remote.internal.inet.SocketConnection] Discarding EOFException: java.io.EOFException
2024-08-21T00:47:58.528-0300 [DEBUG] [org.gradle.launcher.daemon.server.SynchronizedDispatchConnection] thread 233: received null
2024-08-21T00:47:58.528-0300 [DEBUG] [org.gradle.launcher.daemon.server.DefaultDaemonConnection] thread 233: Received end-of-input from client.
2024-08-21T00:47:58.530-0300 [DEBUG] [org.gradle.launcher.daemon.server.SynchronizedDispatchConnection] thread 196: stopping connection
2024-08-21T00:47:59.189-0300 [DEBUG] [org.gradle.process.internal.health.memory.DefaultMemoryManager] 826022707 physical memory requested, 549711872 free
2024-08-21T00:47:59.189-0300 [DEBUG] [org.gradle.workers.internal.WorkerDaemonExpiration] Will attempt to release 787 of memory
2024-08-21T00:47:59.189-0300 [DEBUG] [org.gradle.process.internal.health.memory.DefaultMemoryManager] 826022707 physical memory requested, 0 released, 549711872 free
2024-08-21T00:47:59.995-0300 [DEBUG] [org.gradle.cache.internal.DefaultFileLockManager] Waiting to acquire shared lock on daemon addresses registry.
2024-08-21T00:47:59.995-0300 [DEBUG] [org.gradle.cache.internal.DefaultFileLockManager] Lock acquired on daemon addresses registry.
2024-08-21T00:47:59.996-0300 [DEBUG] [org.gradle.cache.internal.DefaultFileLockManager] Releasing lock on daemon addresses registry.
2024-08-21T00:47:59.996-0300 [DEBUG] [org.gradle.cache.internal.DefaultFileLockManager] Waiting to acquire shared lock on daemon addresses registry.
2024-08-21T00:47:59.996-0300 [DEBUG] [org.gradle.cache.internal.DefaultFileLockManager] Lock acquired on daemon addresses registry.
2024-08-21T00:47:59.996-0300 [DEBUG] [org.gradle.cache.internal.DefaultFileLockManager] Releasing lock on daemon addresses registry.
2024-08-21T00:48:09.989-0300 [DEBUG] [org.gradle.cache.internal.DefaultFileLockManager] Waiting to acquire shared lock on daemon addresses registry.
2024-08-21T00:48:09.989-0300 [DEBUG] [org.gradle.cache.internal.DefaultFileLockManager] Lock acquired on daemon addresses registry.
2024-08-21T00:48:09.989-0300 [DEBUG] [org.gradle.cache.internal.DefaultFileLockManager] Releasing lock on daemon addresses registry.
2024-08-21T00:48:09.990-0300 [DEBUG] [org.gradle.cache.internal.DefaultFileLockManager] Waiting to acquire shared lock on daemon addresses registry.
2024-08-21T00:48:09.990-0300 [DEBUG] [org.gradle.cache.internal.DefaultFileLockManager] Lock acquired on daemon addresses registry.
2024-08-21T00:48:09.990-0300 [DEBUG] [org.gradle.cache.internal.DefaultFileLockManager] Releasing lock on daemon addresses registry.
2024-08-21T00:48:09.990-0300 [DEBUG] [org.gradle.cache.internal.DefaultFileLockManager] Waiting to acquire shared lock on daemon addresses registry.
2024-08-21T00:48:09.990-0300 [DEBUG] [org.gradle.cache.internal.DefaultFileLockManager] Lock acquired on daemon addresses registry.
2024-08-21T00:48:09.991-0300 [DEBUG] [org.gradle.cache.internal.DefaultFileLockManager] Releasing lock on daemon addresses registry.
2024-08-21T00:48:19.992-0300 [DEBUG] [org.gradle.cache.internal.DefaultFileLockManager] Waiting to acquire shared lock on daemon addresses registry.
2024-08-21T00:48:19.993-0300 [DEBUG] [org.gradle.cache.internal.DefaultFileLockManager] Lock acquired on daemon addresses registry.
2024-08-21T00:48:19.993-0300 [DEBUG] [org.gradle.cache.internal.DefaultFileLockManager] Releasing lock on daemon addresses registry.
2024-08-21T00:48:19.994-0300 [DEBUG] [org.gradle.cache.internal.DefaultFileLockManager] Waiting to acquire shared lock on daemon addresses registry.
2024-08-21T00:48:19.994-0300 [DEBUG] [org.gradle.cache.internal.DefaultFileLockManager] Lock acquired on daemon addresses registry.
2024-08-21T00:48:19.994-0300 [DEBUG] [org.gradle.cache.internal.DefaultFileLockManager] Releasing lock on daemon addresses registry.
2024-08-21T00:48:19.995-0300 [DEBUG] [org.gradle.cache.internal.DefaultFileLockManager] Waiting to acquire shared lock on daemon addresses registry.
2024-08-21T00:48:19.995-0300 [DEBUG] [org.gradle.cache.internal.DefaultFileLockManager] Lock acquired on daemon addresses registry.
2024-08-21T00:48:19.996-0300 [DEBUG] [org.gradle.cache.internal.DefaultFileLockManager] Releasing lock on daemon addresses registry.
2024-08-21T00:48:29.999-0300 [DEBUG] [org.gradle.cache.internal.DefaultFileLockManager] Waiting to acquire shared lock on daemon addresses registry.
2024-08-21T00:48:29.999-0300 [DEBUG] [org.gradle.cache.internal.DefaultFileLockManager] Lock acquired on daemon addresses registry.
2024-08-21T00:48:29.999-0300 [DEBUG] [org.gradle.cache.internal.DefaultFileLockManager] Releasing lock on daemon addresses registry.
2024-08-21T00:48:30.000-0300 [DEBUG] [org.gradle.cache.internal.DefaultFileLockManager] Waiting to acquire shared lock on daemon addresses registry.
2024-08-21T00:48:30.000-0300 [DEBUG] [org.gradle.cache.internal.DefaultFileLockManager] Lock acquired on daemon addresses registry.
2024-08-21T00:48:30.000-0300 [DEBUG] [org.gradle.cache.internal.DefaultFileLockManager] Releasing lock on daemon addresses registry.
2024-08-21T00:48:30.000-0300 [DEBUG] [org.gradle.cache.internal.DefaultFileLockManager] Waiting to acquire shared lock on daemon addresses registry.
2024-08-21T00:48:30.000-0300 [DEBUG] [org.gradle.cache.internal.DefaultFileLockManager] Lock acquired on daemon addresses registry.
2024-08-21T00:48:30.001-0300 [DEBUG] [org.gradle.cache.internal.DefaultFileLockManager] Releasing lock on daemon addresses registry.
2024-08-21T00:48:40.001-0300 [DEBUG] [org.gradle.cache.internal.DefaultFileLockManager] Waiting to acquire shared lock on daemon addresses registry.
2024-08-21T00:48:40.002-0300 [DEBUG] [org.gradle.cache.internal.DefaultFileLockManager] Lock acquired on daemon addresses registry.
2024-08-21T00:48:40.003-0300 [DEBUG] [org.gradle.cache.internal.DefaultFileLockManager] Releasing lock on daemon addresses registry.
2024-08-21T00:48:40.005-0300 [DEBUG] [org.gradle.cache.internal.DefaultFileLockManager] Waiting to acquire shared lock on daemon addresses registry.
2024-08-21T00:48:40.005-0300 [DEBUG] [org.gradle.cache.internal.DefaultFileLockManager] Lock acquired on daemon addresses registry.
2024-08-21T00:48:40.006-0300 [DEBUG] [org.gradle.cache.internal.DefaultFileLockManager] Releasing lock on daemon addresses registry.
2024-08-21T00:48:40.007-0300 [DEBUG] [org.gradle.cache.internal.DefaultFileLockManager] Waiting to acquire shared lock on daemon addresses registry.
2024-08-21T00:48:40.007-0300 [DEBUG] [org.gradle.cache.internal.DefaultFileLockManager] Lock acquired on daemon addresses registry.
2024-08-21T00:48:40.007-0300 [DEBUG] [org.gradle.cache.internal.DefaultFileLockManager] Releasing lock on daemon addresses registry.
2024-08-21T00:48:46.637-0300 [DEBUG] [org.gradle.internal.remote.internal.inet.TcpIncomingConnector] Accepted connection from /127.0.0.1:51102 to /127.0.0.1:51058.
2024-08-21T00:48:46.642-0300 [DEBUG] [org.gradle.launcher.daemon.server.SynchronizedDispatchConnection] thread 435: received class org.gradle.launcher.daemon.protocol.StopWhenIdle
2024-08-21T00:48:46.643-0300 [DEBUG] [org.gradle.launcher.daemon.server.DefaultDaemonConnection] thread 435: Received non-IO message from client: StopWhenIdle[id=ce01d174-e018-4548-a098-8a9a3a9bba27]
2024-08-21T00:48:46.643-0300 [INFO] [org.gradle.launcher.daemon.server.DefaultIncomingConnectionHandler] Received command: StopWhenIdle[id=ce01d174-e018-4548-a098-8a9a3a9bba27].
2024-08-21T00:48:46.643-0300 [DEBUG] [org.gradle.launcher.daemon.server.DefaultIncomingConnectionHandler] Starting executing command: StopWhenIdle[id=ce01d174-e018-4548-a098-8a9a3a9bba27] with connection: socket connection from /127.0.0.1:51058 to /127.0.0.1:51102.
2024-08-21T00:48:46.644-0300 [DEBUG] [org.gradle.launcher.daemon.server.DaemonRegistryUpdater] Storing daemon stop event: stop command received
2024-08-21T00:48:46.644-0300 [DEBUG] [org.gradle.launcher.daemon.registry.PersistentDaemonRegistry] Storing daemon stop event with timestamp 1724212126645
2024-08-21T00:48:46.646-0300 [DEBUG] [org.gradle.cache.internal.DefaultFileLockManager] Waiting to acquire exclusive lock on daemon addresses registry.
2024-08-21T00:48:46.647-0300 [DEBUG] [org.gradle.cache.internal.DefaultFileLockManager] Lock acquired on daemon addresses registry.
2024-08-21T00:48:46.648-0300 [DEBUG] [org.gradle.cache.internal.DefaultFileLockManager] Releasing lock on daemon addresses registry.
2024-08-21T00:48:46.649-0300 [LIFECYCLE] [org.gradle.launcher.daemon.server.DaemonStateCoordinator] Daemon will be stopped at the end of the build stop command received
2024-08-21T00:48:46.649-0300 [DEBUG] [org.gradle.launcher.daemon.server.DaemonStateCoordinator] Marking daemon stopped due to stop command received. The daemon is running a build: false
2024-08-21T00:48:46.649-0300 [DEBUG] [org.gradle.launcher.daemon.server.SynchronizedDispatchConnection] thread 196: dispatching Success[value=null]
2024-08-21T00:48:46.649-0300 [DEBUG] [org.gradle.launcher.daemon.server.DaemonStateCoordinator] daemon has stopped.
2024-08-21T00:48:46.649-0300 [DEBUG] [org.gradle.launcher.daemon.server.DefaultIncomingConnectionHandler] Finishing executing command: StopWhenIdle[id=ce01d174-e018-4548-a098-8a9a3a9bba27]
2024-08-21T00:48:46.649-0300 [DEBUG] [org.gradle.launcher.daemon.server.Daemon] stop() called on daemon
2024-08-21T00:48:46.649-0300 [DEBUG] [org.gradle.launcher.daemon.server.SynchronizedDispatchConnection] thread 435: received class org.gradle.launcher.daemon.protocol.Finished
2024-08-21T00:48:46.649-0300 [INFO] [org.gradle.launcher.daemon.server.Daemon] Stop requested. Daemon is removing its presence from the registry...
2024-08-21T00:48:46.649-0300 [DEBUG] [org.gradle.launcher.daemon.server.DefaultDaemonConnection] thread 435: Received non-IO message from client: org.gradle.launcher.daemon.protocol.Finished@54b790b8
2024-08-21T00:48:46.650-0300 [DEBUG] [org.gradle.launcher.daemon.server.DefaultIncomingConnectionHandler] Received finished message: org.gradle.launcher.daemon.protocol.Finished@54b790b8
2024-08-21T00:48:46.650-0300 [DEBUG] [org.gradle.internal.remote.internal.inet.SocketConnection] Discarding EOFException: java.io.EOFException
2024-08-21T00:48:46.650-0300 [DEBUG] [org.gradle.launcher.daemon.server.SynchronizedDispatchConnection] thread 435: received null
2024-08-21T00:48:46.650-0300 [DEBUG] [org.gradle.launcher.daemon.server.DefaultDaemonConnection] thread 435: Received end-of-input from client.
2024-08-21T00:48:46.650-0300 [DEBUG] [org.gradle.launcher.daemon.server.DaemonRegistryUpdater] Removing our presence to clients, eg. removing this address from the registry: [984545ec-9a27-49df-9ea3-895ca03ee6fd port:51058, addresses:[localhost/127.0.0.1]]
2024-08-21T00:48:46.650-0300 [DEBUG] [org.gradle.launcher.daemon.server.SynchronizedDispatchConnection] thread 196: stopping connection
2024-08-21T00:48:46.650-0300 [DEBUG] [org.gradle.launcher.daemon.registry.PersistentDaemonRegistry] Removing daemon address: [984545ec-9a27-49df-9ea3-895ca03ee6fd port:51058, addresses:[localhost/127.0.0.1]]
2024-08-21T00:48:46.651-0300 [DEBUG] [org.gradle.launcher.daemon.server.SynchronizedDispatchConnection] thread 196: stopping connection
2024-08-21T00:48:46.652-0300 [DEBUG] [org.gradle.cache.internal.DefaultFileLockManager] Waiting to acquire exclusive lock on daemon addresses registry.
2024-08-21T00:48:46.652-0300 [DEBUG] [org.gradle.cache.internal.DefaultFileLockManager] Lock acquired on daemon addresses registry.
2024-08-21T00:48:46.653-0300 [DEBUG] [org.gradle.cache.internal.DefaultFileLockManager] Releasing lock on daemon addresses registry.
2024-08-21T00:48:46.653-0300 [DEBUG] [org.gradle.launcher.daemon.server.DaemonRegistryUpdater] Address removed from registry.
2024-08-21T00:48:46.666-0300 [DEBUG] [org.gradle.cache.internal.LockOnDemandCrossProcessCacheAccess] Releasing file lock for jars (C:\Users\Felipe\AndroidStudioProjects\CakeStock\caches\jars-9)
2024-08-21T00:48:46.666-0300 [DEBUG] [org.gradle.cache.internal.DefaultFileLockManager] Releasing lock on jars (C:\Users\Felipe\AndroidStudioProjects\CakeStock\caches\jars-9).
2024-08-21T00:48:46.667-0300 [DEBUG] [org.gradle.cache.internal.DefaultPersistentDirectoryStore] jars (C:\Users\Felipe\AndroidStudioProjects\CakeStock\caches\jars-9) has last been fully cleaned up 3 hours ago
2024-08-21T00:48:46.667-0300 [DEBUG] [org.gradle.cache.internal.LockOnDemandCrossProcessCacheAccess] Releasing file lock for file content cache (C:\Users\Felipe\AndroidStudioProjects\CakeStock\caches\8.6\fileContent)
2024-08-21T00:48:46.667-0300 [DEBUG] [org.gradle.cache.internal.DefaultFileLockManager] Releasing lock on file content cache (C:\Users\Felipe\AndroidStudioProjects\CakeStock\caches\8.6\fileContent).
2024-08-21T00:48:46.668-0300 [DEBUG] [org.gradle.internal.watch.vfs.impl.WatchingVirtualFileSystem] Closing VFS, dropping state
2024-08-21T00:48:46.670-0300 [DEBUG] [org.gradle.internal.watch.registry.impl.DefaultFileWatcherRegistry] Finished listening to file system change events
2024-08-21T00:48:46.670-0300 [DEBUG] [org.gradle.cache.internal.LockOnDemandCrossProcessCacheAccess] Releasing file lock for Generated Gradle JARs cache (C:\Users\Felipe\AndroidStudioProjects\CakeStock\caches\8.6\generated-gradle-jars)
2024-08-21T00:48:46.670-0300 [DEBUG] [org.gradle.cache.internal.DefaultFileLockManager] Releasing lock on Generated Gradle JARs cache (C:\Users\Felipe\AndroidStudioProjects\CakeStock\caches\8.6\generated-gradle-jars).
2024-08-21T00:48:46.671-0300 [DEBUG] [org.gradle.cache.internal.DefaultPersistentDirectoryStore] Artifact transforms cache (C:\Users\Felipe\AndroidStudioProjects\CakeStock\caches\transforms-4) has last been fully cleaned up 3 hours ago
2024-08-21T00:48:46.671-0300 [DEBUG] [org.gradle.cache.internal.DefaultCacheCoordinator] Cache Artifact transforms cache (C:\Users\Felipe\AndroidStudioProjects\CakeStock\caches\transforms-4) was closed 0 times.
2024-08-21T00:48:46.672-0300 [DEBUG] [org.gradle.cache.internal.LockOnDemandCrossProcessCacheAccess] Releasing file lock for artifact cache (C:\Users\Felipe\AndroidStudioProjects\CakeStock\caches\modules-2)
2024-08-21T00:48:46.672-0300 [DEBUG] [org.gradle.cache.internal.btree.BTreePersistentIndexedCache] Closing cache module-artifact.bin (C:\Users\Felipe\AndroidStudioProjects\CakeStock\caches\modules-2\metadata-2.106\module-artifact.bin)
2024-08-21T00:48:46.672-0300 [DEBUG] [org.gradle.cache.internal.btree.BTreePersistentIndexedCache] Closing cache module-metadata.bin (C:\Users\Felipe\AndroidStudioProjects\CakeStock\caches\modules-2\metadata-2.106\module-metadata.bin)
2024-08-21T00:48:46.672-0300 [DEBUG] [org.gradle.cache.internal.DefaultFileLockManager] Releasing lock on artifact cache (C:\Users\Felipe\AndroidStudioProjects\CakeStock\caches\modules-2).
2024-08-21T00:48:46.672-0300 [DEBUG] [org.gradle.cache.internal.DefaultPersistentDirectoryStore] artifact cache (C:\Users\Felipe\AndroidStudioProjects\CakeStock\caches\modules-2) has last been fully cleaned up 3 hours ago
2024-08-21T00:48:46.673-0300 [DEBUG] [org.gradle.cache.internal.DefaultPersistentDirectoryStore] kotlin-dsl (C:\Users\Felipe\AndroidStudioProjects\CakeStock\caches\8.6\kotlin-dsl) has last been fully cleaned up 3 hours ago
2024-08-21T00:48:46.673-0300 [DEBUG] [org.gradle.cache.internal.DefaultCacheCoordinator] Cache kotlin-dsl (C:\Users\Felipe\AndroidStudioProjects\CakeStock\caches\8.6\kotlin-dsl) was closed 0 times.
2024-08-21T00:48:46.673-0300 [DEBUG] [org.gradle.cache.internal.LockOnDemandCrossProcessCacheAccess] Releasing file lock for journal cache (C:\Users\Felipe\AndroidStudioProjects\CakeStock\caches\journal-1)
2024-08-21T00:48:46.673-0300 [DEBUG] [org.gradle.cache.internal.btree.BTreePersistentIndexedCache] Closing cache file-access.bin (C:\Users\Felipe\AndroidStudioProjects\CakeStock\caches\journal-1\file-access.bin)
2024-08-21T00:48:46.674-0300 [DEBUG] [org.gradle.cache.internal.DefaultFileLockManager] Releasing lock on journal cache (C:\Users\Felipe\AndroidStudioProjects\CakeStock\caches\journal-1).
2024-08-21T00:48:46.674-0300 [DEBUG] [org.gradle.cache.internal.LockOnDemandCrossProcessCacheAccess] Releasing file lock for file hash cache (C:\Users\Felipe\AndroidStudioProjects\CakeStock\caches\8.6\fileHashes)
2024-08-21T00:48:46.674-0300 [DEBUG] [org.gradle.cache.internal.btree.BTreePersistentIndexedCache] Closing cache fileHashes.bin (C:\Users\Felipe\AndroidStudioProjects\CakeStock\caches\8.6\fileHashes\fileHashes.bin)
2024-08-21T00:48:46.675-0300 [DEBUG] [org.gradle.cache.internal.btree.BTreePersistentIndexedCache] Closing cache resourceHashesCache.bin (C:\Users\Felipe\AndroidStudioProjects\CakeStock\caches\8.6\fileHashes\resourceHashesCache.bin)
2024-08-21T00:48:46.675-0300 [DEBUG] [org.gradle.cache.internal.DefaultFileLockManager] Releasing lock on file hash cache (C:\Users\Felipe\AndroidStudioProjects\CakeStock\caches\8.6\fileHashes).
2024-08-21T00:48:46.675-0300 [DEBUG] [org.gradle.cache.internal.LockOnDemandCrossProcessCacheAccess] Releasing file lock for Java compile cache (C:\Users\Felipe\AndroidStudioProjects\CakeStock\caches\8.6\javaCompile)
2024-08-21T00:48:46.675-0300 [DEBUG] [org.gradle.cache.internal.btree.BTreePersistentIndexedCache] Closing cache jarAnalysis.bin (C:\Users\Felipe\AndroidStudioProjects\CakeStock\caches\8.6\javaCompile\jarAnalysis.bin)
2024-08-21T00:48:46.676-0300 [DEBUG] [org.gradle.cache.internal.btree.BTreePersistentIndexedCache] Closing cache classAnalysis.bin (C:\Users\Felipe\AndroidStudioProjects\CakeStock\caches\8.6\javaCompile\classAnalysis.bin)
2024-08-21T00:48:46.676-0300 [DEBUG] [org.gradle.cache.internal.DefaultFileLockManager] Releasing lock on Java compile cache (C:\Users\Felipe\AndroidStudioProjects\CakeStock\caches\8.6\javaCompile).
Daemon vm is shutting down... The daemon has exited normally or was terminated in response to a user interrupt.
2024-08-21T00:48:46.678-0300 [DEBUG] [org.gradle.launcher.daemon.registry.PersistentDaemonRegistry] Removing daemon address: [984545ec-9a27-49df-9ea3-895ca03ee6fd port:51058, addresses:[localhost/127.0.0.1]]
2024-08-21T00:48:46.680-0300 [DEBUG] [org.gradle.cache.internal.DefaultFileLockManager] Waiting to acquire exclusive lock on daemon addresses registry.
2024-08-21T00:48:46.680-0300 [DEBUG] [org.gradle.cache.internal.DefaultFileLockManager] Lock acquired on daemon addresses registry.
2024-08-21T00:48:46.681-0300 [DEBUG] [org.gradle.cache.internal.DefaultFileLockManager] Releasing lock on daemon addresses registry.
