2024-08-20T21:08:26.273-0300 [DEBUG] [org.gradle.launcher.daemon.bootstrap.DaemonMain] Assuming the daemon was started with following jvm opts: [--add-opens=java.base/java.util=ALL-UNNAMED, --add-opens=java.base/java.lang=ALL-UNNAMED, --add-opens=java.base/java.lang.invoke=ALL-UNNAMED, --add-opens=java.prefs/java.util.prefs=ALL-UNNAMED, --add-opens=java.base/java.nio.charset=ALL-UNNAMED, --add-opens=java.base/java.net=ALL-UNNAMED, --add-opens=java.base/java.util.concurrent.atomic=ALL-UNNAMED, -Xmx2048m, -Dfile.encoding=UTF-8, -Duser.country=BR, -Duser.language=pt, -Duser.variant]
2024-08-20T21:08:26.416-0300 [DEBUG] [org.gradle.internal.nativeintegration.services.NativeServices] Native-platform posix files integration is not available. Continuing with fallback.
2024-08-20T21:08:26.427-0300 [INFO] [org.gradle.launcher.daemon.server.Daemon] start() called on daemon - DefaultDaemonContext[uid=02fdd683-df73-4066-9508-fe564634f498,javaHome=C:\Program Files\Android\Android Studio\jbr,daemonRegistryDir=C:\Users\Felipe\AndroidStudioProjects\CakeStock\daemon,pid=1288,idleTimeout=10800000,priority=NORMAL,applyInstrumentationAgent=true,daemonOpts=--add-opens=java.base/java.util=ALL-UNNAMED,--add-opens=java.base/java.lang=ALL-UNNAMED,--add-opens=java.base/java.lang.invoke=ALL-UNNAMED,--add-opens=java.prefs/java.util.prefs=ALL-UNNAMED,--add-opens=java.base/java.nio.charset=ALL-UNNAMED,--add-opens=java.base/java.net=ALL-UNNAMED,--add-opens=java.base/java.util.concurrent.atomic=ALL-UNNAMED,-Xmx2048m,-Dfile.encoding=UTF-8,-Duser.country=BR,-Duser.language=pt,-Duser.variant]
2024-08-20T21:08:26.475-0300 [DEBUG] [org.gradle.internal.remote.internal.inet.InetAddresses] Adding IP addresses for network interface Software Loopback Interface 1
2024-08-20T21:08:26.476-0300 [DEBUG] [org.gradle.internal.remote.internal.inet.InetAddresses] Is this a loopback interface? true
2024-08-20T21:08:26.476-0300 [DEBUG] [org.gradle.internal.remote.internal.inet.InetAddresses] Adding loopback address /127.0.0.1
2024-08-20T21:08:26.476-0300 [DEBUG] [org.gradle.internal.remote.internal.inet.InetAddresses] Adding loopback address /0:0:0:0:0:0:0:1
2024-08-20T21:08:26.477-0300 [DEBUG] [org.gradle.internal.remote.internal.inet.InetAddresses] Adding IP addresses for network interface Microsoft Wi-Fi Direct Virtual Adapter #2
2024-08-20T21:08:26.478-0300 [DEBUG] [org.gradle.internal.remote.internal.inet.InetAddresses] Is this a loopback interface? false
2024-08-20T21:08:26.479-0300 [DEBUG] [org.gradle.internal.remote.internal.inet.InetAddresses] Adding remote address /fe80:0:0:0:e785:e3d1:74bf:93cd%wlan0
2024-08-20T21:08:26.479-0300 [DEBUG] [org.gradle.internal.remote.internal.inet.InetAddresses] Adding IP addresses for network interface Microsoft 6to4 Adapter
2024-08-20T21:08:26.480-0300 [DEBUG] [org.gradle.internal.remote.internal.inet.InetAddresses] Is this a loopback interface? false
2024-08-20T21:08:26.480-0300 [DEBUG] [org.gradle.internal.remote.internal.inet.InetAddresses] Adding IP addresses for network interface VMware Virtual Ethernet Adapter for VMnet8
2024-08-20T21:08:26.481-0300 [DEBUG] [org.gradle.internal.remote.internal.inet.InetAddresses] Is this a loopback interface? false
2024-08-20T21:08:26.482-0300 [DEBUG] [org.gradle.internal.remote.internal.inet.InetAddresses] Adding remote address /192.168.85.1
2024-08-20T21:08:26.482-0300 [DEBUG] [org.gradle.internal.remote.internal.inet.InetAddresses] Adding remote address /fe80:0:0:0:5cc6:de5a:d5ce:d132%eth0
2024-08-20T21:08:26.482-0300 [DEBUG] [org.gradle.internal.remote.internal.inet.InetAddresses] Adding IP addresses for network interface Microsoft IP-HTTPS Platform Adapter
2024-08-20T21:08:26.483-0300 [DEBUG] [org.gradle.internal.remote.internal.inet.InetAddresses] Is this a loopback interface? false
2024-08-20T21:08:26.483-0300 [DEBUG] [org.gradle.internal.remote.internal.inet.InetAddresses] Adding IP addresses for network interface RD9700 USB2.0 To Fast Ethernet Adapter #3
2024-08-20T21:08:26.484-0300 [DEBUG] [org.gradle.internal.remote.internal.inet.InetAddresses] Is this a loopback interface? false
2024-08-20T21:08:26.485-0300 [DEBUG] [org.gradle.internal.remote.internal.inet.InetAddresses] Adding IP addresses for network interface WAN Miniport (IKEv2)
2024-08-20T21:08:26.486-0300 [DEBUG] [org.gradle.internal.remote.internal.inet.InetAddresses] Is this a loopback interface? false
2024-08-20T21:08:26.486-0300 [DEBUG] [org.gradle.internal.remote.internal.inet.InetAddresses] Adding IP addresses for network interface RD9700 USB2.0 To Fast Ethernet Adapter
2024-08-20T21:08:26.487-0300 [DEBUG] [org.gradle.internal.remote.internal.inet.InetAddresses] Is this a loopback interface? false
2024-08-20T21:08:26.487-0300 [DEBUG] [org.gradle.internal.remote.internal.inet.InetAddresses] Adding IP addresses for network interface RD9700 USB2.0 To Fast Ethernet Adapter #2
2024-08-20T21:08:26.489-0300 [DEBUG] [org.gradle.internal.remote.internal.inet.InetAddresses] Is this a loopback interface? false
2024-08-20T21:08:26.489-0300 [DEBUG] [org.gradle.internal.remote.internal.inet.InetAddresses] Adding IP addresses for network interface WAN Miniport (Network Monitor)
2024-08-20T21:08:26.490-0300 [DEBUG] [org.gradle.internal.remote.internal.inet.InetAddresses] Is this a loopback interface? false
2024-08-20T21:08:26.490-0300 [DEBUG] [org.gradle.internal.remote.internal.inet.InetAddresses] Adding IP addresses for network interface WAN Miniport (L2TP)
2024-08-20T21:08:26.491-0300 [DEBUG] [org.gradle.internal.remote.internal.inet.InetAddresses] Is this a loopback interface? false
2024-08-20T21:08:26.492-0300 [DEBUG] [org.gradle.internal.remote.internal.inet.InetAddresses] Adding IP addresses for network interface WAN Miniport (IPv6)
2024-08-20T21:08:26.493-0300 [DEBUG] [org.gradle.internal.remote.internal.inet.InetAddresses] Is this a loopback interface? false
2024-08-20T21:08:26.493-0300 [DEBUG] [org.gradle.internal.remote.internal.inet.InetAddresses] Adding IP addresses for network interface WAN Miniport (PPTP)
2024-08-20T21:08:26.495-0300 [DEBUG] [org.gradle.internal.remote.internal.inet.InetAddresses] Is this a loopback interface? false
2024-08-20T21:08:26.495-0300 [DEBUG] [org.gradle.internal.remote.internal.inet.InetAddresses] Adding IP addresses for network interface Bluetooth Device (Personal Area Network)
2024-08-20T21:08:26.496-0300 [DEBUG] [org.gradle.internal.remote.internal.inet.InetAddresses] Is this a loopback interface? false
2024-08-20T21:08:26.496-0300 [DEBUG] [org.gradle.internal.remote.internal.inet.InetAddresses] Adding remote address /fe80:0:0:0:406f:86f9:3aa8:9547%eth6
2024-08-20T21:08:26.496-0300 [DEBUG] [org.gradle.internal.remote.internal.inet.InetAddresses] Adding IP addresses for network interface Microsoft Kernel Debug Network Adapter
2024-08-20T21:08:26.498-0300 [DEBUG] [org.gradle.internal.remote.internal.inet.InetAddresses] Is this a loopback interface? false
2024-08-20T21:08:26.498-0300 [DEBUG] [org.gradle.internal.remote.internal.inet.InetAddresses] Adding IP addresses for network interface Microsoft Teredo Tunneling Adapter
2024-08-20T21:08:26.499-0300 [DEBUG] [org.gradle.internal.remote.internal.inet.InetAddresses] Is this a loopback interface? false
2024-08-20T21:08:26.499-0300 [DEBUG] [org.gradle.internal.remote.internal.inet.InetAddresses] Adding IP addresses for network interface WAN Miniport (SSTP)
2024-08-20T21:08:26.501-0300 [DEBUG] [org.gradle.internal.remote.internal.inet.InetAddresses] Is this a loopback interface? false
2024-08-20T21:08:26.501-0300 [DEBUG] [org.gradle.internal.remote.internal.inet.InetAddresses] Adding IP addresses for network interface Intel(R) Wireless-AC 9462
2024-08-20T21:08:26.503-0300 [DEBUG] [org.gradle.internal.remote.internal.inet.InetAddresses] Is this a loopback interface? false
2024-08-20T21:08:26.503-0300 [DEBUG] [org.gradle.internal.remote.internal.inet.InetAddresses] Adding remote address /192.168.0.29
2024-08-20T21:08:26.503-0300 [DEBUG] [org.gradle.internal.remote.internal.inet.InetAddresses] Adding remote address /2804:14c:4585:8973:567f:9247:3876:ac21
2024-08-20T21:08:26.503-0300 [DEBUG] [org.gradle.internal.remote.internal.inet.InetAddresses] Adding remote address /2804:14c:4585:8973:d87a:6b62:6b11:b450
2024-08-20T21:08:26.504-0300 [DEBUG] [org.gradle.internal.remote.internal.inet.InetAddresses] Adding remote address /2804:14c:4585:8973:3958:7b88:e34c:4664
2024-08-20T21:08:26.504-0300 [DEBUG] [org.gradle.internal.remote.internal.inet.InetAddresses] Adding remote address /fe80:0:0:0:8503:5007:b370:17e8%wlan1
2024-08-20T21:08:26.504-0300 [DEBUG] [org.gradle.internal.remote.internal.inet.InetAddresses] Adding IP addresses for network interface WAN Miniport (PPPOE)
2024-08-20T21:08:26.505-0300 [DEBUG] [org.gradle.internal.remote.internal.inet.InetAddresses] Is this a loopback interface? false
2024-08-20T21:08:26.505-0300 [DEBUG] [org.gradle.internal.remote.internal.inet.InetAddresses] Adding IP addresses for network interface VirtualBox Host-Only Ethernet Adapter
2024-08-20T21:08:26.507-0300 [DEBUG] [org.gradle.internal.remote.internal.inet.InetAddresses] Is this a loopback interface? false
2024-08-20T21:08:26.507-0300 [DEBUG] [org.gradle.internal.remote.internal.inet.InetAddresses] Adding remote address /192.168.56.1
2024-08-20T21:08:26.507-0300 [DEBUG] [org.gradle.internal.remote.internal.inet.InetAddresses] Adding remote address /fe80:0:0:0:33cb:c2c:8792:ca0f%eth8
2024-08-20T21:08:26.507-0300 [DEBUG] [org.gradle.internal.remote.internal.inet.InetAddresses] Adding IP addresses for network interface WAN Miniport (IP)
2024-08-20T21:08:26.508-0300 [DEBUG] [org.gradle.internal.remote.internal.inet.InetAddresses] Is this a loopback interface? false
2024-08-20T21:08:26.508-0300 [DEBUG] [org.gradle.internal.remote.internal.inet.InetAddresses] Adding IP addresses for network interface Microsoft Wi-Fi Direct Virtual Adapter
2024-08-20T21:08:26.509-0300 [DEBUG] [org.gradle.internal.remote.internal.inet.InetAddresses] Is this a loopback interface? false
2024-08-20T21:08:26.510-0300 [DEBUG] [org.gradle.internal.remote.internal.inet.InetAddresses] Adding remote address /fe80:0:0:0:512e:282d:5ed0:fa0e%wlan2
2024-08-20T21:08:26.510-0300 [DEBUG] [org.gradle.internal.remote.internal.inet.InetAddresses] Adding IP addresses for network interface VMware Virtual Ethernet Adapter for VMnet1
2024-08-20T21:08:26.511-0300 [DEBUG] [org.gradle.internal.remote.internal.inet.InetAddresses] Is this a loopback interface? false
2024-08-20T21:08:26.511-0300 [DEBUG] [org.gradle.internal.remote.internal.inet.InetAddresses] Adding remote address /192.168.163.1
2024-08-20T21:08:26.511-0300 [DEBUG] [org.gradle.internal.remote.internal.inet.InetAddresses] Adding remote address /fe80:0:0:0:6f4e:149a:a875:180e%eth10
2024-08-20T21:08:26.511-0300 [DEBUG] [org.gradle.internal.remote.internal.inet.InetAddresses] Adding IP addresses for network interface VirtualBox Host-Only Ethernet Adapter-WFP Native MAC Layer LightWeight Filter-0000
2024-08-20T21:08:26.512-0300 [DEBUG] [org.gradle.internal.remote.internal.inet.InetAddresses] Is this a loopback interface? false
2024-08-20T21:08:26.512-0300 [DEBUG] [org.gradle.internal.remote.internal.inet.InetAddresses] Adding IP addresses for network interface VirtualBox Host-Only Ethernet Adapter-QoS Packet Scheduler-0000
2024-08-20T21:08:26.514-0300 [DEBUG] [org.gradle.internal.remote.internal.inet.InetAddresses] Is this a loopback interface? false
2024-08-20T21:08:26.514-0300 [DEBUG] [org.gradle.internal.remote.internal.inet.InetAddresses] Adding IP addresses for network interface VirtualBox Host-Only Ethernet Adapter-WFP 802.3 MAC Layer LightWeight Filter-0000
2024-08-20T21:08:26.515-0300 [DEBUG] [org.gradle.internal.remote.internal.inet.InetAddresses] Is this a loopback interface? false
2024-08-20T21:08:26.515-0300 [DEBUG] [org.gradle.internal.remote.internal.inet.InetAddresses] Adding IP addresses for network interface Intel(R) Wireless-AC 9462-WFP Native MAC Layer LightWeight Filter-0000
2024-08-20T21:08:26.516-0300 [DEBUG] [org.gradle.internal.remote.internal.inet.InetAddresses] Is this a loopback interface? false
2024-08-20T21:08:26.516-0300 [DEBUG] [org.gradle.internal.remote.internal.inet.InetAddresses] Adding IP addresses for network interface Intel(R) Wireless-AC 9462-Virtual WiFi Filter Driver-0000
2024-08-20T21:08:26.518-0300 [DEBUG] [org.gradle.internal.remote.internal.inet.InetAddresses] Is this a loopback interface? false
2024-08-20T21:08:26.518-0300 [DEBUG] [org.gradle.internal.remote.internal.inet.InetAddresses] Adding IP addresses for network interface Intel(R) Wireless-AC 9462-Native WiFi Filter Driver-0000
2024-08-20T21:08:26.519-0300 [DEBUG] [org.gradle.internal.remote.internal.inet.InetAddresses] Is this a loopback interface? false
2024-08-20T21:08:26.519-0300 [DEBUG] [org.gradle.internal.remote.internal.inet.InetAddresses] Adding IP addresses for network interface Intel(R) Wireless-AC 9462-VirtualBox NDIS Light-Weight Filter-0000
2024-08-20T21:08:26.521-0300 [DEBUG] [org.gradle.internal.remote.internal.inet.InetAddresses] Is this a loopback interface? false
2024-08-20T21:08:26.521-0300 [DEBUG] [org.gradle.internal.remote.internal.inet.InetAddresses] Adding IP addresses for network interface Intel(R) Wireless-AC 9462-QoS Packet Scheduler-0000
2024-08-20T21:08:26.522-0300 [DEBUG] [org.gradle.internal.remote.internal.inet.InetAddresses] Is this a loopback interface? false
2024-08-20T21:08:26.522-0300 [DEBUG] [org.gradle.internal.remote.internal.inet.InetAddresses] Adding IP addresses for network interface Intel(R) Wireless-AC 9462-WFP 802.3 MAC Layer LightWeight Filter-0000
2024-08-20T21:08:26.523-0300 [DEBUG] [org.gradle.internal.remote.internal.inet.InetAddresses] Is this a loopback interface? false
2024-08-20T21:08:26.523-0300 [DEBUG] [org.gradle.internal.remote.internal.inet.InetAddresses] Adding IP addresses for network interface Microsoft Wi-Fi Direct Virtual Adapter #2-WFP Native MAC Layer LightWeight Filter-0000
2024-08-20T21:08:26.525-0300 [DEBUG] [org.gradle.internal.remote.internal.inet.InetAddresses] Is this a loopback interface? false
2024-08-20T21:08:26.525-0300 [DEBUG] [org.gradle.internal.remote.internal.inet.InetAddresses] Adding IP addresses for network interface Microsoft Wi-Fi Direct Virtual Adapter-WFP Native MAC Layer LightWeight Filter-0000
2024-08-20T21:08:26.526-0300 [DEBUG] [org.gradle.internal.remote.internal.inet.InetAddresses] Is this a loopback interface? false
2024-08-20T21:08:26.526-0300 [DEBUG] [org.gradle.internal.remote.internal.inet.InetAddresses] Adding IP addresses for network interface Microsoft Wi-Fi Direct Virtual Adapter-Native WiFi Filter Driver-0000
2024-08-20T21:08:26.527-0300 [DEBUG] [org.gradle.internal.remote.internal.inet.InetAddresses] Is this a loopback interface? false
2024-08-20T21:08:26.527-0300 [DEBUG] [org.gradle.internal.remote.internal.inet.InetAddresses] Adding IP addresses for network interface Microsoft Wi-Fi Direct Virtual Adapter-VirtualBox NDIS Light-Weight Filter-0000
2024-08-20T21:08:26.529-0300 [DEBUG] [org.gradle.internal.remote.internal.inet.InetAddresses] Is this a loopback interface? false
2024-08-20T21:08:26.529-0300 [DEBUG] [org.gradle.internal.remote.internal.inet.InetAddresses] Adding IP addresses for network interface Microsoft Wi-Fi Direct Virtual Adapter-QoS Packet Scheduler-0000
2024-08-20T21:08:26.530-0300 [DEBUG] [org.gradle.internal.remote.internal.inet.InetAddresses] Is this a loopback interface? false
2024-08-20T21:08:26.530-0300 [DEBUG] [org.gradle.internal.remote.internal.inet.InetAddresses] Adding IP addresses for network interface Microsoft Wi-Fi Direct Virtual Adapter-WFP 802.3 MAC Layer LightWeight Filter-0000
2024-08-20T21:08:26.531-0300 [DEBUG] [org.gradle.internal.remote.internal.inet.InetAddresses] Is this a loopback interface? false
2024-08-20T21:08:26.531-0300 [DEBUG] [org.gradle.internal.remote.internal.inet.InetAddresses] Adding IP addresses for network interface Microsoft Wi-Fi Direct Virtual Adapter #2-Native WiFi Filter Driver-0000
2024-08-20T21:08:26.533-0300 [DEBUG] [org.gradle.internal.remote.internal.inet.InetAddresses] Is this a loopback interface? false
2024-08-20T21:08:26.533-0300 [DEBUG] [org.gradle.internal.remote.internal.inet.InetAddresses] Adding IP addresses for network interface Microsoft Wi-Fi Direct Virtual Adapter #2-VirtualBox NDIS Light-Weight Filter-0000
2024-08-20T21:08:26.535-0300 [DEBUG] [org.gradle.internal.remote.internal.inet.InetAddresses] Is this a loopback interface? false
2024-08-20T21:08:26.535-0300 [DEBUG] [org.gradle.internal.remote.internal.inet.InetAddresses] Adding IP addresses for network interface Microsoft Wi-Fi Direct Virtual Adapter #2-QoS Packet Scheduler-0000
2024-08-20T21:08:26.537-0300 [DEBUG] [org.gradle.internal.remote.internal.inet.InetAddresses] Is this a loopback interface? false
2024-08-20T21:08:26.537-0300 [DEBUG] [org.gradle.internal.remote.internal.inet.InetAddresses] Adding IP addresses for network interface Microsoft Wi-Fi Direct Virtual Adapter #2-WFP 802.3 MAC Layer LightWeight Filter-0000
2024-08-20T21:08:26.539-0300 [DEBUG] [org.gradle.internal.remote.internal.inet.InetAddresses] Is this a loopback interface? false
2024-08-20T21:08:26.539-0300 [DEBUG] [org.gradle.internal.remote.internal.inet.InetAddresses] Adding IP addresses for network interface WAN Miniport (IP)-WFP Native MAC Layer LightWeight Filter-0000
2024-08-20T21:08:26.540-0300 [DEBUG] [org.gradle.internal.remote.internal.inet.InetAddresses] Is this a loopback interface? false
2024-08-20T21:08:26.540-0300 [DEBUG] [org.gradle.internal.remote.internal.inet.InetAddresses] Adding IP addresses for network interface WAN Miniport (IP)-QoS Packet Scheduler-0000
2024-08-20T21:08:26.541-0300 [DEBUG] [org.gradle.internal.remote.internal.inet.InetAddresses] Is this a loopback interface? false
2024-08-20T21:08:26.541-0300 [DEBUG] [org.gradle.internal.remote.internal.inet.InetAddresses] Adding IP addresses for network interface WAN Miniport (IPv6)-WFP Native MAC Layer LightWeight Filter-0000
2024-08-20T21:08:26.543-0300 [DEBUG] [org.gradle.internal.remote.internal.inet.InetAddresses] Is this a loopback interface? false
2024-08-20T21:08:26.543-0300 [DEBUG] [org.gradle.internal.remote.internal.inet.InetAddresses] Adding IP addresses for network interface WAN Miniport (IPv6)-QoS Packet Scheduler-0000
2024-08-20T21:08:26.544-0300 [DEBUG] [org.gradle.internal.remote.internal.inet.InetAddresses] Is this a loopback interface? false
2024-08-20T21:08:26.544-0300 [DEBUG] [org.gradle.internal.remote.internal.inet.InetAddresses] Adding IP addresses for network interface WAN Miniport (Network Monitor)-WFP Native MAC Layer LightWeight Filter-0000
2024-08-20T21:08:26.545-0300 [DEBUG] [org.gradle.internal.remote.internal.inet.InetAddresses] Is this a loopback interface? false
2024-08-20T21:08:26.545-0300 [DEBUG] [org.gradle.internal.remote.internal.inet.InetAddresses] Adding IP addresses for network interface WAN Miniport (Network Monitor)-QoS Packet Scheduler-0000
2024-08-20T21:08:26.546-0300 [DEBUG] [org.gradle.internal.remote.internal.inet.InetAddresses] Is this a loopback interface? false
2024-08-20T21:08:26.551-0300 [DEBUG] [org.gradle.internal.remote.internal.inet.TcpIncomingConnector] Listening on [40c693c8-b4f9-4882-81cb-d037ee161424 port:49942, addresses:[localhost/127.0.0.1]].
2024-08-20T21:08:26.563-0300 [DEBUG] [org.gradle.launcher.daemon.server.Daemon] Daemon starting at: Tue Aug 20 21:08:26 BRT 2024, with address: [40c693c8-b4f9-4882-81cb-d037ee161424 port:49942, addresses:[localhost/127.0.0.1]]
2024-08-20T21:08:26.563-0300 [INFO] [org.gradle.launcher.daemon.server.DaemonRegistryUpdater] Advertising the daemon address to the clients: [40c693c8-b4f9-4882-81cb-d037ee161424 port:49942, addresses:[localhost/127.0.0.1]]
2024-08-20T21:08:26.563-0300 [DEBUG] [org.gradle.launcher.daemon.server.DaemonRegistryUpdater] Advertised daemon context: DefaultDaemonContext[uid=02fdd683-df73-4066-9508-fe564634f498,javaHome=C:\Program Files\Android\Android Studio\jbr,daemonRegistryDir=C:\Users\Felipe\AndroidStudioProjects\CakeStock\daemon,pid=1288,idleTimeout=10800000,priority=NORMAL,applyInstrumentationAgent=true,daemonOpts=--add-opens=java.base/java.util=ALL-UNNAMED,--add-opens=java.base/java.lang=ALL-UNNAMED,--add-opens=java.base/java.lang.invoke=ALL-UNNAMED,--add-opens=java.prefs/java.util.prefs=ALL-UNNAMED,--add-opens=java.base/java.nio.charset=ALL-UNNAMED,--add-opens=java.base/java.net=ALL-UNNAMED,--add-opens=java.base/java.util.concurrent.atomic=ALL-UNNAMED,-Xmx2048m,-Dfile.encoding=UTF-8,-Duser.country=BR,-Duser.language=pt,-Duser.variant]
2024-08-20T21:08:26.563-0300 [DEBUG] [org.gradle.launcher.daemon.registry.PersistentDaemonRegistry] Storing daemon address: [40c693c8-b4f9-4882-81cb-d037ee161424 port:49942, addresses:[localhost/127.0.0.1]], context: DefaultDaemonContext[uid=02fdd683-df73-4066-9508-fe564634f498,javaHome=C:\Program Files\Android\Android Studio\jbr,daemonRegistryDir=C:\Users\Felipe\AndroidStudioProjects\CakeStock\daemon,pid=1288,idleTimeout=10800000,priority=NORMAL,applyInstrumentationAgent=true,daemonOpts=--add-opens=java.base/java.util=ALL-UNNAMED,--add-opens=java.base/java.lang=ALL-UNNAMED,--add-opens=java.base/java.lang.invoke=ALL-UNNAMED,--add-opens=java.prefs/java.util.prefs=ALL-UNNAMED,--add-opens=java.base/java.nio.charset=ALL-UNNAMED,--add-opens=java.base/java.net=ALL-UNNAMED,--add-opens=java.base/java.util.concurrent.atomic=ALL-UNNAMED,-Xmx2048m,-Dfile.encoding=UTF-8,-Duser.country=BR,-Duser.language=pt,-Duser.variant]
2024-08-20T21:08:26.574-0300 [DEBUG] [org.gradle.cache.internal.DefaultFileLockManager] Waiting to acquire exclusive lock on daemon addresses registry.
2024-08-20T21:08:26.576-0300 [DEBUG] [org.gradle.cache.internal.DefaultFileLockManager] Lock acquired on daemon addresses registry.
2024-08-20T21:08:26.580-0300 [DEBUG] [org.gradle.cache.internal.DefaultFileLockManager] Releasing lock on daemon addresses registry.
2024-08-20T21:08:26.580-0300 [LIFECYCLE] [org.gradle.launcher.daemon.server.Daemon] Daemon server started.
2024-08-20T21:08:26.581-0300 [DEBUG] [org.gradle.launcher.daemon.bootstrap.DaemonStartupCommunication] Completed writing the daemon greeting. Closing streams...
2024-08-20T21:08:26.585-0300 [DEBUG] [org.gradle.launcher.daemon.server.Daemon] stopOnExpiration() called on daemon
2024-08-20T21:08:26.586-0300 [DEBUG] [org.gradle.launcher.daemon.server.Daemon] awaitExpiration() called on daemon
2024-08-20T21:08:26.587-0300 [DEBUG] [org.gradle.launcher.daemon.server.DaemonStateCoordinator] daemon is running. Sleeping until state changes.
2024-08-20T21:08:26.591-0300 [DEBUG] [org.gradle.internal.remote.internal.inet.TcpIncomingConnector] Accepted connection from /127.0.0.1:49943 to /127.0.0.1:49942.
2024-08-20T21:08:26.698-0300 [DEBUG] [org.gradle.launcher.daemon.server.SynchronizedDispatchConnection] thread 22: received class org.gradle.launcher.daemon.protocol.Build
2024-08-20T21:08:26.698-0300 [DEBUG] [org.gradle.launcher.daemon.server.DefaultDaemonConnection] thread 22: Received non-IO message from client: Build{id=09713391-1d0a-41d3-a927-6213f38ba29b, currentDir=C:\Users\Felipe\AndroidStudioProjects\CakeStock}
2024-08-20T21:08:26.699-0300 [INFO] [org.gradle.launcher.daemon.server.DefaultIncomingConnectionHandler] Received command: Build{id=09713391-1d0a-41d3-a927-6213f38ba29b, currentDir=C:\Users\Felipe\AndroidStudioProjects\CakeStock}.
2024-08-20T21:08:26.699-0300 [DEBUG] [org.gradle.launcher.daemon.server.DefaultIncomingConnectionHandler] Starting executing command: Build{id=09713391-1d0a-41d3-a927-6213f38ba29b, currentDir=C:\Users\Felipe\AndroidStudioProjects\CakeStock} with connection: socket connection from /127.0.0.1:49942 to /127.0.0.1:49943.
2024-08-20T21:08:26.701-0300 [DEBUG] [org.gradle.launcher.daemon.server.DaemonStateCoordinator] Command execution: started DaemonCommandExecution[command = Build{id=09713391-1d0a-41d3-a927-6213f38ba29b, currentDir=C:\Users\Felipe\AndroidStudioProjects\CakeStock}, connection = DefaultDaemonConnection: socket connection from /127.0.0.1:49942 to /127.0.0.1:49943] after 0.0 minutes of idle
2024-08-20T21:08:26.701-0300 [INFO] [org.gradle.launcher.daemon.server.DaemonRegistryUpdater] Marking the daemon as busy, address: [40c693c8-b4f9-4882-81cb-d037ee161424 port:49942, addresses:[localhost/127.0.0.1]]
2024-08-20T21:08:26.701-0300 [DEBUG] [org.gradle.launcher.daemon.registry.PersistentDaemonRegistry] Marking busy by address: [40c693c8-b4f9-4882-81cb-d037ee161424 port:49942, addresses:[localhost/127.0.0.1]]
2024-08-20T21:08:26.702-0300 [DEBUG] [org.gradle.cache.internal.DefaultFileLockManager] Waiting to acquire exclusive lock on daemon addresses registry.
2024-08-20T21:08:26.702-0300 [DEBUG] [org.gradle.cache.internal.DefaultFileLockManager] Lock acquired on daemon addresses registry.
2024-08-20T21:08:26.703-0300 [DEBUG] [org.gradle.cache.internal.DefaultFileLockManager] Releasing lock on daemon addresses registry.
2024-08-20T21:08:26.703-0300 [DEBUG] [org.gradle.launcher.daemon.server.DaemonStateCoordinator] resetting idle timer
2024-08-20T21:08:26.703-0300 [DEBUG] [org.gradle.launcher.daemon.server.DaemonStateCoordinator] daemon is running. Sleeping until state changes.
2024-08-20T21:08:26.704-0300 [INFO] [org.gradle.launcher.daemon.server.exec.StartBuildOrRespondWithBusy] Daemon is about to start building Build{id=09713391-1d0a-41d3-a927-6213f38ba29b, currentDir=C:\Users\Felipe\AndroidStudioProjects\CakeStock}. Dispatching build started information...
2024-08-20T21:08:26.705-0300 [DEBUG] [org.gradle.launcher.daemon.server.SynchronizedDispatchConnection] thread 24: dispatching org.gradle.launcher.daemon.protocol.BuildStarted@41d475b5
2024-08-20T21:08:26.706-0300 [DEBUG] [org.gradle.launcher.daemon.server.exec.EstablishBuildEnvironment] Configuring env variables: [USERDOMAIN_ROAMINGPROFILE, OneDriveCommercial, LOCALAPPDATA, PROCESSOR_LEVEL, USERDOMAIN, LOGONSERVER, JAVA_HOME, SESSIONNAME, ALLUSERSPROFILE, PROCESSOR_ARCHITECTURE, PSModulePath, SystemDrive, JRE_HOME, OneDrive, APPDATA, USERNAME, ProgramFiles(x86), VBOX_MSI_INSTALL_PATH, CommonProgramFiles, Path, PATHEXT, DriverData, OS, OneDriveConsumer, COMPUTERNAME, PROCESSOR_REVISION, CommonProgramW6432, EFC_6108, ComSpec, ProgramData, ProgramW6432, TEMP, HOMEPATH, SystemRoot, PROCESSOR_IDENTIFIER, HOMEDRIVE, USERPROFILE, TMP, CommonProgramFiles(x86), ProgramFiles, PUBLIC, windir, NUMBER_OF_PROCESSORS, IDEA_INITIAL_DIRECTORY, ZES_ENABLE_SYSMAN]
2024-08-20T21:08:26.708-0300 [DEBUG] [org.gradle.launcher.daemon.server.SynchronizedDispatchConnection] thread 22: received class org.gradle.launcher.daemon.protocol.CloseInput
2024-08-20T21:08:26.708-0300 [DEBUG] [org.gradle.launcher.daemon.server.DefaultDaemonConnection] thread 22: Received IO message from client: org.gradle.launcher.daemon.protocol.CloseInput@2811303a
2024-08-20T21:08:26.712-0300 [DEBUG] [org.gradle.launcher.daemon.server.exec.LogToClient] About to start relaying all logs to the client via the connection.
2024-08-20T21:08:26.712-0300 [INFO] [org.gradle.launcher.daemon.server.exec.LogToClient] The client will now receive all logging from the daemon (pid: 1288). The daemon log file: C:\Users\Felipe\AndroidStudioProjects\CakeStock\daemon\8.6\daemon-1288.out.log
2024-08-20T21:08:26.715-0300 [INFO] [org.gradle.launcher.daemon.server.exec.LogAndCheckHealth] Starting build in new daemon [memory: 2 GiB]
2024-08-20T21:08:26.717-0300 [INFO] [org.gradle.launcher.daemon.server.exec.ForwardClientInput] Closing daemon's stdin at end of input.
2024-08-20T21:08:26.717-0300 [INFO] [org.gradle.launcher.daemon.server.exec.ForwardClientInput] The daemon will no longer process any standard input.
2024-08-20T21:08:26.718-0300 [DEBUG] [org.gradle.launcher.daemon.server.exec.ExecuteBuild] The daemon has started executing the build.
2024-08-20T21:08:26.718-0300 [DEBUG] [org.gradle.launcher.daemon.server.exec.ExecuteBuild] Executing build with daemon context: DefaultDaemonContext[uid=02fdd683-df73-4066-9508-fe564634f498,javaHome=C:\Program Files\Android\Android Studio\jbr,daemonRegistryDir=C:\Users\Felipe\AndroidStudioProjects\CakeStock\daemon,pid=1288,idleTimeout=10800000,priority=NORMAL,applyInstrumentationAgent=true,daemonOpts=--add-opens=java.base/java.util=ALL-UNNAMED,--add-opens=java.base/java.lang=ALL-UNNAMED,--add-opens=java.base/java.lang.invoke=ALL-UNNAMED,--add-opens=java.prefs/java.util.prefs=ALL-UNNAMED,--add-opens=java.base/java.nio.charset=ALL-UNNAMED,--add-opens=java.base/java.net=ALL-UNNAMED,--add-opens=java.base/java.util.concurrent.atomic=ALL-UNNAMED,-Xmx2048m,-Dfile.encoding=UTF-8,-Duser.country=BR,-Duser.language=pt,-Duser.variant]
Observed package id 'emulator' in inconsistent location 'C:\Users\Felipe\AppData\Local\Android\Sdk\emulator.backup' (Expected 'C:\Users\Felipe\AppData\Local\Android\Sdk\emulator')
Already observed package id 'emulator' in 'C:\Users\Felipe\AppData\Local\Android\Sdk\emulator'. Skipping duplicate at 'C:\Users\Felipe\AppData\Local\Android\Sdk\emulator.backup'
Observed package id 'platform-tools' in inconsistent location 'C:\Users\Felipe\AppData\Local\Android\Sdk\platform-tools-backup' (Expected 'C:\Users\Felipe\AppData\Local\Android\Sdk\platform-tools')
Generating lint files for backported methods only (compile API B)

BUILD SUCCESSFUL in 2m 1s
2024-08-20T21:10:24.751-0300 [DEBUG] [org.gradle.launcher.daemon.server.exec.ExecuteBuild] The daemon has finished executing the build.
2024-08-20T21:10:24.770-0300 [DEBUG] [org.gradle.launcher.daemon.server.DaemonStateCoordinator] daemon is running. Sleeping until state changes.
2024-08-20T21:10:24.772-0300 [DEBUG] [org.gradle.launcher.daemon.server.DaemonStateCoordinator] Command execution: finished waiting for DaemonCommandExecution[command = Build{id=09713391-1d0a-41d3-a927-6213f38ba29b, currentDir=C:\Users\Felipe\AndroidStudioProjects\CakeStock}, connection = DefaultDaemonConnection: socket connection from /127.0.0.1:49942 to /127.0.0.1:49943]. Result org.gradle.launcher.daemon.server.DaemonStateCoordinator@521dcd13 with state Busy
2024-08-20T21:10:24.772-0300 [DEBUG] [org.gradle.launcher.daemon.server.DaemonStateCoordinator] Command execution: completed DaemonCommandExecution[command = Build{id=09713391-1d0a-41d3-a927-6213f38ba29b, currentDir=C:\Users\Felipe\AndroidStudioProjects\CakeStock}, connection = DefaultDaemonConnection: socket connection from /127.0.0.1:49942 to /127.0.0.1:49943]
2024-08-20T21:10:24.772-0300 [DEBUG] [org.gradle.launcher.daemon.server.DaemonStateCoordinator] resetting idle timer
2024-08-20T21:10:24.772-0300 [INFO] [org.gradle.launcher.daemon.server.DaemonRegistryUpdater] Marking the daemon as idle, address: [40c693c8-b4f9-4882-81cb-d037ee161424 port:49942, addresses:[localhost/127.0.0.1]]
2024-08-20T21:10:24.773-0300 [DEBUG] [org.gradle.launcher.daemon.registry.PersistentDaemonRegistry] Marking busy by address: [40c693c8-b4f9-4882-81cb-d037ee161424 port:49942, addresses:[localhost/127.0.0.1]]
2024-08-20T21:10:24.774-0300 [DEBUG] [org.gradle.cache.internal.DefaultFileLockManager] Waiting to acquire exclusive lock on daemon addresses registry.
2024-08-20T21:10:24.775-0300 [DEBUG] [org.gradle.cache.internal.DefaultFileLockManager] Lock acquired on daemon addresses registry.
2024-08-20T21:10:24.777-0300 [DEBUG] [org.gradle.cache.internal.DefaultFileLockManager] Releasing lock on daemon addresses registry.
2024-08-20T21:10:24.778-0300 [DEBUG] [org.gradle.launcher.daemon.server.DaemonStateCoordinator] daemon is running. Sleeping until state changes.
2024-08-20T21:10:24.779-0300 [DEBUG] [org.gradle.launcher.daemon.server.exec.ReturnResult] Daemon is dispatching the build result: Success[value=org.gradle.launcher.exec.BuildActionResult@1bf97353]
2024-08-20T21:10:24.779-0300 [DEBUG] [org.gradle.launcher.daemon.server.SynchronizedDispatchConnection] thread 21: dispatching Success[value=org.gradle.launcher.exec.BuildActionResult@1bf97353]
2024-08-20T21:10:24.780-0300 [DEBUG] [org.gradle.launcher.daemon.server.DefaultIncomingConnectionHandler] Finishing executing command: Build{id=09713391-1d0a-41d3-a927-6213f38ba29b, currentDir=C:\Users\Felipe\AndroidStudioProjects\CakeStock}
2024-08-20T21:10:24.862-0300 [DEBUG] [org.gradle.launcher.daemon.server.SynchronizedDispatchConnection] thread 22: received class org.gradle.launcher.daemon.protocol.Finished
2024-08-20T21:10:24.862-0300 [DEBUG] [org.gradle.launcher.daemon.server.DefaultDaemonConnection] thread 22: Received non-IO message from client: org.gradle.launcher.daemon.protocol.Finished@387ec5b3
2024-08-20T21:10:24.862-0300 [DEBUG] [org.gradle.launcher.daemon.server.DefaultIncomingConnectionHandler] Received finished message: org.gradle.launcher.daemon.protocol.Finished@387ec5b3
2024-08-20T21:10:24.863-0300 [DEBUG] [org.gradle.launcher.daemon.server.SynchronizedDispatchConnection] thread 21: stopping connection
2024-08-20T21:10:24.866-0300 [DEBUG] [org.gradle.internal.remote.internal.inet.SocketConnection] Discarding EOFException: java.io.EOFException
2024-08-20T21:10:24.867-0300 [DEBUG] [org.gradle.launcher.daemon.server.SynchronizedDispatchConnection] thread 22: received null
2024-08-20T21:10:24.867-0300 [DEBUG] [org.gradle.launcher.daemon.server.DefaultDaemonConnection] thread 22: Received end-of-input from client.
2024-08-20T21:10:24.867-0300 [DEBUG] [org.gradle.launcher.daemon.server.SynchronizedDispatchConnection] thread 21: stopping connection
2024-08-20T21:10:26.601-0300 [DEBUG] [org.gradle.cache.internal.DefaultFileLockManager] Waiting to acquire shared lock on daemon addresses registry.
2024-08-20T21:10:26.602-0300 [DEBUG] [org.gradle.cache.internal.DefaultFileLockManager] Lock acquired on daemon addresses registry.
2024-08-20T21:10:26.602-0300 [DEBUG] [org.gradle.cache.internal.DefaultFileLockManager] Releasing lock on daemon addresses registry.
2024-08-20T21:10:26.603-0300 [DEBUG] [org.gradle.cache.internal.DefaultFileLockManager] Waiting to acquire shared lock on daemon addresses registry.
2024-08-20T21:10:26.604-0300 [DEBUG] [org.gradle.cache.internal.DefaultFileLockManager] Lock acquired on daemon addresses registry.
2024-08-20T21:10:26.604-0300 [DEBUG] [org.gradle.cache.internal.DefaultFileLockManager] Releasing lock on daemon addresses registry.
2024-08-20T21:10:26.871-0300 [DEBUG] [org.gradle.process.internal.health.memory.DefaultMemoryManager] 826022707 physical memory requested, 727625728 free
2024-08-20T21:10:26.872-0300 [DEBUG] [org.gradle.workers.internal.WorkerDaemonExpiration] Will attempt to release 787 of memory
2024-08-20T21:10:26.872-0300 [DEBUG] [org.gradle.process.internal.health.memory.DefaultMemoryManager] 826022707 physical memory requested, 0 released, 727625728 free
2024-08-20T21:10:31.869-0300 [DEBUG] [org.gradle.process.internal.health.memory.DefaultMemoryManager] 826022707 physical memory requested, 621821952 free
2024-08-20T21:10:31.869-0300 [DEBUG] [org.gradle.workers.internal.WorkerDaemonExpiration] Will attempt to release 787 of memory
2024-08-20T21:10:31.869-0300 [DEBUG] [org.gradle.process.internal.health.memory.DefaultMemoryManager] 826022707 physical memory requested, 0 released, 621821952 free
2024-08-20T21:10:36.595-0300 [DEBUG] [org.gradle.cache.internal.DefaultFileLockManager] Waiting to acquire shared lock on daemon addresses registry.
2024-08-20T21:10:36.595-0300 [DEBUG] [org.gradle.cache.internal.DefaultFileLockManager] Lock acquired on daemon addresses registry.
2024-08-20T21:10:36.595-0300 [DEBUG] [org.gradle.cache.internal.DefaultFileLockManager] Releasing lock on daemon addresses registry.
2024-08-20T21:10:36.597-0300 [DEBUG] [org.gradle.cache.internal.DefaultFileLockManager] Waiting to acquire shared lock on daemon addresses registry.
2024-08-20T21:10:36.597-0300 [DEBUG] [org.gradle.cache.internal.DefaultFileLockManager] Lock acquired on daemon addresses registry.
2024-08-20T21:10:36.597-0300 [DEBUG] [org.gradle.cache.internal.DefaultFileLockManager] Releasing lock on daemon addresses registry.
2024-08-20T21:10:36.598-0300 [DEBUG] [org.gradle.cache.internal.DefaultFileLockManager] Waiting to acquire shared lock on daemon addresses registry.
2024-08-20T21:10:36.598-0300 [DEBUG] [org.gradle.cache.internal.DefaultFileLockManager] Lock acquired on daemon addresses registry.
2024-08-20T21:10:36.599-0300 [DEBUG] [org.gradle.cache.internal.DefaultFileLockManager] Releasing lock on daemon addresses registry.
2024-08-20T21:10:36.865-0300 [DEBUG] [org.gradle.process.internal.health.memory.DefaultMemoryManager] 826022707 physical memory requested, 568659968 free
2024-08-20T21:10:36.866-0300 [DEBUG] [org.gradle.workers.internal.WorkerDaemonExpiration] Will attempt to release 787 of memory
2024-08-20T21:10:36.866-0300 [DEBUG] [org.gradle.process.internal.health.memory.DefaultMemoryManager] 826022707 physical memory requested, 0 released, 568659968 free
2024-08-20T21:10:41.889-0300 [DEBUG] [org.gradle.process.internal.health.memory.DefaultMemoryManager] 826022707 physical memory requested, 440766464 free
2024-08-20T21:10:41.889-0300 [DEBUG] [org.gradle.workers.internal.WorkerDaemonExpiration] Will attempt to release 787 of memory
2024-08-20T21:10:41.889-0300 [DEBUG] [org.gradle.process.internal.health.memory.DefaultMemoryManager] 826022707 physical memory requested, 0 released, 440766464 free
2024-08-20T21:10:46.596-0300 [DEBUG] [org.gradle.cache.internal.DefaultFileLockManager] Waiting to acquire shared lock on daemon addresses registry.
2024-08-20T21:10:46.596-0300 [DEBUG] [org.gradle.cache.internal.DefaultFileLockManager] Lock acquired on daemon addresses registry.
2024-08-20T21:10:46.597-0300 [DEBUG] [org.gradle.cache.internal.DefaultFileLockManager] Releasing lock on daemon addresses registry.
2024-08-20T21:10:46.599-0300 [DEBUG] [org.gradle.cache.internal.DefaultFileLockManager] Waiting to acquire shared lock on daemon addresses registry.
2024-08-20T21:10:46.600-0300 [DEBUG] [org.gradle.cache.internal.DefaultFileLockManager] Lock acquired on daemon addresses registry.
2024-08-20T21:10:46.600-0300 [DEBUG] [org.gradle.cache.internal.DefaultFileLockManager] Releasing lock on daemon addresses registry.
2024-08-20T21:10:46.601-0300 [DEBUG] [org.gradle.cache.internal.DefaultFileLockManager] Waiting to acquire shared lock on daemon addresses registry.
2024-08-20T21:10:46.601-0300 [DEBUG] [org.gradle.cache.internal.DefaultFileLockManager] Lock acquired on daemon addresses registry.
2024-08-20T21:10:46.603-0300 [DEBUG] [org.gradle.cache.internal.DefaultFileLockManager] Releasing lock on daemon addresses registry.
2024-08-20T21:10:46.863-0300 [DEBUG] [org.gradle.process.internal.health.memory.DefaultMemoryManager] 826022707 physical memory requested, 513036288 free
2024-08-20T21:10:46.863-0300 [DEBUG] [org.gradle.workers.internal.WorkerDaemonExpiration] Will attempt to release 787 of memory
2024-08-20T21:10:46.864-0300 [DEBUG] [org.gradle.process.internal.health.memory.DefaultMemoryManager] 826022707 physical memory requested, 0 released, 513036288 free
2024-08-20T21:10:51.868-0300 [DEBUG] [org.gradle.process.internal.health.memory.DefaultMemoryManager] 826022707 physical memory requested, 505917440 free
2024-08-20T21:10:51.868-0300 [DEBUG] [org.gradle.workers.internal.WorkerDaemonExpiration] Will attempt to release 787 of memory
2024-08-20T21:10:51.868-0300 [DEBUG] [org.gradle.process.internal.health.memory.DefaultMemoryManager] 826022707 physical memory requested, 0 released, 505917440 free
2024-08-20T21:10:56.592-0300 [DEBUG] [org.gradle.cache.internal.DefaultFileLockManager] Waiting to acquire shared lock on daemon addresses registry.
2024-08-20T21:10:56.592-0300 [DEBUG] [org.gradle.cache.internal.DefaultFileLockManager] Lock acquired on daemon addresses registry.
2024-08-20T21:10:56.593-0300 [DEBUG] [org.gradle.cache.internal.DefaultFileLockManager] Releasing lock on daemon addresses registry.
2024-08-20T21:10:56.594-0300 [DEBUG] [org.gradle.cache.internal.DefaultFileLockManager] Waiting to acquire shared lock on daemon addresses registry.
2024-08-20T21:10:56.595-0300 [DEBUG] [org.gradle.cache.internal.DefaultFileLockManager] Lock acquired on daemon addresses registry.
2024-08-20T21:10:56.596-0300 [DEBUG] [org.gradle.cache.internal.DefaultFileLockManager] Releasing lock on daemon addresses registry.
2024-08-20T21:10:56.597-0300 [DEBUG] [org.gradle.cache.internal.DefaultFileLockManager] Waiting to acquire shared lock on daemon addresses registry.
2024-08-20T21:10:56.598-0300 [DEBUG] [org.gradle.cache.internal.DefaultFileLockManager] Lock acquired on daemon addresses registry.
2024-08-20T21:10:56.598-0300 [DEBUG] [org.gradle.cache.internal.DefaultFileLockManager] Releasing lock on daemon addresses registry.
2024-08-20T21:10:56.868-0300 [DEBUG] [org.gradle.process.internal.health.memory.DefaultMemoryManager] 826022707 physical memory requested, 404709376 free
2024-08-20T21:10:56.868-0300 [DEBUG] [org.gradle.workers.internal.WorkerDaemonExpiration] Will attempt to release 787 of memory
2024-08-20T21:10:56.868-0300 [DEBUG] [org.gradle.process.internal.health.memory.DefaultMemoryManager] 826022707 physical memory requested, 0 released, 404709376 free
2024-08-20T21:11:01.885-0300 [DEBUG] [org.gradle.process.internal.health.memory.DefaultMemoryManager] 826022707 physical memory requested, 395874304 free
2024-08-20T21:11:01.885-0300 [DEBUG] [org.gradle.workers.internal.WorkerDaemonExpiration] Will attempt to release 787 of memory
2024-08-20T21:11:01.885-0300 [DEBUG] [org.gradle.process.internal.health.memory.DefaultMemoryManager] 826022707 physical memory requested, 0 released, 395874304 free
2024-08-20T21:11:06.593-0300 [DEBUG] [org.gradle.cache.internal.DefaultFileLockManager] Waiting to acquire shared lock on daemon addresses registry.
2024-08-20T21:11:06.595-0300 [DEBUG] [org.gradle.cache.internal.DefaultFileLockManager] Lock acquired on daemon addresses registry.
2024-08-20T21:11:06.597-0300 [DEBUG] [org.gradle.cache.internal.DefaultFileLockManager] Releasing lock on daemon addresses registry.
2024-08-20T21:11:06.600-0300 [DEBUG] [org.gradle.cache.internal.DefaultFileLockManager] Waiting to acquire shared lock on daemon addresses registry.
2024-08-20T21:11:06.601-0300 [DEBUG] [org.gradle.cache.internal.DefaultFileLockManager] Lock acquired on daemon addresses registry.
2024-08-20T21:11:06.602-0300 [DEBUG] [org.gradle.cache.internal.DefaultFileLockManager] Releasing lock on daemon addresses registry.
2024-08-20T21:11:06.605-0300 [DEBUG] [org.gradle.cache.internal.DefaultFileLockManager] Waiting to acquire shared lock on daemon addresses registry.
2024-08-20T21:11:06.606-0300 [DEBUG] [org.gradle.cache.internal.DefaultFileLockManager] Lock acquired on daemon addresses registry.
2024-08-20T21:11:06.607-0300 [DEBUG] [org.gradle.cache.internal.DefaultFileLockManager] Releasing lock on daemon addresses registry.
2024-08-20T21:11:06.888-0300 [DEBUG] [org.gradle.process.internal.health.memory.DefaultMemoryManager] 826022707 physical memory requested, 392888320 free
2024-08-20T21:11:06.889-0300 [DEBUG] [org.gradle.workers.internal.WorkerDaemonExpiration] Will attempt to release 787 of memory
2024-08-20T21:11:06.889-0300 [DEBUG] [org.gradle.process.internal.health.memory.DefaultMemoryManager] 826022707 physical memory requested, 0 released, 392888320 free
2024-08-20T21:11:11.868-0300 [DEBUG] [org.gradle.process.internal.health.memory.DefaultMemoryManager] 826022707 physical memory requested, 415563776 free
2024-08-20T21:11:11.868-0300 [DEBUG] [org.gradle.workers.internal.WorkerDaemonExpiration] Will attempt to release 787 of memory
2024-08-20T21:11:11.868-0300 [DEBUG] [org.gradle.process.internal.health.memory.DefaultMemoryManager] 826022707 physical memory requested, 0 released, 415563776 free
2024-08-20T21:11:16.601-0300 [DEBUG] [org.gradle.cache.internal.DefaultFileLockManager] Waiting to acquire shared lock on daemon addresses registry.
2024-08-20T21:11:16.602-0300 [DEBUG] [org.gradle.cache.internal.DefaultFileLockManager] Lock acquired on daemon addresses registry.
2024-08-20T21:11:16.606-0300 [DEBUG] [org.gradle.cache.internal.DefaultFileLockManager] Releasing lock on daemon addresses registry.
2024-08-20T21:11:16.611-0300 [DEBUG] [org.gradle.cache.internal.DefaultFileLockManager] Waiting to acquire shared lock on daemon addresses registry.
2024-08-20T21:11:16.614-0300 [DEBUG] [org.gradle.cache.internal.DefaultFileLockManager] Lock acquired on daemon addresses registry.
2024-08-20T21:11:16.618-0300 [DEBUG] [org.gradle.cache.internal.DefaultFileLockManager] Releasing lock on daemon addresses registry.
2024-08-20T21:11:16.623-0300 [DEBUG] [org.gradle.cache.internal.DefaultFileLockManager] Waiting to acquire shared lock on daemon addresses registry.
2024-08-20T21:11:16.624-0300 [DEBUG] [org.gradle.cache.internal.DefaultFileLockManager] Lock acquired on daemon addresses registry.
2024-08-20T21:11:16.625-0300 [DEBUG] [org.gradle.cache.internal.DefaultFileLockManager] Releasing lock on daemon addresses registry.
2024-08-20T21:11:16.878-0300 [DEBUG] [org.gradle.process.internal.health.memory.DefaultMemoryManager] 826022707 physical memory requested, 392155136 free
2024-08-20T21:11:16.879-0300 [DEBUG] [org.gradle.workers.internal.WorkerDaemonExpiration] Will attempt to release 787 of memory
2024-08-20T21:11:16.879-0300 [DEBUG] [org.gradle.process.internal.health.memory.DefaultMemoryManager] 826022707 physical memory requested, 0 released, 392155136 free
2024-08-20T21:11:21.878-0300 [DEBUG] [org.gradle.process.internal.health.memory.DefaultMemoryManager] 826022707 physical memory requested, 422248448 free
2024-08-20T21:11:21.878-0300 [DEBUG] [org.gradle.workers.internal.WorkerDaemonExpiration] Will attempt to release 787 of memory
2024-08-20T21:11:21.878-0300 [DEBUG] [org.gradle.process.internal.health.memory.DefaultMemoryManager] 826022707 physical memory requested, 0 released, 422248448 free
2024-08-20T21:11:26.596-0300 [DEBUG] [org.gradle.cache.internal.DefaultFileLockManager] Waiting to acquire shared lock on daemon addresses registry.
2024-08-20T21:11:26.597-0300 [DEBUG] [org.gradle.cache.internal.DefaultFileLockManager] Lock acquired on daemon addresses registry.
2024-08-20T21:11:26.597-0300 [DEBUG] [org.gradle.cache.internal.DefaultFileLockManager] Releasing lock on daemon addresses registry.
2024-08-20T21:11:26.598-0300 [DEBUG] [org.gradle.cache.internal.DefaultFileLockManager] Waiting to acquire shared lock on daemon addresses registry.
2024-08-20T21:11:26.598-0300 [DEBUG] [org.gradle.cache.internal.DefaultFileLockManager] Lock acquired on daemon addresses registry.
2024-08-20T21:11:26.598-0300 [DEBUG] [org.gradle.cache.internal.DefaultFileLockManager] Releasing lock on daemon addresses registry.
2024-08-20T21:11:26.598-0300 [DEBUG] [org.gradle.cache.internal.DefaultFileLockManager] Waiting to acquire shared lock on daemon addresses registry.
2024-08-20T21:11:26.599-0300 [DEBUG] [org.gradle.cache.internal.DefaultFileLockManager] Lock acquired on daemon addresses registry.
2024-08-20T21:11:26.599-0300 [DEBUG] [org.gradle.cache.internal.DefaultFileLockManager] Releasing lock on daemon addresses registry.
2024-08-20T21:11:26.865-0300 [DEBUG] [org.gradle.process.internal.health.memory.DefaultMemoryManager] 826022707 physical memory requested, 426594304 free
2024-08-20T21:11:26.865-0300 [DEBUG] [org.gradle.workers.internal.WorkerDaemonExpiration] Will attempt to release 787 of memory
2024-08-20T21:11:26.865-0300 [DEBUG] [org.gradle.process.internal.health.memory.DefaultMemoryManager] 826022707 physical memory requested, 0 released, 426594304 free
2024-08-20T21:11:31.874-0300 [DEBUG] [org.gradle.process.internal.health.memory.DefaultMemoryManager] 826022707 physical memory requested, 395714560 free
2024-08-20T21:11:31.874-0300 [DEBUG] [org.gradle.workers.internal.WorkerDaemonExpiration] Will attempt to release 787 of memory
2024-08-20T21:11:31.874-0300 [DEBUG] [org.gradle.process.internal.health.memory.DefaultMemoryManager] 826022707 physical memory requested, 0 released, 395714560 free
2024-08-20T21:11:36.593-0300 [DEBUG] [org.gradle.cache.internal.DefaultFileLockManager] Waiting to acquire shared lock on daemon addresses registry.
2024-08-20T21:11:36.594-0300 [DEBUG] [org.gradle.cache.internal.DefaultFileLockManager] Lock acquired on daemon addresses registry.
2024-08-20T21:11:36.594-0300 [DEBUG] [org.gradle.cache.internal.DefaultFileLockManager] Releasing lock on daemon addresses registry.
2024-08-20T21:11:36.595-0300 [DEBUG] [org.gradle.cache.internal.DefaultFileLockManager] Waiting to acquire shared lock on daemon addresses registry.
2024-08-20T21:11:36.595-0300 [DEBUG] [org.gradle.cache.internal.DefaultFileLockManager] Lock acquired on daemon addresses registry.
2024-08-20T21:11:36.595-0300 [DEBUG] [org.gradle.cache.internal.DefaultFileLockManager] Releasing lock on daemon addresses registry.
2024-08-20T21:11:36.596-0300 [DEBUG] [org.gradle.cache.internal.DefaultFileLockManager] Waiting to acquire shared lock on daemon addresses registry.
2024-08-20T21:11:36.596-0300 [DEBUG] [org.gradle.cache.internal.DefaultFileLockManager] Lock acquired on daemon addresses registry.
2024-08-20T21:11:36.596-0300 [DEBUG] [org.gradle.cache.internal.DefaultFileLockManager] Releasing lock on daemon addresses registry.
2024-08-20T21:11:36.874-0300 [DEBUG] [org.gradle.process.internal.health.memory.DefaultMemoryManager] 826022707 physical memory requested, 399589376 free
2024-08-20T21:11:36.875-0300 [DEBUG] [org.gradle.workers.internal.WorkerDaemonExpiration] Will attempt to release 787 of memory
2024-08-20T21:11:36.875-0300 [DEBUG] [org.gradle.process.internal.health.memory.DefaultMemoryManager] 826022707 physical memory requested, 0 released, 399589376 free
2024-08-20T21:11:41.873-0300 [DEBUG] [org.gradle.process.internal.health.memory.DefaultMemoryManager] 826022707 physical memory requested, 394977280 free
2024-08-20T21:11:41.873-0300 [DEBUG] [org.gradle.workers.internal.WorkerDaemonExpiration] Will attempt to release 787 of memory
2024-08-20T21:11:41.873-0300 [DEBUG] [org.gradle.process.internal.health.memory.DefaultMemoryManager] 826022707 physical memory requested, 0 released, 394977280 free
2024-08-20T21:11:46.589-0300 [DEBUG] [org.gradle.cache.internal.DefaultFileLockManager] Waiting to acquire shared lock on daemon addresses registry.
2024-08-20T21:11:46.589-0300 [DEBUG] [org.gradle.cache.internal.DefaultFileLockManager] Lock acquired on daemon addresses registry.
2024-08-20T21:11:46.589-0300 [DEBUG] [org.gradle.cache.internal.DefaultFileLockManager] Releasing lock on daemon addresses registry.
2024-08-20T21:11:46.590-0300 [DEBUG] [org.gradle.cache.internal.DefaultFileLockManager] Waiting to acquire shared lock on daemon addresses registry.
2024-08-20T21:11:46.590-0300 [DEBUG] [org.gradle.cache.internal.DefaultFileLockManager] Lock acquired on daemon addresses registry.
2024-08-20T21:11:46.590-0300 [DEBUG] [org.gradle.cache.internal.DefaultFileLockManager] Releasing lock on daemon addresses registry.
2024-08-20T21:11:46.591-0300 [DEBUG] [org.gradle.cache.internal.DefaultFileLockManager] Waiting to acquire shared lock on daemon addresses registry.
2024-08-20T21:11:46.591-0300 [DEBUG] [org.gradle.cache.internal.DefaultFileLockManager] Lock acquired on daemon addresses registry.
2024-08-20T21:11:46.591-0300 [DEBUG] [org.gradle.cache.internal.DefaultFileLockManager] Releasing lock on daemon addresses registry.
2024-08-20T21:11:46.873-0300 [DEBUG] [org.gradle.process.internal.health.memory.DefaultMemoryManager] 826022707 physical memory requested, 390991872 free
2024-08-20T21:11:46.873-0300 [DEBUG] [org.gradle.workers.internal.WorkerDaemonExpiration] Will attempt to release 787 of memory
2024-08-20T21:11:46.874-0300 [DEBUG] [org.gradle.process.internal.health.memory.DefaultMemoryManager] 826022707 physical memory requested, 0 released, 390991872 free
2024-08-20T21:11:51.874-0300 [DEBUG] [org.gradle.process.internal.health.memory.DefaultMemoryManager] 826022707 physical memory requested, 387837952 free
2024-08-20T21:11:51.874-0300 [DEBUG] [org.gradle.workers.internal.WorkerDaemonExpiration] Will attempt to release 787 of memory
2024-08-20T21:11:51.874-0300 [DEBUG] [org.gradle.process.internal.health.memory.DefaultMemoryManager] 826022707 physical memory requested, 0 released, 387837952 free
2024-08-20T21:11:56.596-0300 [DEBUG] [org.gradle.cache.internal.DefaultFileLockManager] Waiting to acquire shared lock on daemon addresses registry.
2024-08-20T21:11:56.596-0300 [DEBUG] [org.gradle.cache.internal.DefaultFileLockManager] Lock acquired on daemon addresses registry.
2024-08-20T21:11:56.596-0300 [DEBUG] [org.gradle.cache.internal.DefaultFileLockManager] Releasing lock on daemon addresses registry.
2024-08-20T21:11:56.596-0300 [DEBUG] [org.gradle.cache.internal.DefaultFileLockManager] Waiting to acquire shared lock on daemon addresses registry.
2024-08-20T21:11:56.596-0300 [DEBUG] [org.gradle.cache.internal.DefaultFileLockManager] Lock acquired on daemon addresses registry.
2024-08-20T21:11:56.597-0300 [DEBUG] [org.gradle.cache.internal.DefaultFileLockManager] Releasing lock on daemon addresses registry.
2024-08-20T21:11:56.597-0300 [DEBUG] [org.gradle.cache.internal.DefaultFileLockManager] Waiting to acquire shared lock on daemon addresses registry.
2024-08-20T21:11:56.597-0300 [DEBUG] [org.gradle.cache.internal.DefaultFileLockManager] Lock acquired on daemon addresses registry.
2024-08-20T21:11:56.597-0300 [DEBUG] [org.gradle.cache.internal.DefaultFileLockManager] Releasing lock on daemon addresses registry.
2024-08-20T21:11:56.865-0300 [DEBUG] [org.gradle.process.internal.health.memory.DefaultMemoryManager] 826022707 physical memory requested, 409444352 free
2024-08-20T21:11:56.865-0300 [DEBUG] [org.gradle.workers.internal.WorkerDaemonExpiration] Will attempt to release 787 of memory
2024-08-20T21:11:56.865-0300 [DEBUG] [org.gradle.process.internal.health.memory.DefaultMemoryManager] 826022707 physical memory requested, 0 released, 409444352 free
2024-08-20T21:12:01.875-0300 [DEBUG] [org.gradle.process.internal.health.memory.DefaultMemoryManager] 826022707 physical memory requested, 407105536 free
2024-08-20T21:12:01.875-0300 [DEBUG] [org.gradle.workers.internal.WorkerDaemonExpiration] Will attempt to release 787 of memory
2024-08-20T21:12:01.875-0300 [DEBUG] [org.gradle.process.internal.health.memory.DefaultMemoryManager] 826022707 physical memory requested, 0 released, 407105536 free
2024-08-20T21:12:06.592-0300 [DEBUG] [org.gradle.cache.internal.DefaultFileLockManager] Waiting to acquire shared lock on daemon addresses registry.
2024-08-20T21:12:06.592-0300 [DEBUG] [org.gradle.cache.internal.DefaultFileLockManager] Lock acquired on daemon addresses registry.
2024-08-20T21:12:06.592-0300 [DEBUG] [org.gradle.cache.internal.DefaultFileLockManager] Releasing lock on daemon addresses registry.
2024-08-20T21:12:06.592-0300 [DEBUG] [org.gradle.cache.internal.DefaultFileLockManager] Waiting to acquire shared lock on daemon addresses registry.
2024-08-20T21:12:06.592-0300 [DEBUG] [org.gradle.cache.internal.DefaultFileLockManager] Lock acquired on daemon addresses registry.
2024-08-20T21:12:06.593-0300 [DEBUG] [org.gradle.cache.internal.DefaultFileLockManager] Releasing lock on daemon addresses registry.
2024-08-20T21:12:06.593-0300 [DEBUG] [org.gradle.cache.internal.DefaultFileLockManager] Waiting to acquire shared lock on daemon addresses registry.
2024-08-20T21:12:06.593-0300 [DEBUG] [org.gradle.cache.internal.DefaultFileLockManager] Lock acquired on daemon addresses registry.
2024-08-20T21:12:06.593-0300 [DEBUG] [org.gradle.cache.internal.DefaultFileLockManager] Releasing lock on daemon addresses registry.
2024-08-20T21:12:06.873-0300 [DEBUG] [org.gradle.process.internal.health.memory.DefaultMemoryManager] 826022707 physical memory requested, 409300992 free
2024-08-20T21:12:06.873-0300 [DEBUG] [org.gradle.workers.internal.WorkerDaemonExpiration] Will attempt to release 787 of memory
2024-08-20T21:12:06.874-0300 [DEBUG] [org.gradle.process.internal.health.memory.DefaultMemoryManager] 826022707 physical memory requested, 0 released, 409300992 free
2024-08-20T21:12:11.868-0300 [DEBUG] [org.gradle.process.internal.health.memory.DefaultMemoryManager] 826022707 physical memory requested, 403812352 free
2024-08-20T21:12:11.868-0300 [DEBUG] [org.gradle.workers.internal.WorkerDaemonExpiration] Will attempt to release 787 of memory
2024-08-20T21:12:11.868-0300 [DEBUG] [org.gradle.process.internal.health.memory.DefaultMemoryManager] 826022707 physical memory requested, 0 released, 403812352 free
2024-08-20T21:12:16.592-0300 [DEBUG] [org.gradle.cache.internal.DefaultFileLockManager] Waiting to acquire shared lock on daemon addresses registry.
2024-08-20T21:12:16.593-0300 [DEBUG] [org.gradle.cache.internal.DefaultFileLockManager] Lock acquired on daemon addresses registry.
2024-08-20T21:12:16.593-0300 [DEBUG] [org.gradle.cache.internal.DefaultFileLockManager] Releasing lock on daemon addresses registry.
2024-08-20T21:12:16.593-0300 [DEBUG] [org.gradle.cache.internal.DefaultFileLockManager] Waiting to acquire shared lock on daemon addresses registry.
2024-08-20T21:12:16.593-0300 [DEBUG] [org.gradle.cache.internal.DefaultFileLockManager] Lock acquired on daemon addresses registry.
2024-08-20T21:12:16.593-0300 [DEBUG] [org.gradle.cache.internal.DefaultFileLockManager] Releasing lock on daemon addresses registry.
2024-08-20T21:12:16.594-0300 [DEBUG] [org.gradle.cache.internal.DefaultFileLockManager] Waiting to acquire shared lock on daemon addresses registry.
2024-08-20T21:12:16.594-0300 [DEBUG] [org.gradle.cache.internal.DefaultFileLockManager] Lock acquired on daemon addresses registry.
2024-08-20T21:12:16.594-0300 [DEBUG] [org.gradle.cache.internal.DefaultFileLockManager] Releasing lock on daemon addresses registry.
2024-08-20T21:12:16.875-0300 [DEBUG] [org.gradle.process.internal.health.memory.DefaultMemoryManager] 826022707 physical memory requested, 403849216 free
2024-08-20T21:12:16.875-0300 [DEBUG] [org.gradle.workers.internal.WorkerDaemonExpiration] Will attempt to release 787 of memory
2024-08-20T21:12:16.875-0300 [DEBUG] [org.gradle.process.internal.health.memory.DefaultMemoryManager] 826022707 physical memory requested, 0 released, 403849216 free
2024-08-20T21:12:21.870-0300 [DEBUG] [org.gradle.process.internal.health.memory.DefaultMemoryManager] 826022707 physical memory requested, 405798912 free
2024-08-20T21:12:21.870-0300 [DEBUG] [org.gradle.workers.internal.WorkerDaemonExpiration] Will attempt to release 787 of memory
2024-08-20T21:12:21.870-0300 [DEBUG] [org.gradle.process.internal.health.memory.DefaultMemoryManager] 826022707 physical memory requested, 0 released, 405798912 free
2024-08-20T21:12:26.604-0300 [DEBUG] [org.gradle.cache.internal.DefaultFileLockManager] Waiting to acquire shared lock on daemon addresses registry.
2024-08-20T21:12:26.605-0300 [DEBUG] [org.gradle.cache.internal.DefaultFileLockManager] Lock acquired on daemon addresses registry.
2024-08-20T21:12:26.605-0300 [DEBUG] [org.gradle.cache.internal.DefaultFileLockManager] Releasing lock on daemon addresses registry.
2024-08-20T21:12:26.606-0300 [DEBUG] [org.gradle.cache.internal.DefaultFileLockManager] Waiting to acquire shared lock on daemon addresses registry.
2024-08-20T21:12:26.606-0300 [DEBUG] [org.gradle.cache.internal.DefaultFileLockManager] Lock acquired on daemon addresses registry.
2024-08-20T21:12:26.606-0300 [DEBUG] [org.gradle.cache.internal.DefaultFileLockManager] Releasing lock on daemon addresses registry.
2024-08-20T21:12:26.607-0300 [DEBUG] [org.gradle.cache.internal.DefaultFileLockManager] Waiting to acquire shared lock on daemon addresses registry.
2024-08-20T21:12:26.607-0300 [DEBUG] [org.gradle.cache.internal.DefaultFileLockManager] Lock acquired on daemon addresses registry.
2024-08-20T21:12:26.607-0300 [DEBUG] [org.gradle.cache.internal.DefaultFileLockManager] Releasing lock on daemon addresses registry.
2024-08-20T21:12:26.872-0300 [DEBUG] [org.gradle.process.internal.health.memory.DefaultMemoryManager] 826022707 physical memory requested, 415707136 free
2024-08-20T21:12:26.872-0300 [DEBUG] [org.gradle.workers.internal.WorkerDaemonExpiration] Will attempt to release 787 of memory
2024-08-20T21:12:26.872-0300 [DEBUG] [org.gradle.process.internal.health.memory.DefaultMemoryManager] 826022707 physical memory requested, 0 released, 415707136 free
2024-08-20T21:12:31.872-0300 [DEBUG] [org.gradle.process.internal.health.memory.DefaultMemoryManager] 826022707 physical memory requested, 389197824 free
2024-08-20T21:12:31.873-0300 [DEBUG] [org.gradle.workers.internal.WorkerDaemonExpiration] Will attempt to release 787 of memory
2024-08-20T21:12:31.873-0300 [DEBUG] [org.gradle.process.internal.health.memory.DefaultMemoryManager] 826022707 physical memory requested, 0 released, 389197824 free
2024-08-20T21:12:36.596-0300 [DEBUG] [org.gradle.cache.internal.DefaultFileLockManager] Waiting to acquire shared lock on daemon addresses registry.
2024-08-20T21:12:36.596-0300 [DEBUG] [org.gradle.cache.internal.DefaultFileLockManager] Lock acquired on daemon addresses registry.
2024-08-20T21:12:36.597-0300 [DEBUG] [org.gradle.cache.internal.DefaultFileLockManager] Releasing lock on daemon addresses registry.
2024-08-20T21:12:36.597-0300 [DEBUG] [org.gradle.cache.internal.DefaultFileLockManager] Waiting to acquire shared lock on daemon addresses registry.
2024-08-20T21:12:36.597-0300 [DEBUG] [org.gradle.cache.internal.DefaultFileLockManager] Lock acquired on daemon addresses registry.
2024-08-20T21:12:36.597-0300 [DEBUG] [org.gradle.cache.internal.DefaultFileLockManager] Releasing lock on daemon addresses registry.
2024-08-20T21:12:36.597-0300 [DEBUG] [org.gradle.cache.internal.DefaultFileLockManager] Waiting to acquire shared lock on daemon addresses registry.
2024-08-20T21:12:36.598-0300 [DEBUG] [org.gradle.cache.internal.DefaultFileLockManager] Lock acquired on daemon addresses registry.
2024-08-20T21:12:36.598-0300 [DEBUG] [org.gradle.cache.internal.DefaultFileLockManager] Releasing lock on daemon addresses registry.
2024-08-20T21:12:36.864-0300 [DEBUG] [org.gradle.process.internal.health.memory.DefaultMemoryManager] 826022707 physical memory requested, 382500864 free
2024-08-20T21:12:36.864-0300 [DEBUG] [org.gradle.workers.internal.WorkerDaemonExpiration] Will attempt to release 787 of memory
2024-08-20T21:12:36.864-0300 [DEBUG] [org.gradle.process.internal.health.memory.DefaultMemoryManager] 826022707 physical memory requested, 0 released, 382500864 free
2024-08-20T21:12:41.878-0300 [DEBUG] [org.gradle.process.internal.health.memory.DefaultMemoryManager] 826022707 physical memory requested, 317333504 free
2024-08-20T21:12:41.878-0300 [DEBUG] [org.gradle.workers.internal.WorkerDaemonExpiration] Will attempt to release 787 of memory
2024-08-20T21:12:41.878-0300 [DEBUG] [org.gradle.process.internal.health.memory.DefaultMemoryManager] 826022707 physical memory requested, 0 released, 317333504 free
2024-08-20T21:12:46.596-0300 [DEBUG] [org.gradle.cache.internal.DefaultFileLockManager] Waiting to acquire shared lock on daemon addresses registry.
2024-08-20T21:12:46.596-0300 [DEBUG] [org.gradle.cache.internal.DefaultFileLockManager] Lock acquired on daemon addresses registry.
2024-08-20T21:12:46.597-0300 [DEBUG] [org.gradle.cache.internal.DefaultFileLockManager] Releasing lock on daemon addresses registry.
2024-08-20T21:12:46.599-0300 [DEBUG] [org.gradle.cache.internal.DefaultFileLockManager] Waiting to acquire shared lock on daemon addresses registry.
2024-08-20T21:12:46.600-0300 [DEBUG] [org.gradle.cache.internal.DefaultFileLockManager] Lock acquired on daemon addresses registry.
2024-08-20T21:12:46.600-0300 [DEBUG] [org.gradle.cache.internal.DefaultFileLockManager] Releasing lock on daemon addresses registry.
2024-08-20T21:12:46.601-0300 [DEBUG] [org.gradle.cache.internal.DefaultFileLockManager] Waiting to acquire shared lock on daemon addresses registry.
2024-08-20T21:12:46.601-0300 [DEBUG] [org.gradle.cache.internal.DefaultFileLockManager] Lock acquired on daemon addresses registry.
2024-08-20T21:12:46.602-0300 [DEBUG] [org.gradle.cache.internal.DefaultFileLockManager] Releasing lock on daemon addresses registry.
2024-08-20T21:12:46.880-0300 [DEBUG] [org.gradle.process.internal.health.memory.DefaultMemoryManager] 826022707 physical memory requested, 401231872 free
2024-08-20T21:12:46.880-0300 [DEBUG] [org.gradle.workers.internal.WorkerDaemonExpiration] Will attempt to release 787 of memory
2024-08-20T21:12:46.880-0300 [DEBUG] [org.gradle.process.internal.health.memory.DefaultMemoryManager] 826022707 physical memory requested, 0 released, 401231872 free
2024-08-20T21:12:51.864-0300 [DEBUG] [org.gradle.process.internal.health.memory.DefaultMemoryManager] 826022707 physical memory requested, 691212288 free
2024-08-20T21:12:51.864-0300 [DEBUG] [org.gradle.workers.internal.WorkerDaemonExpiration] Will attempt to release 787 of memory
2024-08-20T21:12:51.864-0300 [DEBUG] [org.gradle.process.internal.health.memory.DefaultMemoryManager] 826022707 physical memory requested, 0 released, 691212288 free
2024-08-20T21:12:56.588-0300 [DEBUG] [org.gradle.cache.internal.DefaultFileLockManager] Waiting to acquire shared lock on daemon addresses registry.
2024-08-20T21:12:56.588-0300 [DEBUG] [org.gradle.cache.internal.DefaultFileLockManager] Lock acquired on daemon addresses registry.
2024-08-20T21:12:56.588-0300 [DEBUG] [org.gradle.cache.internal.DefaultFileLockManager] Releasing lock on daemon addresses registry.
2024-08-20T21:12:56.589-0300 [DEBUG] [org.gradle.cache.internal.DefaultFileLockManager] Waiting to acquire shared lock on daemon addresses registry.
2024-08-20T21:12:56.589-0300 [DEBUG] [org.gradle.cache.internal.DefaultFileLockManager] Lock acquired on daemon addresses registry.
2024-08-20T21:12:56.590-0300 [DEBUG] [org.gradle.cache.internal.DefaultFileLockManager] Releasing lock on daemon addresses registry.
2024-08-20T21:12:56.590-0300 [DEBUG] [org.gradle.cache.internal.DefaultFileLockManager] Waiting to acquire shared lock on daemon addresses registry.
2024-08-20T21:12:56.590-0300 [DEBUG] [org.gradle.cache.internal.DefaultFileLockManager] Lock acquired on daemon addresses registry.
2024-08-20T21:12:56.590-0300 [DEBUG] [org.gradle.cache.internal.DefaultFileLockManager] Releasing lock on daemon addresses registry.
2024-08-20T21:12:56.870-0300 [DEBUG] [org.gradle.process.internal.health.memory.DefaultMemoryManager] 826022707 physical memory requested, 750141440 free
2024-08-20T21:12:56.870-0300 [DEBUG] [org.gradle.workers.internal.WorkerDaemonExpiration] Will attempt to release 787 of memory
2024-08-20T21:12:56.870-0300 [DEBUG] [org.gradle.process.internal.health.memory.DefaultMemoryManager] 826022707 physical memory requested, 0 released, 750141440 free
2024-08-20T21:13:01.100-0300 [DEBUG] [org.gradle.internal.remote.internal.inet.TcpIncomingConnector] Accepted connection from /127.0.0.1:49995 to /127.0.0.1:49942.
2024-08-20T21:13:01.106-0300 [DEBUG] [org.gradle.launcher.daemon.server.SynchronizedDispatchConnection] thread 173: received class org.gradle.launcher.daemon.protocol.StopWhenIdle
2024-08-20T21:13:01.106-0300 [DEBUG] [org.gradle.launcher.daemon.server.DefaultDaemonConnection] thread 173: Received non-IO message from client: StopWhenIdle[id=7fea18e7-c5c7-482d-9558-3b69d59157d2]
2024-08-20T21:13:01.107-0300 [INFO] [org.gradle.launcher.daemon.server.DefaultIncomingConnectionHandler] Received command: StopWhenIdle[id=7fea18e7-c5c7-482d-9558-3b69d59157d2].
2024-08-20T21:13:01.107-0300 [DEBUG] [org.gradle.launcher.daemon.server.DefaultIncomingConnectionHandler] Starting executing command: StopWhenIdle[id=7fea18e7-c5c7-482d-9558-3b69d59157d2] with connection: socket connection from /127.0.0.1:49942 to /127.0.0.1:49995.
2024-08-20T21:13:01.107-0300 [DEBUG] [org.gradle.launcher.daemon.server.DaemonRegistryUpdater] Storing daemon stop event: stop command received
2024-08-20T21:13:01.107-0300 [DEBUG] [org.gradle.launcher.daemon.registry.PersistentDaemonRegistry] Storing daemon stop event with timestamp 1724199181108
2024-08-20T21:13:01.108-0300 [DEBUG] [org.gradle.cache.internal.DefaultFileLockManager] Waiting to acquire exclusive lock on daemon addresses registry.
2024-08-20T21:13:01.108-0300 [DEBUG] [org.gradle.cache.internal.DefaultFileLockManager] Lock acquired on daemon addresses registry.
2024-08-20T21:13:01.109-0300 [DEBUG] [org.gradle.cache.internal.DefaultFileLockManager] Releasing lock on daemon addresses registry.
2024-08-20T21:13:01.110-0300 [LIFECYCLE] [org.gradle.launcher.daemon.server.DaemonStateCoordinator] Daemon will be stopped at the end of the build stop command received
2024-08-20T21:13:01.110-0300 [DEBUG] [org.gradle.launcher.daemon.server.DaemonStateCoordinator] Marking daemon stopped due to stop command received. The daemon is running a build: false
2024-08-20T21:13:01.110-0300 [DEBUG] [org.gradle.launcher.daemon.server.DaemonStateCoordinator] daemon has stopped.
2024-08-20T21:13:01.110-0300 [DEBUG] [org.gradle.launcher.daemon.server.Daemon] stop() called on daemon
2024-08-20T21:13:01.110-0300 [INFO] [org.gradle.launcher.daemon.server.Daemon] Stop requested. Daemon is removing its presence from the registry...
2024-08-20T21:13:01.110-0300 [DEBUG] [org.gradle.launcher.daemon.server.SynchronizedDispatchConnection] thread 172: dispatching Success[value=null]
2024-08-20T21:13:01.110-0300 [DEBUG] [org.gradle.launcher.daemon.server.DaemonRegistryUpdater] Removing our presence to clients, eg. removing this address from the registry: [40c693c8-b4f9-4882-81cb-d037ee161424 port:49942, addresses:[localhost/127.0.0.1]]
2024-08-20T21:13:01.110-0300 [DEBUG] [org.gradle.launcher.daemon.registry.PersistentDaemonRegistry] Removing daemon address: [40c693c8-b4f9-4882-81cb-d037ee161424 port:49942, addresses:[localhost/127.0.0.1]]
2024-08-20T21:13:01.110-0300 [DEBUG] [org.gradle.launcher.daemon.server.DefaultIncomingConnectionHandler] Finishing executing command: StopWhenIdle[id=7fea18e7-c5c7-482d-9558-3b69d59157d2]
2024-08-20T21:13:01.111-0300 [DEBUG] [org.gradle.launcher.daemon.server.SynchronizedDispatchConnection] thread 173: received class org.gradle.launcher.daemon.protocol.Finished
2024-08-20T21:13:01.111-0300 [DEBUG] [org.gradle.cache.internal.DefaultFileLockManager] Waiting to acquire exclusive lock on daemon addresses registry.
2024-08-20T21:13:01.111-0300 [DEBUG] [org.gradle.launcher.daemon.server.DefaultDaemonConnection] thread 173: Received non-IO message from client: org.gradle.launcher.daemon.protocol.Finished@1cf7b7ca
2024-08-20T21:13:01.112-0300 [DEBUG] [org.gradle.launcher.daemon.server.DefaultIncomingConnectionHandler] Received finished message: org.gradle.launcher.daemon.protocol.Finished@1cf7b7ca
2024-08-20T21:13:01.112-0300 [DEBUG] [org.gradle.launcher.daemon.server.SynchronizedDispatchConnection] thread 172: stopping connection
2024-08-20T21:13:01.112-0300 [DEBUG] [org.gradle.internal.remote.internal.inet.SocketConnection] Discarding EOFException: java.io.EOFException
2024-08-20T21:13:01.112-0300 [DEBUG] [org.gradle.launcher.daemon.server.SynchronizedDispatchConnection] thread 173: received null
2024-08-20T21:13:01.112-0300 [DEBUG] [org.gradle.launcher.daemon.server.DefaultDaemonConnection] thread 173: Received end-of-input from client.
2024-08-20T21:13:01.112-0300 [DEBUG] [org.gradle.cache.internal.DefaultFileLockManager] Lock acquired on daemon addresses registry.
2024-08-20T21:13:01.112-0300 [DEBUG] [org.gradle.launcher.daemon.server.SynchronizedDispatchConnection] thread 172: stopping connection
2024-08-20T21:13:01.113-0300 [DEBUG] [org.gradle.cache.internal.DefaultFileLockManager] Releasing lock on daemon addresses registry.
2024-08-20T21:13:01.114-0300 [DEBUG] [org.gradle.launcher.daemon.server.DaemonRegistryUpdater] Address removed from registry.
2024-08-20T21:13:01.122-0300 [DEBUG] [org.gradle.cache.internal.LockOnDemandCrossProcessCacheAccess] Releasing file lock for jars (C:\Users\Felipe\AndroidStudioProjects\CakeStock\caches\jars-9)
2024-08-20T21:13:01.123-0300 [DEBUG] [org.gradle.cache.internal.DefaultFileLockManager] Releasing lock on jars (C:\Users\Felipe\AndroidStudioProjects\CakeStock\caches\jars-9).
2024-08-20T21:13:01.123-0300 [DEBUG] [org.gradle.cache.internal.DefaultPersistentDirectoryStore] jars (C:\Users\Felipe\AndroidStudioProjects\CakeStock\caches\jars-9) has last been fully cleaned up 0 hours ago
2024-08-20T21:13:01.124-0300 [DEBUG] [org.gradle.cache.internal.LockOnDemandCrossProcessCacheAccess] Releasing file lock for file content cache (C:\Users\Felipe\AndroidStudioProjects\CakeStock\caches\8.6\fileContent)
2024-08-20T21:13:01.124-0300 [DEBUG] [org.gradle.cache.internal.DefaultFileLockManager] Releasing lock on file content cache (C:\Users\Felipe\AndroidStudioProjects\CakeStock\caches\8.6\fileContent).
2024-08-20T21:13:01.125-0300 [DEBUG] [org.gradle.internal.watch.vfs.impl.WatchingVirtualFileSystem] Closing VFS, dropping state
2024-08-20T21:13:01.129-0300 [DEBUG] [org.gradle.internal.watch.registry.impl.DefaultFileWatcherRegistry] Finished listening to file system change events
2024-08-20T21:13:01.129-0300 [DEBUG] [org.gradle.cache.internal.LockOnDemandCrossProcessCacheAccess] Releasing file lock for Generated Gradle JARs cache (C:\Users\Felipe\AndroidStudioProjects\CakeStock\caches\8.6\generated-gradle-jars)
2024-08-20T21:13:01.129-0300 [DEBUG] [org.gradle.cache.internal.DefaultFileLockManager] Releasing lock on Generated Gradle JARs cache (C:\Users\Felipe\AndroidStudioProjects\CakeStock\caches\8.6\generated-gradle-jars).
2024-08-20T21:13:01.130-0300 [DEBUG] [org.gradle.cache.internal.DefaultPersistentDirectoryStore] Artifact transforms cache (C:\Users\Felipe\AndroidStudioProjects\CakeStock\caches\transforms-4) has last been fully cleaned up 0 hours ago
2024-08-20T21:13:01.130-0300 [DEBUG] [org.gradle.cache.internal.DefaultCacheCoordinator] Cache Artifact transforms cache (C:\Users\Felipe\AndroidStudioProjects\CakeStock\caches\transforms-4) was closed 0 times.
2024-08-20T21:13:01.130-0300 [DEBUG] [org.gradle.cache.internal.LockOnDemandCrossProcessCacheAccess] Releasing file lock for artifact cache (C:\Users\Felipe\AndroidStudioProjects\CakeStock\caches\modules-2)
2024-08-20T21:13:01.130-0300 [DEBUG] [org.gradle.cache.internal.btree.BTreePersistentIndexedCache] Closing cache module-artifact.bin (C:\Users\Felipe\AndroidStudioProjects\CakeStock\caches\modules-2\metadata-2.106\module-artifact.bin)
2024-08-20T21:13:01.131-0300 [DEBUG] [org.gradle.cache.internal.btree.BTreePersistentIndexedCache] Closing cache resource-at-url.bin (C:\Users\Felipe\AndroidStudioProjects\CakeStock\caches\modules-2\metadata-2.106\resource-at-url.bin)
2024-08-20T21:13:01.131-0300 [DEBUG] [org.gradle.cache.internal.btree.BTreePersistentIndexedCache] Closing cache module-metadata.bin (C:\Users\Felipe\AndroidStudioProjects\CakeStock\caches\modules-2\metadata-2.106\module-metadata.bin)
2024-08-20T21:13:01.131-0300 [DEBUG] [org.gradle.cache.internal.btree.BTreePersistentIndexedCache] Closing cache module-artifacts.bin (C:\Users\Felipe\AndroidStudioProjects\CakeStock\caches\modules-2\metadata-2.106\module-artifacts.bin)
2024-08-20T21:13:01.131-0300 [DEBUG] [org.gradle.cache.internal.DefaultFileLockManager] Releasing lock on artifact cache (C:\Users\Felipe\AndroidStudioProjects\CakeStock\caches\modules-2).
2024-08-20T21:13:01.132-0300 [DEBUG] [org.gradle.cache.internal.DefaultPersistentDirectoryStore] artifact cache (C:\Users\Felipe\AndroidStudioProjects\CakeStock\caches\modules-2) has last been fully cleaned up 0 hours ago
2024-08-20T21:13:01.132-0300 [DEBUG] [org.gradle.cache.internal.DefaultPersistentDirectoryStore] kotlin-dsl (C:\Users\Felipe\AndroidStudioProjects\CakeStock\caches\8.6\kotlin-dsl) has last been fully cleaned up 0 hours ago
2024-08-20T21:13:01.132-0300 [DEBUG] [org.gradle.cache.internal.DefaultCacheCoordinator] Cache kotlin-dsl (C:\Users\Felipe\AndroidStudioProjects\CakeStock\caches\8.6\kotlin-dsl) was closed 0 times.
2024-08-20T21:13:01.133-0300 [DEBUG] [org.gradle.cache.internal.LockOnDemandCrossProcessCacheAccess] Releasing file lock for journal cache (C:\Users\Felipe\AndroidStudioProjects\CakeStock\caches\journal-1)
2024-08-20T21:13:01.133-0300 [DEBUG] [org.gradle.cache.internal.btree.BTreePersistentIndexedCache] Closing cache file-access.bin (C:\Users\Felipe\AndroidStudioProjects\CakeStock\caches\journal-1\file-access.bin)
2024-08-20T21:13:01.133-0300 [DEBUG] [org.gradle.cache.internal.DefaultFileLockManager] Releasing lock on journal cache (C:\Users\Felipe\AndroidStudioProjects\CakeStock\caches\journal-1).
2024-08-20T21:13:01.134-0300 [DEBUG] [org.gradle.cache.internal.LockOnDemandCrossProcessCacheAccess] Releasing file lock for file hash cache (C:\Users\Felipe\AndroidStudioProjects\CakeStock\caches\8.6\fileHashes)
2024-08-20T21:13:01.134-0300 [DEBUG] [org.gradle.cache.internal.btree.BTreePersistentIndexedCache] Closing cache fileHashes.bin (C:\Users\Felipe\AndroidStudioProjects\CakeStock\caches\8.6\fileHashes\fileHashes.bin)
2024-08-20T21:13:01.134-0300 [DEBUG] [org.gradle.cache.internal.btree.BTreePersistentIndexedCache] Closing cache resourceHashesCache.bin (C:\Users\Felipe\AndroidStudioProjects\CakeStock\caches\8.6\fileHashes\resourceHashesCache.bin)
2024-08-20T21:13:01.134-0300 [DEBUG] [org.gradle.cache.internal.DefaultFileLockManager] Releasing lock on file hash cache (C:\Users\Felipe\AndroidStudioProjects\CakeStock\caches\8.6\fileHashes).
2024-08-20T21:13:01.136-0300 [DEBUG] [org.gradle.launcher.daemon.registry.PersistentDaemonRegistry] Daemon vm is shutting down... The daemon has exited normally or was terminated in response to a user interrupt.
Removing daemon address: [40c693c8-b4f9-4882-81cb-d037ee161424 port:49942, addresses:[localhost/127.0.0.1]]
2024-08-20T21:13:01.137-0300 [DEBUG] [org.gradle.cache.internal.DefaultFileLockManager] Waiting to acquire exclusive lock on daemon addresses registry.
2024-08-20T21:13:01.137-0300 [DEBUG] [org.gradle.cache.internal.DefaultFileLockManager] Lock acquired on daemon addresses registry.
2024-08-20T21:13:01.138-0300 [DEBUG] [org.gradle.cache.internal.DefaultFileLockManager] Releasing lock on daemon addresses registry.
